[2025-08-03T10:55:01.066+0000] {logging_mixin.py:151} INFO - Changing /opt/airflow/logs/dag_id=train_predict_to_db/run_id=scheduled__2025-08-03T10:54:00+00:00/task_id=fetch_training_data permission to 509
[2025-08-03T10:55:01.067+0000] {logging_mixin.py:151} INFO - Failed to change /opt/airflow/logs/dag_id=train_predict_to_db/run_id=scheduled__2025-08-03T10:54:00+00:00/task_id=fetch_training_data permission to 509: [Errno 1] Operation not permitted: '/opt/airflow/logs/dag_id=train_predict_to_db/run_id=scheduled__2025-08-03T10:54:00+00:00/task_id=fetch_training_data'
[2025-08-03T10:55:01.113+0000] {logging_mixin.py:151} INFO - Changing /opt/airflow/logs/dag_id=train_predict_to_db/run_id=scheduled__2025-08-03T10:54:00+00:00/task_id=fetch_training_data permission to 509
[2025-08-03T10:55:01.116+0000] {logging_mixin.py:151} INFO - Failed to change /opt/airflow/logs/dag_id=train_predict_to_db/run_id=scheduled__2025-08-03T10:54:00+00:00/task_id=fetch_training_data permission to 509: [Errno 1] Operation not permitted: '/opt/airflow/logs/dag_id=train_predict_to_db/run_id=scheduled__2025-08-03T10:54:00+00:00/task_id=fetch_training_data'
[2025-08-03T10:55:01.160+0000] {taskinstance.py:1159} INFO - Dependencies all met for dep_context=non-requeueable deps ti=<TaskInstance: train_predict_to_db.fetch_training_data scheduled__2025-08-03T10:54:00+00:00 [queued]>
[2025-08-03T10:55:01.175+0000] {taskinstance.py:1159} INFO - Dependencies all met for dep_context=requeueable deps ti=<TaskInstance: train_predict_to_db.fetch_training_data scheduled__2025-08-03T10:54:00+00:00 [queued]>
[2025-08-03T10:55:01.176+0000] {taskinstance.py:1361} INFO - Starting attempt 1 of 2
[2025-08-03T10:55:01.197+0000] {taskinstance.py:1382} INFO - Executing <Task(PythonOperator): fetch_training_data> on 2025-08-03 10:54:00+00:00
[2025-08-03T10:55:01.209+0000] {standard_task_runner.py:57} INFO - Started process 1078 to run task
[2025-08-03T10:55:01.214+0000] {standard_task_runner.py:84} INFO - Running: ['airflow', 'tasks', 'run', 'train_predict_to_db', 'fetch_training_data', 'scheduled__2025-08-03T10:54:00+00:00', '--job-id', '96', '--raw', '--subdir', 'DAGS_FOLDER/train_predict_to_db_dag.py', '--cfg-path', '/tmp/tmpai07u1gl']
[2025-08-03T10:55:01.218+0000] {standard_task_runner.py:85} INFO - Job 96: Subtask fetch_training_data
[2025-08-03T10:55:01.287+0000] {logging_mixin.py:151} INFO - Changing /opt/airflow/logs/dag_id=train_predict_to_db/run_id=scheduled__2025-08-03T10:54:00+00:00/task_id=fetch_training_data permission to 509
[2025-08-03T10:55:01.288+0000] {logging_mixin.py:151} INFO - Failed to change /opt/airflow/logs/dag_id=train_predict_to_db/run_id=scheduled__2025-08-03T10:54:00+00:00/task_id=fetch_training_data permission to 509: [Errno 1] Operation not permitted: '/opt/airflow/logs/dag_id=train_predict_to_db/run_id=scheduled__2025-08-03T10:54:00+00:00/task_id=fetch_training_data'
[2025-08-03T10:55:01.291+0000] {task_command.py:416} INFO - Running <TaskInstance: train_predict_to_db.fetch_training_data scheduled__2025-08-03T10:54:00+00:00 [running]> on host 407839faddcf
[2025-08-03T10:55:01.397+0000] {taskinstance.py:1662} INFO - Exporting env vars: AIRFLOW_CTX_DAG_OWNER='airflow' AIRFLOW_CTX_DAG_ID='train_predict_to_db' AIRFLOW_CTX_TASK_ID='fetch_training_data' AIRFLOW_CTX_EXECUTION_DATE='2025-08-03T10:54:00+00:00' AIRFLOW_CTX_TRY_NUMBER='1' AIRFLOW_CTX_DAG_RUN_ID='scheduled__2025-08-03T10:54:00+00:00'
[2025-08-03T10:55:01.409+0000] {db_utils.py:17} INFO - Connected to PostgreSQL
[2025-08-03T10:55:02.399+0000] {train_predict_to_db_dag.py:29} INFO - Fetched training data tail:
            id  store  ...  productname                 created_at
100660  156100     66  ...    product_A 2025-08-03 10:54:15.494123
100661  156101     65  ...    product_A 2025-08-03 10:54:25.508145
100662  156102     64  ...    product_A 2025-08-03 10:54:35.514210
100663  156103     63  ...    product_A 2025-08-03 10:54:45.338634
100664  156104     62  ...    product_A 2025-08-03 10:54:55.361602

[5 rows x 12 columns]
[2025-08-03T10:55:02.429+0000] {python.py:194} INFO - Done. Returned value was: {'store': 370, 'start_date': '2025-05-05', 'end_date': '2025-08-03'}
[2025-08-03T10:55:02.461+0000] {taskinstance.py:1400} INFO - Marking task as SUCCESS. dag_id=train_predict_to_db, task_id=fetch_training_data, execution_date=20250803T105400, start_date=20250803T105501, end_date=20250803T105502
[2025-08-03T10:55:02.513+0000] {local_task_job_runner.py:228} INFO - Task exited with return code 0
[2025-08-03T10:55:02.546+0000] {taskinstance.py:2778} INFO - 1 downstream tasks scheduled from follow-on schedule check
