[2025-09-21T11:14:01.978+0000] {logging_mixin.py:151} INFO - Changing /opt/airflow/logs/dag_id=train_predict_to_db/run_id=scheduled__2025-09-21T11:13:00+00:00/task_id=fetch_training_data permission to 509
[2025-09-21T11:14:01.979+0000] {logging_mixin.py:151} INFO - Failed to change /opt/airflow/logs/dag_id=train_predict_to_db/run_id=scheduled__2025-09-21T11:13:00+00:00/task_id=fetch_training_data permission to 509: [Errno 1] Operation not permitted: '/opt/airflow/logs/dag_id=train_predict_to_db/run_id=scheduled__2025-09-21T11:13:00+00:00/task_id=fetch_training_data'
[2025-09-21T11:14:02.033+0000] {logging_mixin.py:151} INFO - Changing /opt/airflow/logs/dag_id=train_predict_to_db/run_id=scheduled__2025-09-21T11:13:00+00:00/task_id=fetch_training_data permission to 509
[2025-09-21T11:14:02.035+0000] {logging_mixin.py:151} INFO - Failed to change /opt/airflow/logs/dag_id=train_predict_to_db/run_id=scheduled__2025-09-21T11:13:00+00:00/task_id=fetch_training_data permission to 509: [Errno 1] Operation not permitted: '/opt/airflow/logs/dag_id=train_predict_to_db/run_id=scheduled__2025-09-21T11:13:00+00:00/task_id=fetch_training_data'
[2025-09-21T11:14:02.102+0000] {taskinstance.py:1159} INFO - Dependencies all met for dep_context=non-requeueable deps ti=<TaskInstance: train_predict_to_db.fetch_training_data scheduled__2025-09-21T11:13:00+00:00 [queued]>
[2025-09-21T11:14:02.120+0000] {taskinstance.py:1159} INFO - Dependencies all met for dep_context=requeueable deps ti=<TaskInstance: train_predict_to_db.fetch_training_data scheduled__2025-09-21T11:13:00+00:00 [queued]>
[2025-09-21T11:14:02.121+0000] {taskinstance.py:1361} INFO - Starting attempt 1 of 2
[2025-09-21T11:14:02.148+0000] {taskinstance.py:1382} INFO - Executing <Task(PythonOperator): fetch_training_data> on 2025-09-21 11:13:00+00:00
[2025-09-21T11:14:02.162+0000] {standard_task_runner.py:57} INFO - Started process 472 to run task
[2025-09-21T11:14:02.168+0000] {standard_task_runner.py:84} INFO - Running: ['airflow', 'tasks', 'run', 'train_predict_to_db', 'fetch_training_data', 'scheduled__2025-09-21T11:13:00+00:00', '--job-id', '27', '--raw', '--subdir', 'DAGS_FOLDER/train_predict_to_db_dag.py', '--cfg-path', '/tmp/tmpe7t7g15q']
[2025-09-21T11:14:02.174+0000] {standard_task_runner.py:85} INFO - Job 27: Subtask fetch_training_data
[2025-09-21T11:14:02.268+0000] {logging_mixin.py:151} INFO - Changing /opt/airflow/logs/dag_id=train_predict_to_db/run_id=scheduled__2025-09-21T11:13:00+00:00/task_id=fetch_training_data permission to 509
[2025-09-21T11:14:02.269+0000] {logging_mixin.py:151} INFO - Failed to change /opt/airflow/logs/dag_id=train_predict_to_db/run_id=scheduled__2025-09-21T11:13:00+00:00/task_id=fetch_training_data permission to 509: [Errno 1] Operation not permitted: '/opt/airflow/logs/dag_id=train_predict_to_db/run_id=scheduled__2025-09-21T11:13:00+00:00/task_id=fetch_training_data'
[2025-09-21T11:14:02.273+0000] {task_command.py:416} INFO - Running <TaskInstance: train_predict_to_db.fetch_training_data scheduled__2025-09-21T11:13:00+00:00 [running]> on host 36da5371e73d
[2025-09-21T11:14:02.428+0000] {taskinstance.py:1662} INFO - Exporting env vars: AIRFLOW_CTX_DAG_OWNER='airflow' AIRFLOW_CTX_DAG_ID='train_predict_to_db' AIRFLOW_CTX_TASK_ID='fetch_training_data' AIRFLOW_CTX_EXECUTION_DATE='2025-09-21T11:13:00+00:00' AIRFLOW_CTX_TRY_NUMBER='1' AIRFLOW_CTX_DAG_RUN_ID='scheduled__2025-09-21T11:13:00+00:00'
[2025-09-21T11:14:02.445+0000] {db_utils.py:17} INFO - Connected to PostgreSQL
[2025-09-21T11:14:04.251+0000] {train_predict_to_db_dag.py:29} INFO - Fetched training data tail:
            id  store  ...  productname                 created_at
100525  155965    466  ...    product_A 2025-09-21 11:13:17.420019
100526  155966    467  ...    product_A 2025-09-21 11:13:27.431095
100527  155967    461  ...    product_A 2025-09-21 11:13:38.311732
100528  155968    555  ...    product_A 2025-09-21 11:13:48.324436
100529  155969    278  ...    product_A 2025-09-21 11:13:58.344683

[5 rows x 12 columns]
[2025-09-21T11:14:04.324+0000] {python.py:194} INFO - Done. Returned value was: {'store': 370, 'start_date': '2025-06-23', 'end_date': '2025-09-21'}
[2025-09-21T11:14:04.436+0000] {taskinstance.py:1400} INFO - Marking task as SUCCESS. dag_id=train_predict_to_db, task_id=fetch_training_data, execution_date=20250921T111300, start_date=20250921T111402, end_date=20250921T111404
[2025-09-21T11:14:04.549+0000] {local_task_job_runner.py:228} INFO - Task exited with return code 0
[2025-09-21T11:14:04.603+0000] {taskinstance.py:2778} INFO - 1 downstream tasks scheduled from follow-on schedule check
