[2025-09-21T12:07:20.077+0000] {logging_mixin.py:151} INFO - Changing /opt/airflow/logs/dag_id=train_predict_to_db/run_id=scheduled__2025-09-21T12:06:00+00:00/task_id=fetch_training_data permission to 509
[2025-09-21T12:07:20.078+0000] {logging_mixin.py:151} INFO - Failed to change /opt/airflow/logs/dag_id=train_predict_to_db/run_id=scheduled__2025-09-21T12:06:00+00:00/task_id=fetch_training_data permission to 509: [Errno 1] Operation not permitted: '/opt/airflow/logs/dag_id=train_predict_to_db/run_id=scheduled__2025-09-21T12:06:00+00:00/task_id=fetch_training_data'
[2025-09-21T12:07:20.147+0000] {logging_mixin.py:151} INFO - Changing /opt/airflow/logs/dag_id=train_predict_to_db/run_id=scheduled__2025-09-21T12:06:00+00:00/task_id=fetch_training_data permission to 509
[2025-09-21T12:07:20.150+0000] {logging_mixin.py:151} INFO - Failed to change /opt/airflow/logs/dag_id=train_predict_to_db/run_id=scheduled__2025-09-21T12:06:00+00:00/task_id=fetch_training_data permission to 509: [Errno 1] Operation not permitted: '/opt/airflow/logs/dag_id=train_predict_to_db/run_id=scheduled__2025-09-21T12:06:00+00:00/task_id=fetch_training_data'
[2025-09-21T12:07:20.217+0000] {taskinstance.py:1159} INFO - Dependencies all met for dep_context=non-requeueable deps ti=<TaskInstance: train_predict_to_db.fetch_training_data scheduled__2025-09-21T12:06:00+00:00 [queued]>
[2025-09-21T12:07:20.236+0000] {taskinstance.py:1159} INFO - Dependencies all met for dep_context=requeueable deps ti=<TaskInstance: train_predict_to_db.fetch_training_data scheduled__2025-09-21T12:06:00+00:00 [queued]>
[2025-09-21T12:07:20.238+0000] {taskinstance.py:1361} INFO - Starting attempt 1 of 2
[2025-09-21T12:07:20.262+0000] {taskinstance.py:1382} INFO - Executing <Task(PythonOperator): fetch_training_data> on 2025-09-21 12:06:00+00:00
[2025-09-21T12:07:20.278+0000] {standard_task_runner.py:57} INFO - Started process 186 to run task
[2025-09-21T12:07:20.289+0000] {standard_task_runner.py:84} INFO - Running: ['airflow', 'tasks', 'run', 'train_predict_to_db', 'fetch_training_data', 'scheduled__2025-09-21T12:06:00+00:00', '--job-id', '166', '--raw', '--subdir', 'DAGS_FOLDER/train_predict_to_db_dag.py', '--cfg-path', '/tmp/tmpp9m_uye5']
[2025-09-21T12:07:20.303+0000] {standard_task_runner.py:85} INFO - Job 166: Subtask fetch_training_data
[2025-09-21T12:07:20.479+0000] {logging_mixin.py:151} INFO - Changing /opt/airflow/logs/dag_id=train_predict_to_db/run_id=scheduled__2025-09-21T12:06:00+00:00/task_id=fetch_training_data permission to 509
[2025-09-21T12:07:20.480+0000] {logging_mixin.py:151} INFO - Failed to change /opt/airflow/logs/dag_id=train_predict_to_db/run_id=scheduled__2025-09-21T12:06:00+00:00/task_id=fetch_training_data permission to 509: [Errno 1] Operation not permitted: '/opt/airflow/logs/dag_id=train_predict_to_db/run_id=scheduled__2025-09-21T12:06:00+00:00/task_id=fetch_training_data'
[2025-09-21T12:07:20.483+0000] {task_command.py:416} INFO - Running <TaskInstance: train_predict_to_db.fetch_training_data scheduled__2025-09-21T12:06:00+00:00 [running]> on host 6d4fbafceae4
[2025-09-21T12:07:20.883+0000] {taskinstance.py:1662} INFO - Exporting env vars: AIRFLOW_CTX_DAG_OWNER='airflow' AIRFLOW_CTX_DAG_ID='train_predict_to_db' AIRFLOW_CTX_TASK_ID='fetch_training_data' AIRFLOW_CTX_EXECUTION_DATE='2025-09-21T12:06:00+00:00' AIRFLOW_CTX_TRY_NUMBER='1' AIRFLOW_CTX_DAG_RUN_ID='scheduled__2025-09-21T12:06:00+00:00'
[2025-09-21T12:07:20.902+0000] {db_utils.py:17} INFO - Connected to PostgreSQL
[2025-09-21T12:07:22.927+0000] {train_predict_to_db_dag.py:29} INFO - Fetched training data tail:
            id  store  ...  productname                 created_at
100393  155833    401  ...    product_A 2025-09-21 12:06:30.349621
100394  155834    400  ...    product_A 2025-09-21 12:06:40.362124
100395  155835    399  ...    product_A 2025-09-21 12:06:50.377121
100396  155836    398  ...    product_A 2025-09-21 12:07:01.160003
100397  155837    384  ...    product_A 2025-09-21 12:07:11.526232

[5 rows x 12 columns]
[2025-09-21T12:07:23.035+0000] {python.py:194} INFO - Done. Returned value was: {'store': 370, 'start_date': '2025-06-23', 'end_date': '2025-09-21'}
[2025-09-21T12:07:23.113+0000] {taskinstance.py:1400} INFO - Marking task as SUCCESS. dag_id=train_predict_to_db, task_id=fetch_training_data, execution_date=20250921T120600, start_date=20250921T120720, end_date=20250921T120723
[2025-09-21T12:07:23.194+0000] {local_task_job_runner.py:228} INFO - Task exited with return code 0
[2025-09-21T12:07:23.249+0000] {taskinstance.py:2778} INFO - 1 downstream tasks scheduled from follow-on schedule check
