[2025-08-03T10:41:02.030+0000] {logging_mixin.py:151} INFO - Changing /opt/airflow/logs/dag_id=train_predict_to_db/run_id=scheduled__2025-08-03T10:40:00+00:00/task_id=fetch_training_data permission to 509
[2025-08-03T10:41:02.031+0000] {logging_mixin.py:151} INFO - Failed to change /opt/airflow/logs/dag_id=train_predict_to_db/run_id=scheduled__2025-08-03T10:40:00+00:00/task_id=fetch_training_data permission to 509: [Errno 1] Operation not permitted: '/opt/airflow/logs/dag_id=train_predict_to_db/run_id=scheduled__2025-08-03T10:40:00+00:00/task_id=fetch_training_data'
[2025-08-03T10:41:02.071+0000] {logging_mixin.py:151} INFO - Changing /opt/airflow/logs/dag_id=train_predict_to_db/run_id=scheduled__2025-08-03T10:40:00+00:00/task_id=fetch_training_data permission to 509
[2025-08-03T10:41:02.072+0000] {logging_mixin.py:151} INFO - Failed to change /opt/airflow/logs/dag_id=train_predict_to_db/run_id=scheduled__2025-08-03T10:40:00+00:00/task_id=fetch_training_data permission to 509: [Errno 1] Operation not permitted: '/opt/airflow/logs/dag_id=train_predict_to_db/run_id=scheduled__2025-08-03T10:40:00+00:00/task_id=fetch_training_data'
[2025-08-03T10:41:02.114+0000] {taskinstance.py:1159} INFO - Dependencies all met for dep_context=non-requeueable deps ti=<TaskInstance: train_predict_to_db.fetch_training_data scheduled__2025-08-03T10:40:00+00:00 [queued]>
[2025-08-03T10:41:02.125+0000] {taskinstance.py:1159} INFO - Dependencies all met for dep_context=requeueable deps ti=<TaskInstance: train_predict_to_db.fetch_training_data scheduled__2025-08-03T10:40:00+00:00 [queued]>
[2025-08-03T10:41:02.126+0000] {taskinstance.py:1361} INFO - Starting attempt 1 of 2
[2025-08-03T10:41:02.145+0000] {taskinstance.py:1382} INFO - Executing <Task(PythonOperator): fetch_training_data> on 2025-08-03 10:40:00+00:00
[2025-08-03T10:41:02.157+0000] {standard_task_runner.py:57} INFO - Started process 644 to run task
[2025-08-03T10:41:02.162+0000] {standard_task_runner.py:84} INFO - Running: ['airflow', 'tasks', 'run', 'train_predict_to_db', 'fetch_training_data', 'scheduled__2025-08-03T10:40:00+00:00', '--job-id', '50', '--raw', '--subdir', 'DAGS_FOLDER/train_predict_to_db_dag.py', '--cfg-path', '/tmp/tmprux_a_kc']
[2025-08-03T10:41:02.166+0000] {standard_task_runner.py:85} INFO - Job 50: Subtask fetch_training_data
[2025-08-03T10:41:02.239+0000] {logging_mixin.py:151} INFO - Changing /opt/airflow/logs/dag_id=train_predict_to_db/run_id=scheduled__2025-08-03T10:40:00+00:00/task_id=fetch_training_data permission to 509
[2025-08-03T10:41:02.240+0000] {logging_mixin.py:151} INFO - Failed to change /opt/airflow/logs/dag_id=train_predict_to_db/run_id=scheduled__2025-08-03T10:40:00+00:00/task_id=fetch_training_data permission to 509: [Errno 1] Operation not permitted: '/opt/airflow/logs/dag_id=train_predict_to_db/run_id=scheduled__2025-08-03T10:40:00+00:00/task_id=fetch_training_data'
[2025-08-03T10:41:02.244+0000] {task_command.py:416} INFO - Running <TaskInstance: train_predict_to_db.fetch_training_data scheduled__2025-08-03T10:40:00+00:00 [running]> on host 407839faddcf
[2025-08-03T10:41:02.354+0000] {taskinstance.py:1662} INFO - Exporting env vars: AIRFLOW_CTX_DAG_OWNER='airflow' AIRFLOW_CTX_DAG_ID='train_predict_to_db' AIRFLOW_CTX_TASK_ID='fetch_training_data' AIRFLOW_CTX_EXECUTION_DATE='2025-08-03T10:40:00+00:00' AIRFLOW_CTX_TRY_NUMBER='1' AIRFLOW_CTX_DAG_RUN_ID='scheduled__2025-08-03T10:40:00+00:00'
[2025-08-03T10:41:02.367+0000] {db_utils.py:17} INFO - Connected to PostgreSQL
[2025-08-03T10:41:03.341+0000] {train_predict_to_db_dag.py:29} INFO - Fetched training data tail:
            id  store  ...  productname                 created_at
100576  156016     80  ...    product_A 2025-08-03 10:40:19.988421
100577  156017     79  ...    product_A 2025-08-03 10:40:29.798373
100578  156018     78  ...    product_A 2025-08-03 10:40:39.813983
100579  156019     77  ...    product_A 2025-08-03 10:40:49.827581
100580  156020     76  ...    product_A 2025-08-03 10:40:59.628953

[5 rows x 12 columns]
[2025-08-03T10:41:03.370+0000] {python.py:194} INFO - Done. Returned value was: {'store': 370, 'start_date': '2025-05-05', 'end_date': '2025-08-03'}
[2025-08-03T10:41:03.401+0000] {taskinstance.py:1400} INFO - Marking task as SUCCESS. dag_id=train_predict_to_db, task_id=fetch_training_data, execution_date=20250803T104000, start_date=20250803T104102, end_date=20250803T104103
[2025-08-03T10:41:03.505+0000] {local_task_job_runner.py:228} INFO - Task exited with return code 0
[2025-08-03T10:41:03.540+0000] {taskinstance.py:2778} INFO - 1 downstream tasks scheduled from follow-on schedule check
