[2025-08-03T10:27:58.186+0000] {logging_mixin.py:151} INFO - Changing /opt/airflow/logs/dag_id=train_predict_to_db/run_id=scheduled__2025-08-03T10:26:00+00:00/task_id=fetch_training_data permission to 509
[2025-08-03T10:27:58.187+0000] {logging_mixin.py:151} INFO - Failed to change /opt/airflow/logs/dag_id=train_predict_to_db/run_id=scheduled__2025-08-03T10:26:00+00:00/task_id=fetch_training_data permission to 509: [Errno 1] Operation not permitted: '/opt/airflow/logs/dag_id=train_predict_to_db/run_id=scheduled__2025-08-03T10:26:00+00:00/task_id=fetch_training_data'
[2025-08-03T10:27:58.243+0000] {logging_mixin.py:151} INFO - Changing /opt/airflow/logs/dag_id=train_predict_to_db/run_id=scheduled__2025-08-03T10:26:00+00:00/task_id=fetch_training_data permission to 509
[2025-08-03T10:27:58.245+0000] {logging_mixin.py:151} INFO - Failed to change /opt/airflow/logs/dag_id=train_predict_to_db/run_id=scheduled__2025-08-03T10:26:00+00:00/task_id=fetch_training_data permission to 509: [Errno 1] Operation not permitted: '/opt/airflow/logs/dag_id=train_predict_to_db/run_id=scheduled__2025-08-03T10:26:00+00:00/task_id=fetch_training_data'
[2025-08-03T10:27:58.304+0000] {taskinstance.py:1159} INFO - Dependencies all met for dep_context=non-requeueable deps ti=<TaskInstance: train_predict_to_db.fetch_training_data scheduled__2025-08-03T10:26:00+00:00 [queued]>
[2025-08-03T10:27:58.315+0000] {taskinstance.py:1159} INFO - Dependencies all met for dep_context=requeueable deps ti=<TaskInstance: train_predict_to_db.fetch_training_data scheduled__2025-08-03T10:26:00+00:00 [queued]>
[2025-08-03T10:27:58.316+0000] {taskinstance.py:1361} INFO - Starting attempt 1 of 2
[2025-08-03T10:27:58.335+0000] {taskinstance.py:1382} INFO - Executing <Task(PythonOperator): fetch_training_data> on 2025-08-03 10:26:00+00:00
[2025-08-03T10:27:58.345+0000] {standard_task_runner.py:57} INFO - Started process 236 to run task
[2025-08-03T10:27:58.350+0000] {standard_task_runner.py:84} INFO - Running: ['airflow', 'tasks', 'run', 'train_predict_to_db', 'fetch_training_data', 'scheduled__2025-08-03T10:26:00+00:00', '--job-id', '5', '--raw', '--subdir', 'DAGS_FOLDER/train_predict_to_db_dag.py', '--cfg-path', '/tmp/tmpkqzbbuxs']
[2025-08-03T10:27:58.355+0000] {standard_task_runner.py:85} INFO - Job 5: Subtask fetch_training_data
[2025-08-03T10:27:58.440+0000] {logging_mixin.py:151} INFO - Changing /opt/airflow/logs/dag_id=train_predict_to_db/run_id=scheduled__2025-08-03T10:26:00+00:00/task_id=fetch_training_data permission to 509
[2025-08-03T10:27:58.441+0000] {logging_mixin.py:151} INFO - Failed to change /opt/airflow/logs/dag_id=train_predict_to_db/run_id=scheduled__2025-08-03T10:26:00+00:00/task_id=fetch_training_data permission to 509: [Errno 1] Operation not permitted: '/opt/airflow/logs/dag_id=train_predict_to_db/run_id=scheduled__2025-08-03T10:26:00+00:00/task_id=fetch_training_data'
[2025-08-03T10:27:58.444+0000] {task_command.py:416} INFO - Running <TaskInstance: train_predict_to_db.fetch_training_data scheduled__2025-08-03T10:26:00+00:00 [running]> on host 407839faddcf
[2025-08-03T10:27:58.550+0000] {taskinstance.py:1662} INFO - Exporting env vars: AIRFLOW_CTX_DAG_OWNER='airflow' AIRFLOW_CTX_DAG_ID='train_predict_to_db' AIRFLOW_CTX_TASK_ID='fetch_training_data' AIRFLOW_CTX_EXECUTION_DATE='2025-08-03T10:26:00+00:00' AIRFLOW_CTX_TRY_NUMBER='1' AIRFLOW_CTX_DAG_RUN_ID='scheduled__2025-08-03T10:26:00+00:00'
[2025-08-03T10:27:58.566+0000] {db_utils.py:17} INFO - Connected to PostgreSQL
[2025-08-03T10:27:59.608+0000] {train_predict_to_db_dag.py:29} INFO - Fetched training data tail:
            id  store  ...  productname                 created_at
100497  155937    436  ...    product_A 2025-08-03 10:25:56.342023
100498  155938    435  ...    product_A 2025-08-03 10:27:53.887916
100499  155939    434  ...    product_A 2025-08-03 10:27:54.119464
100500  155940    435  ...    product_A 2025-08-03 10:27:57.686400
100501  155941    434  ...    product_A 2025-08-03 10:27:57.695537

[5 rows x 12 columns]
[2025-08-03T10:27:59.641+0000] {python.py:194} INFO - Done. Returned value was: {'store': 370, 'start_date': '2025-05-05', 'end_date': '2025-08-03'}
[2025-08-03T10:27:59.675+0000] {taskinstance.py:1400} INFO - Marking task as SUCCESS. dag_id=train_predict_to_db, task_id=fetch_training_data, execution_date=20250803T102600, start_date=20250803T102758, end_date=20250803T102759
[2025-08-03T10:27:59.726+0000] {local_task_job_runner.py:228} INFO - Task exited with return code 0
[2025-08-03T10:27:59.757+0000] {taskinstance.py:2778} INFO - 1 downstream tasks scheduled from follow-on schedule check
