[2025-08-03T10:24:15.815+0000] {processor.py:157} INFO - Started process (PID=168) to work on /opt/airflow/dags/train_predict_to_db_dag.py
[2025-08-03T10:24:15.818+0000] {processor.py:829} INFO - Processing file /opt/airflow/dags/train_predict_to_db_dag.py for tasks to queue
[2025-08-03T10:24:15.820+0000] {logging_mixin.py:151} INFO - [2025-08-03T10:24:15.819+0000] {dagbag.py:536} INFO - Filling up the DagBag from /opt/airflow/dags/train_predict_to_db_dag.py
[2025-08-03T10:24:17.344+0000] {processor.py:839} INFO - DAG(s) dict_keys(['train_predict_to_db']) retrieved from /opt/airflow/dags/train_predict_to_db_dag.py
[2025-08-03T10:24:17.758+0000] {logging_mixin.py:151} INFO - [2025-08-03T10:24:17.758+0000] {manager.py:499} INFO - Created Permission View: %s
[2025-08-03T10:24:17.777+0000] {logging_mixin.py:151} INFO - [2025-08-03T10:24:17.777+0000] {manager.py:499} INFO - Created Permission View: %s
[2025-08-03T10:24:17.798+0000] {logging_mixin.py:151} INFO - [2025-08-03T10:24:17.797+0000] {manager.py:499} INFO - Created Permission View: %s
[2025-08-03T10:24:17.799+0000] {logging_mixin.py:151} INFO - [2025-08-03T10:24:17.798+0000] {dag.py:2941} INFO - Sync 1 DAGs
[2025-08-03T10:24:17.819+0000] {logging_mixin.py:151} INFO - [2025-08-03T10:24:17.819+0000] {dag.py:2963} INFO - Creating ORM DAG for train_predict_to_db
[2025-08-03T10:24:17.832+0000] {logging_mixin.py:151} INFO - [2025-08-03T10:24:17.831+0000] {dag.py:3722} INFO - Setting next_dagrun for train_predict_to_db to 2025-08-03T10:23:00+00:00, run_after=2025-08-03T10:24:00+00:00
[2025-08-03T10:24:17.862+0000] {processor.py:179} INFO - Processing /opt/airflow/dags/train_predict_to_db_dag.py took 2.066 seconds
[2025-08-03T10:24:48.470+0000] {processor.py:157} INFO - Started process (PID=184) to work on /opt/airflow/dags/train_predict_to_db_dag.py
[2025-08-03T10:24:48.569+0000] {processor.py:829} INFO - Processing file /opt/airflow/dags/train_predict_to_db_dag.py for tasks to queue
[2025-08-03T10:24:48.570+0000] {logging_mixin.py:151} INFO - [2025-08-03T10:24:48.570+0000] {dagbag.py:536} INFO - Filling up the DagBag from /opt/airflow/dags/train_predict_to_db_dag.py
[2025-08-03T10:24:49.601+0000] {processor.py:839} INFO - DAG(s) dict_keys(['train_predict_to_db']) retrieved from /opt/airflow/dags/train_predict_to_db_dag.py
[2025-08-03T10:24:49.769+0000] {logging_mixin.py:151} INFO - [2025-08-03T10:24:49.768+0000] {dag.py:2941} INFO - Sync 1 DAGs
[2025-08-03T10:24:49.793+0000] {logging_mixin.py:151} INFO - [2025-08-03T10:24:49.793+0000] {dag.py:3722} INFO - Setting next_dagrun for train_predict_to_db to 2025-08-03T10:23:00+00:00, run_after=2025-08-03T10:24:00+00:00
[2025-08-03T10:24:49.825+0000] {processor.py:179} INFO - Processing /opt/airflow/dags/train_predict_to_db_dag.py took 1.361 seconds
[2025-08-03T10:25:20.035+0000] {processor.py:157} INFO - Started process (PID=195) to work on /opt/airflow/dags/train_predict_to_db_dag.py
[2025-08-03T10:25:20.037+0000] {processor.py:829} INFO - Processing file /opt/airflow/dags/train_predict_to_db_dag.py for tasks to queue
[2025-08-03T10:25:20.038+0000] {logging_mixin.py:151} INFO - [2025-08-03T10:25:20.038+0000] {dagbag.py:536} INFO - Filling up the DagBag from /opt/airflow/dags/train_predict_to_db_dag.py
[2025-08-03T10:25:21.446+0000] {processor.py:839} INFO - DAG(s) dict_keys(['train_predict_to_db']) retrieved from /opt/airflow/dags/train_predict_to_db_dag.py
[2025-08-03T10:25:21.551+0000] {logging_mixin.py:151} INFO - [2025-08-03T10:25:21.551+0000] {dag.py:2941} INFO - Sync 1 DAGs
[2025-08-03T10:25:21.603+0000] {logging_mixin.py:151} INFO - [2025-08-03T10:25:21.603+0000] {dag.py:3722} INFO - Setting next_dagrun for train_predict_to_db to 2025-08-03T10:24:00+00:00, run_after=2025-08-03T10:25:00+00:00
[2025-08-03T10:25:21.637+0000] {processor.py:179} INFO - Processing /opt/airflow/dags/train_predict_to_db_dag.py took 1.613 seconds
[2025-08-03T10:25:52.274+0000] {processor.py:157} INFO - Started process (PID=212) to work on /opt/airflow/dags/train_predict_to_db_dag.py
[2025-08-03T10:25:52.277+0000] {processor.py:829} INFO - Processing file /opt/airflow/dags/train_predict_to_db_dag.py for tasks to queue
[2025-08-03T10:25:52.298+0000] {logging_mixin.py:151} INFO - [2025-08-03T10:25:52.278+0000] {dagbag.py:536} INFO - Filling up the DagBag from /opt/airflow/dags/train_predict_to_db_dag.py
[2025-08-03T10:25:53.867+0000] {processor.py:839} INFO - DAG(s) dict_keys(['train_predict_to_db']) retrieved from /opt/airflow/dags/train_predict_to_db_dag.py
[2025-08-03T10:25:53.939+0000] {logging_mixin.py:151} INFO - [2025-08-03T10:25:53.938+0000] {dag.py:2941} INFO - Sync 1 DAGs
[2025-08-03T10:25:53.969+0000] {logging_mixin.py:151} INFO - [2025-08-03T10:25:53.969+0000] {dag.py:3722} INFO - Setting next_dagrun for train_predict_to_db to 2025-08-03T10:25:00+00:00, run_after=2025-08-03T10:26:00+00:00
[2025-08-03T10:25:54.003+0000] {processor.py:179} INFO - Processing /opt/airflow/dags/train_predict_to_db_dag.py took 1.734 seconds
[2025-08-03T10:27:44.425+0000] {processor.py:157} INFO - Started process (PID=221) to work on /opt/airflow/dags/train_predict_to_db_dag.py
[2025-08-03T10:27:45.042+0000] {processor.py:829} INFO - Processing file /opt/airflow/dags/train_predict_to_db_dag.py for tasks to queue
[2025-08-03T10:27:52.827+0000] {logging_mixin.py:151} INFO - [2025-08-03T10:27:52.671+0000] {dagbag.py:536} INFO - Filling up the DagBag from /opt/airflow/dags/train_predict_to_db_dag.py
[2025-08-03T10:27:57.108+0000] {processor.py:839} INFO - DAG(s) dict_keys(['train_predict_to_db']) retrieved from /opt/airflow/dags/train_predict_to_db_dag.py
[2025-08-03T10:27:57.166+0000] {logging_mixin.py:151} INFO - [2025-08-03T10:27:57.165+0000] {dag.py:2941} INFO - Sync 1 DAGs
[2025-08-03T10:27:57.218+0000] {logging_mixin.py:151} INFO - [2025-08-03T10:27:57.218+0000] {dag.py:3722} INFO - Setting next_dagrun for train_predict_to_db to 2025-08-03T10:27:00+00:00, run_after=2025-08-03T10:28:00+00:00
[2025-08-03T10:27:57.254+0000] {processor.py:179} INFO - Processing /opt/airflow/dags/train_predict_to_db_dag.py took 17.684 seconds
[2025-08-03T10:28:27.763+0000] {processor.py:157} INFO - Started process (PID=264) to work on /opt/airflow/dags/train_predict_to_db_dag.py
[2025-08-03T10:28:27.765+0000] {processor.py:829} INFO - Processing file /opt/airflow/dags/train_predict_to_db_dag.py for tasks to queue
[2025-08-03T10:28:27.767+0000] {logging_mixin.py:151} INFO - [2025-08-03T10:28:27.766+0000] {dagbag.py:536} INFO - Filling up the DagBag from /opt/airflow/dags/train_predict_to_db_dag.py
[2025-08-03T10:28:28.445+0000] {processor.py:839} INFO - DAG(s) dict_keys(['train_predict_to_db']) retrieved from /opt/airflow/dags/train_predict_to_db_dag.py
[2025-08-03T10:28:28.487+0000] {logging_mixin.py:151} INFO - [2025-08-03T10:28:28.487+0000] {dag.py:2941} INFO - Sync 1 DAGs
[2025-08-03T10:28:28.513+0000] {logging_mixin.py:151} INFO - [2025-08-03T10:28:28.513+0000] {dag.py:3722} INFO - Setting next_dagrun for train_predict_to_db to 2025-08-03T10:28:00+00:00, run_after=2025-08-03T10:29:00+00:00
[2025-08-03T10:28:28.541+0000] {processor.py:179} INFO - Processing /opt/airflow/dags/train_predict_to_db_dag.py took 0.782 seconds
[2025-08-03T10:28:59.102+0000] {processor.py:157} INFO - Started process (PID=275) to work on /opt/airflow/dags/train_predict_to_db_dag.py
[2025-08-03T10:28:59.104+0000] {processor.py:829} INFO - Processing file /opt/airflow/dags/train_predict_to_db_dag.py for tasks to queue
[2025-08-03T10:28:59.105+0000] {logging_mixin.py:151} INFO - [2025-08-03T10:28:59.105+0000] {dagbag.py:536} INFO - Filling up the DagBag from /opt/airflow/dags/train_predict_to_db_dag.py
[2025-08-03T10:28:59.683+0000] {processor.py:839} INFO - DAG(s) dict_keys(['train_predict_to_db']) retrieved from /opt/airflow/dags/train_predict_to_db_dag.py
[2025-08-03T10:28:59.710+0000] {logging_mixin.py:151} INFO - [2025-08-03T10:28:59.710+0000] {dag.py:2941} INFO - Sync 1 DAGs
[2025-08-03T10:28:59.733+0000] {logging_mixin.py:151} INFO - [2025-08-03T10:28:59.733+0000] {dag.py:3722} INFO - Setting next_dagrun for train_predict_to_db to 2025-08-03T10:28:00+00:00, run_after=2025-08-03T10:29:00+00:00
[2025-08-03T10:28:59.756+0000] {processor.py:179} INFO - Processing /opt/airflow/dags/train_predict_to_db_dag.py took 0.659 seconds
[2025-08-03T10:29:30.429+0000] {processor.py:157} INFO - Started process (PID=295) to work on /opt/airflow/dags/train_predict_to_db_dag.py
[2025-08-03T10:29:30.457+0000] {processor.py:829} INFO - Processing file /opt/airflow/dags/train_predict_to_db_dag.py for tasks to queue
[2025-08-03T10:29:30.460+0000] {logging_mixin.py:151} INFO - [2025-08-03T10:29:30.458+0000] {dagbag.py:536} INFO - Filling up the DagBag from /opt/airflow/dags/train_predict_to_db_dag.py
[2025-08-03T10:29:31.584+0000] {processor.py:839} INFO - DAG(s) dict_keys(['train_predict_to_db']) retrieved from /opt/airflow/dags/train_predict_to_db_dag.py
[2025-08-03T10:29:31.642+0000] {logging_mixin.py:151} INFO - [2025-08-03T10:29:31.641+0000] {dag.py:2941} INFO - Sync 1 DAGs
[2025-08-03T10:29:31.687+0000] {logging_mixin.py:151} INFO - [2025-08-03T10:29:31.687+0000] {dag.py:3722} INFO - Setting next_dagrun for train_predict_to_db to 2025-08-03T10:29:00+00:00, run_after=2025-08-03T10:30:00+00:00
[2025-08-03T10:29:31.744+0000] {processor.py:179} INFO - Processing /opt/airflow/dags/train_predict_to_db_dag.py took 1.321 seconds
[2025-08-03T10:30:02.600+0000] {processor.py:157} INFO - Started process (PID=309) to work on /opt/airflow/dags/train_predict_to_db_dag.py
[2025-08-03T10:30:02.621+0000] {processor.py:829} INFO - Processing file /opt/airflow/dags/train_predict_to_db_dag.py for tasks to queue
[2025-08-03T10:30:02.623+0000] {logging_mixin.py:151} INFO - [2025-08-03T10:30:02.623+0000] {dagbag.py:536} INFO - Filling up the DagBag from /opt/airflow/dags/train_predict_to_db_dag.py
[2025-08-03T10:30:03.521+0000] {processor.py:839} INFO - DAG(s) dict_keys(['train_predict_to_db']) retrieved from /opt/airflow/dags/train_predict_to_db_dag.py
[2025-08-03T10:30:03.573+0000] {logging_mixin.py:151} INFO - [2025-08-03T10:30:03.571+0000] {dag.py:2941} INFO - Sync 1 DAGs
[2025-08-03T10:30:03.609+0000] {logging_mixin.py:151} INFO - [2025-08-03T10:30:03.609+0000] {dag.py:3722} INFO - Setting next_dagrun for train_predict_to_db to 2025-08-03T10:30:00+00:00, run_after=2025-08-03T10:31:00+00:00
[2025-08-03T10:30:03.653+0000] {processor.py:179} INFO - Processing /opt/airflow/dags/train_predict_to_db_dag.py took 1.060 seconds
[2025-08-03T10:30:33.774+0000] {processor.py:157} INFO - Started process (PID=326) to work on /opt/airflow/dags/train_predict_to_db_dag.py
[2025-08-03T10:30:33.824+0000] {processor.py:829} INFO - Processing file /opt/airflow/dags/train_predict_to_db_dag.py for tasks to queue
[2025-08-03T10:30:33.827+0000] {logging_mixin.py:151} INFO - [2025-08-03T10:30:33.826+0000] {dagbag.py:536} INFO - Filling up the DagBag from /opt/airflow/dags/train_predict_to_db_dag.py
[2025-08-03T10:30:34.837+0000] {processor.py:839} INFO - DAG(s) dict_keys(['train_predict_to_db']) retrieved from /opt/airflow/dags/train_predict_to_db_dag.py
[2025-08-03T10:30:34.894+0000] {logging_mixin.py:151} INFO - [2025-08-03T10:30:34.894+0000] {dag.py:2941} INFO - Sync 1 DAGs
[2025-08-03T10:30:34.928+0000] {logging_mixin.py:151} INFO - [2025-08-03T10:30:34.927+0000] {dag.py:3722} INFO - Setting next_dagrun for train_predict_to_db to 2025-08-03T10:30:00+00:00, run_after=2025-08-03T10:31:00+00:00
[2025-08-03T10:30:34.962+0000] {processor.py:179} INFO - Processing /opt/airflow/dags/train_predict_to_db_dag.py took 1.194 seconds
[2025-08-03T10:31:05.105+0000] {processor.py:157} INFO - Started process (PID=342) to work on /opt/airflow/dags/train_predict_to_db_dag.py
[2025-08-03T10:31:05.107+0000] {processor.py:829} INFO - Processing file /opt/airflow/dags/train_predict_to_db_dag.py for tasks to queue
[2025-08-03T10:31:05.108+0000] {logging_mixin.py:151} INFO - [2025-08-03T10:31:05.108+0000] {dagbag.py:536} INFO - Filling up the DagBag from /opt/airflow/dags/train_predict_to_db_dag.py
[2025-08-03T10:31:05.769+0000] {processor.py:839} INFO - DAG(s) dict_keys(['train_predict_to_db']) retrieved from /opt/airflow/dags/train_predict_to_db_dag.py
[2025-08-03T10:31:05.829+0000] {logging_mixin.py:151} INFO - [2025-08-03T10:31:05.829+0000] {dag.py:2941} INFO - Sync 1 DAGs
[2025-08-03T10:31:05.872+0000] {logging_mixin.py:151} INFO - [2025-08-03T10:31:05.871+0000] {dag.py:3722} INFO - Setting next_dagrun for train_predict_to_db to 2025-08-03T10:31:00+00:00, run_after=2025-08-03T10:32:00+00:00
[2025-08-03T10:31:05.913+0000] {processor.py:179} INFO - Processing /opt/airflow/dags/train_predict_to_db_dag.py took 0.813 seconds
[2025-08-03T10:31:36.395+0000] {processor.py:157} INFO - Started process (PID=357) to work on /opt/airflow/dags/train_predict_to_db_dag.py
[2025-08-03T10:31:36.397+0000] {processor.py:829} INFO - Processing file /opt/airflow/dags/train_predict_to_db_dag.py for tasks to queue
[2025-08-03T10:31:36.400+0000] {logging_mixin.py:151} INFO - [2025-08-03T10:31:36.399+0000] {dagbag.py:536} INFO - Filling up the DagBag from /opt/airflow/dags/train_predict_to_db_dag.py
[2025-08-03T10:31:37.536+0000] {processor.py:839} INFO - DAG(s) dict_keys(['train_predict_to_db']) retrieved from /opt/airflow/dags/train_predict_to_db_dag.py
[2025-08-03T10:31:37.600+0000] {logging_mixin.py:151} INFO - [2025-08-03T10:31:37.599+0000] {dag.py:2941} INFO - Sync 1 DAGs
[2025-08-03T10:31:37.629+0000] {logging_mixin.py:151} INFO - [2025-08-03T10:31:37.629+0000] {dag.py:3722} INFO - Setting next_dagrun for train_predict_to_db to 2025-08-03T10:31:00+00:00, run_after=2025-08-03T10:32:00+00:00
[2025-08-03T10:31:37.660+0000] {processor.py:179} INFO - Processing /opt/airflow/dags/train_predict_to_db_dag.py took 1.272 seconds
[2025-08-03T10:32:07.834+0000] {processor.py:157} INFO - Started process (PID=374) to work on /opt/airflow/dags/train_predict_to_db_dag.py
[2025-08-03T10:32:07.838+0000] {processor.py:829} INFO - Processing file /opt/airflow/dags/train_predict_to_db_dag.py for tasks to queue
[2025-08-03T10:32:07.840+0000] {logging_mixin.py:151} INFO - [2025-08-03T10:32:07.839+0000] {dagbag.py:536} INFO - Filling up the DagBag from /opt/airflow/dags/train_predict_to_db_dag.py
[2025-08-03T10:32:08.694+0000] {processor.py:839} INFO - DAG(s) dict_keys(['train_predict_to_db']) retrieved from /opt/airflow/dags/train_predict_to_db_dag.py
[2025-08-03T10:32:08.810+0000] {logging_mixin.py:151} INFO - [2025-08-03T10:32:08.808+0000] {dag.py:2941} INFO - Sync 1 DAGs
[2025-08-03T10:32:08.853+0000] {logging_mixin.py:151} INFO - [2025-08-03T10:32:08.853+0000] {dag.py:3722} INFO - Setting next_dagrun for train_predict_to_db to 2025-08-03T10:32:00+00:00, run_after=2025-08-03T10:33:00+00:00
[2025-08-03T10:32:08.896+0000] {processor.py:179} INFO - Processing /opt/airflow/dags/train_predict_to_db_dag.py took 1.071 seconds
[2025-08-03T10:32:39.029+0000] {processor.py:157} INFO - Started process (PID=388) to work on /opt/airflow/dags/train_predict_to_db_dag.py
[2025-08-03T10:32:39.030+0000] {processor.py:829} INFO - Processing file /opt/airflow/dags/train_predict_to_db_dag.py for tasks to queue
[2025-08-03T10:32:39.032+0000] {logging_mixin.py:151} INFO - [2025-08-03T10:32:39.032+0000] {dagbag.py:536} INFO - Filling up the DagBag from /opt/airflow/dags/train_predict_to_db_dag.py
[2025-08-03T10:32:39.945+0000] {processor.py:839} INFO - DAG(s) dict_keys(['train_predict_to_db']) retrieved from /opt/airflow/dags/train_predict_to_db_dag.py
[2025-08-03T10:32:39.996+0000] {logging_mixin.py:151} INFO - [2025-08-03T10:32:39.995+0000] {dag.py:2941} INFO - Sync 1 DAGs
[2025-08-03T10:32:40.027+0000] {logging_mixin.py:151} INFO - [2025-08-03T10:32:40.027+0000] {dag.py:3722} INFO - Setting next_dagrun for train_predict_to_db to 2025-08-03T10:32:00+00:00, run_after=2025-08-03T10:33:00+00:00
[2025-08-03T10:32:40.065+0000] {processor.py:179} INFO - Processing /opt/airflow/dags/train_predict_to_db_dag.py took 1.041 seconds
[2025-08-03T10:33:10.211+0000] {processor.py:157} INFO - Started process (PID=405) to work on /opt/airflow/dags/train_predict_to_db_dag.py
[2025-08-03T10:33:10.213+0000] {processor.py:829} INFO - Processing file /opt/airflow/dags/train_predict_to_db_dag.py for tasks to queue
[2025-08-03T10:33:10.214+0000] {logging_mixin.py:151} INFO - [2025-08-03T10:33:10.214+0000] {dagbag.py:536} INFO - Filling up the DagBag from /opt/airflow/dags/train_predict_to_db_dag.py
[2025-08-03T10:33:10.863+0000] {processor.py:839} INFO - DAG(s) dict_keys(['train_predict_to_db']) retrieved from /opt/airflow/dags/train_predict_to_db_dag.py
[2025-08-03T10:33:10.901+0000] {logging_mixin.py:151} INFO - [2025-08-03T10:33:10.900+0000] {dag.py:2941} INFO - Sync 1 DAGs
[2025-08-03T10:33:10.936+0000] {logging_mixin.py:151} INFO - [2025-08-03T10:33:10.935+0000] {dag.py:3722} INFO - Setting next_dagrun for train_predict_to_db to 2025-08-03T10:33:00+00:00, run_after=2025-08-03T10:34:00+00:00
[2025-08-03T10:33:10.968+0000] {processor.py:179} INFO - Processing /opt/airflow/dags/train_predict_to_db_dag.py took 0.762 seconds
[2025-08-03T10:33:41.536+0000] {processor.py:157} INFO - Started process (PID=419) to work on /opt/airflow/dags/train_predict_to_db_dag.py
[2025-08-03T10:33:41.630+0000] {processor.py:829} INFO - Processing file /opt/airflow/dags/train_predict_to_db_dag.py for tasks to queue
[2025-08-03T10:33:41.632+0000] {logging_mixin.py:151} INFO - [2025-08-03T10:33:41.631+0000] {dagbag.py:536} INFO - Filling up the DagBag from /opt/airflow/dags/train_predict_to_db_dag.py
[2025-08-03T10:33:42.331+0000] {processor.py:839} INFO - DAG(s) dict_keys(['train_predict_to_db']) retrieved from /opt/airflow/dags/train_predict_to_db_dag.py
[2025-08-03T10:33:42.364+0000] {logging_mixin.py:151} INFO - [2025-08-03T10:33:42.363+0000] {dag.py:2941} INFO - Sync 1 DAGs
[2025-08-03T10:33:42.395+0000] {logging_mixin.py:151} INFO - [2025-08-03T10:33:42.395+0000] {dag.py:3722} INFO - Setting next_dagrun for train_predict_to_db to 2025-08-03T10:33:00+00:00, run_after=2025-08-03T10:34:00+00:00
[2025-08-03T10:33:42.429+0000] {processor.py:179} INFO - Processing /opt/airflow/dags/train_predict_to_db_dag.py took 0.897 seconds
[2025-08-03T10:34:13.058+0000] {processor.py:157} INFO - Started process (PID=439) to work on /opt/airflow/dags/train_predict_to_db_dag.py
[2025-08-03T10:34:13.060+0000] {processor.py:829} INFO - Processing file /opt/airflow/dags/train_predict_to_db_dag.py for tasks to queue
[2025-08-03T10:34:13.061+0000] {logging_mixin.py:151} INFO - [2025-08-03T10:34:13.061+0000] {dagbag.py:536} INFO - Filling up the DagBag from /opt/airflow/dags/train_predict_to_db_dag.py
[2025-08-03T10:34:13.638+0000] {processor.py:839} INFO - DAG(s) dict_keys(['train_predict_to_db']) retrieved from /opt/airflow/dags/train_predict_to_db_dag.py
[2025-08-03T10:34:13.667+0000] {logging_mixin.py:151} INFO - [2025-08-03T10:34:13.667+0000] {dag.py:2941} INFO - Sync 1 DAGs
[2025-08-03T10:34:13.691+0000] {logging_mixin.py:151} INFO - [2025-08-03T10:34:13.690+0000] {dag.py:3722} INFO - Setting next_dagrun for train_predict_to_db to 2025-08-03T10:34:00+00:00, run_after=2025-08-03T10:35:00+00:00
[2025-08-03T10:34:13.717+0000] {processor.py:179} INFO - Processing /opt/airflow/dags/train_predict_to_db_dag.py took 0.664 seconds
[2025-08-03T10:34:44.433+0000] {processor.py:157} INFO - Started process (PID=450) to work on /opt/airflow/dags/train_predict_to_db_dag.py
[2025-08-03T10:34:44.434+0000] {processor.py:829} INFO - Processing file /opt/airflow/dags/train_predict_to_db_dag.py for tasks to queue
[2025-08-03T10:34:44.436+0000] {logging_mixin.py:151} INFO - [2025-08-03T10:34:44.435+0000] {dagbag.py:536} INFO - Filling up the DagBag from /opt/airflow/dags/train_predict_to_db_dag.py
[2025-08-03T10:34:45.081+0000] {processor.py:839} INFO - DAG(s) dict_keys(['train_predict_to_db']) retrieved from /opt/airflow/dags/train_predict_to_db_dag.py
[2025-08-03T10:34:45.109+0000] {logging_mixin.py:151} INFO - [2025-08-03T10:34:45.108+0000] {dag.py:2941} INFO - Sync 1 DAGs
[2025-08-03T10:34:45.134+0000] {logging_mixin.py:151} INFO - [2025-08-03T10:34:45.134+0000] {dag.py:3722} INFO - Setting next_dagrun for train_predict_to_db to 2025-08-03T10:34:00+00:00, run_after=2025-08-03T10:35:00+00:00
[2025-08-03T10:34:45.160+0000] {processor.py:179} INFO - Processing /opt/airflow/dags/train_predict_to_db_dag.py took 0.732 seconds
[2025-08-03T10:35:15.669+0000] {processor.py:157} INFO - Started process (PID=470) to work on /opt/airflow/dags/train_predict_to_db_dag.py
[2025-08-03T10:35:15.671+0000] {processor.py:829} INFO - Processing file /opt/airflow/dags/train_predict_to_db_dag.py for tasks to queue
[2025-08-03T10:35:15.673+0000] {logging_mixin.py:151} INFO - [2025-08-03T10:35:15.673+0000] {dagbag.py:536} INFO - Filling up the DagBag from /opt/airflow/dags/train_predict_to_db_dag.py
[2025-08-03T10:35:16.273+0000] {processor.py:839} INFO - DAG(s) dict_keys(['train_predict_to_db']) retrieved from /opt/airflow/dags/train_predict_to_db_dag.py
[2025-08-03T10:35:16.302+0000] {logging_mixin.py:151} INFO - [2025-08-03T10:35:16.301+0000] {dag.py:2941} INFO - Sync 1 DAGs
[2025-08-03T10:35:16.328+0000] {logging_mixin.py:151} INFO - [2025-08-03T10:35:16.328+0000] {dag.py:3722} INFO - Setting next_dagrun for train_predict_to_db to 2025-08-03T10:35:00+00:00, run_after=2025-08-03T10:36:00+00:00
[2025-08-03T10:35:16.358+0000] {processor.py:179} INFO - Processing /opt/airflow/dags/train_predict_to_db_dag.py took 0.694 seconds
[2025-08-03T10:35:47.009+0000] {processor.py:157} INFO - Started process (PID=481) to work on /opt/airflow/dags/train_predict_to_db_dag.py
[2025-08-03T10:35:47.011+0000] {processor.py:829} INFO - Processing file /opt/airflow/dags/train_predict_to_db_dag.py for tasks to queue
[2025-08-03T10:35:47.014+0000] {logging_mixin.py:151} INFO - [2025-08-03T10:35:47.013+0000] {dagbag.py:536} INFO - Filling up the DagBag from /opt/airflow/dags/train_predict_to_db_dag.py
[2025-08-03T10:35:47.602+0000] {processor.py:839} INFO - DAG(s) dict_keys(['train_predict_to_db']) retrieved from /opt/airflow/dags/train_predict_to_db_dag.py
[2025-08-03T10:35:47.629+0000] {logging_mixin.py:151} INFO - [2025-08-03T10:35:47.628+0000] {dag.py:2941} INFO - Sync 1 DAGs
[2025-08-03T10:35:47.654+0000] {logging_mixin.py:151} INFO - [2025-08-03T10:35:47.653+0000] {dag.py:3722} INFO - Setting next_dagrun for train_predict_to_db to 2025-08-03T10:35:00+00:00, run_after=2025-08-03T10:36:00+00:00
[2025-08-03T10:35:47.677+0000] {processor.py:179} INFO - Processing /opt/airflow/dags/train_predict_to_db_dag.py took 0.674 seconds
[2025-08-03T10:36:18.184+0000] {processor.py:157} INFO - Started process (PID=501) to work on /opt/airflow/dags/train_predict_to_db_dag.py
[2025-08-03T10:36:18.186+0000] {processor.py:829} INFO - Processing file /opt/airflow/dags/train_predict_to_db_dag.py for tasks to queue
[2025-08-03T10:36:18.187+0000] {logging_mixin.py:151} INFO - [2025-08-03T10:36:18.187+0000] {dagbag.py:536} INFO - Filling up the DagBag from /opt/airflow/dags/train_predict_to_db_dag.py
[2025-08-03T10:36:18.757+0000] {processor.py:839} INFO - DAG(s) dict_keys(['train_predict_to_db']) retrieved from /opt/airflow/dags/train_predict_to_db_dag.py
[2025-08-03T10:36:18.789+0000] {logging_mixin.py:151} INFO - [2025-08-03T10:36:18.788+0000] {dag.py:2941} INFO - Sync 1 DAGs
[2025-08-03T10:36:18.815+0000] {logging_mixin.py:151} INFO - [2025-08-03T10:36:18.815+0000] {dag.py:3722} INFO - Setting next_dagrun for train_predict_to_db to 2025-08-03T10:36:00+00:00, run_after=2025-08-03T10:37:00+00:00
[2025-08-03T10:36:18.843+0000] {processor.py:179} INFO - Processing /opt/airflow/dags/train_predict_to_db_dag.py took 0.664 seconds
[2025-08-03T10:36:49.414+0000] {processor.py:157} INFO - Started process (PID=512) to work on /opt/airflow/dags/train_predict_to_db_dag.py
[2025-08-03T10:36:49.416+0000] {processor.py:829} INFO - Processing file /opt/airflow/dags/train_predict_to_db_dag.py for tasks to queue
[2025-08-03T10:36:49.418+0000] {logging_mixin.py:151} INFO - [2025-08-03T10:36:49.418+0000] {dagbag.py:536} INFO - Filling up the DagBag from /opt/airflow/dags/train_predict_to_db_dag.py
[2025-08-03T10:36:50.056+0000] {processor.py:839} INFO - DAG(s) dict_keys(['train_predict_to_db']) retrieved from /opt/airflow/dags/train_predict_to_db_dag.py
[2025-08-03T10:36:50.085+0000] {logging_mixin.py:151} INFO - [2025-08-03T10:36:50.084+0000] {dag.py:2941} INFO - Sync 1 DAGs
[2025-08-03T10:36:50.112+0000] {logging_mixin.py:151} INFO - [2025-08-03T10:36:50.111+0000] {dag.py:3722} INFO - Setting next_dagrun for train_predict_to_db to 2025-08-03T10:36:00+00:00, run_after=2025-08-03T10:37:00+00:00
[2025-08-03T10:36:50.140+0000] {processor.py:179} INFO - Processing /opt/airflow/dags/train_predict_to_db_dag.py took 0.731 seconds
[2025-08-03T10:37:20.634+0000] {processor.py:157} INFO - Started process (PID=532) to work on /opt/airflow/dags/train_predict_to_db_dag.py
[2025-08-03T10:37:20.636+0000] {processor.py:829} INFO - Processing file /opt/airflow/dags/train_predict_to_db_dag.py for tasks to queue
[2025-08-03T10:37:20.637+0000] {logging_mixin.py:151} INFO - [2025-08-03T10:37:20.637+0000] {dagbag.py:536} INFO - Filling up the DagBag from /opt/airflow/dags/train_predict_to_db_dag.py
[2025-08-03T10:37:21.191+0000] {processor.py:839} INFO - DAG(s) dict_keys(['train_predict_to_db']) retrieved from /opt/airflow/dags/train_predict_to_db_dag.py
[2025-08-03T10:37:21.220+0000] {logging_mixin.py:151} INFO - [2025-08-03T10:37:21.220+0000] {dag.py:2941} INFO - Sync 1 DAGs
[2025-08-03T10:37:21.245+0000] {logging_mixin.py:151} INFO - [2025-08-03T10:37:21.245+0000] {dag.py:3722} INFO - Setting next_dagrun for train_predict_to_db to 2025-08-03T10:37:00+00:00, run_after=2025-08-03T10:38:00+00:00
[2025-08-03T10:37:21.270+0000] {processor.py:179} INFO - Processing /opt/airflow/dags/train_predict_to_db_dag.py took 0.641 seconds
[2025-08-03T10:37:51.680+0000] {processor.py:157} INFO - Started process (PID=543) to work on /opt/airflow/dags/train_predict_to_db_dag.py
[2025-08-03T10:37:51.681+0000] {processor.py:829} INFO - Processing file /opt/airflow/dags/train_predict_to_db_dag.py for tasks to queue
[2025-08-03T10:37:51.683+0000] {logging_mixin.py:151} INFO - [2025-08-03T10:37:51.682+0000] {dagbag.py:536} INFO - Filling up the DagBag from /opt/airflow/dags/train_predict_to_db_dag.py
[2025-08-03T10:37:52.208+0000] {processor.py:839} INFO - DAG(s) dict_keys(['train_predict_to_db']) retrieved from /opt/airflow/dags/train_predict_to_db_dag.py
[2025-08-03T10:37:52.234+0000] {logging_mixin.py:151} INFO - [2025-08-03T10:37:52.234+0000] {dag.py:2941} INFO - Sync 1 DAGs
[2025-08-03T10:37:52.256+0000] {logging_mixin.py:151} INFO - [2025-08-03T10:37:52.256+0000] {dag.py:3722} INFO - Setting next_dagrun for train_predict_to_db to 2025-08-03T10:37:00+00:00, run_after=2025-08-03T10:38:00+00:00
[2025-08-03T10:37:52.280+0000] {processor.py:179} INFO - Processing /opt/airflow/dags/train_predict_to_db_dag.py took 0.606 seconds
[2025-08-03T10:38:22.979+0000] {processor.py:157} INFO - Started process (PID=563) to work on /opt/airflow/dags/train_predict_to_db_dag.py
[2025-08-03T10:38:22.981+0000] {processor.py:829} INFO - Processing file /opt/airflow/dags/train_predict_to_db_dag.py for tasks to queue
[2025-08-03T10:38:22.983+0000] {logging_mixin.py:151} INFO - [2025-08-03T10:38:22.982+0000] {dagbag.py:536} INFO - Filling up the DagBag from /opt/airflow/dags/train_predict_to_db_dag.py
[2025-08-03T10:38:23.529+0000] {processor.py:839} INFO - DAG(s) dict_keys(['train_predict_to_db']) retrieved from /opt/airflow/dags/train_predict_to_db_dag.py
[2025-08-03T10:38:23.555+0000] {logging_mixin.py:151} INFO - [2025-08-03T10:38:23.554+0000] {dag.py:2941} INFO - Sync 1 DAGs
[2025-08-03T10:38:23.579+0000] {logging_mixin.py:151} INFO - [2025-08-03T10:38:23.579+0000] {dag.py:3722} INFO - Setting next_dagrun for train_predict_to_db to 2025-08-03T10:38:00+00:00, run_after=2025-08-03T10:39:00+00:00
[2025-08-03T10:38:23.603+0000] {processor.py:179} INFO - Processing /opt/airflow/dags/train_predict_to_db_dag.py took 0.628 seconds
[2025-08-03T10:38:53.743+0000] {processor.py:157} INFO - Started process (PID=574) to work on /opt/airflow/dags/train_predict_to_db_dag.py
[2025-08-03T10:38:53.745+0000] {processor.py:829} INFO - Processing file /opt/airflow/dags/train_predict_to_db_dag.py for tasks to queue
[2025-08-03T10:38:53.747+0000] {logging_mixin.py:151} INFO - [2025-08-03T10:38:53.746+0000] {dagbag.py:536} INFO - Filling up the DagBag from /opt/airflow/dags/train_predict_to_db_dag.py
[2025-08-03T10:38:54.305+0000] {processor.py:839} INFO - DAG(s) dict_keys(['train_predict_to_db']) retrieved from /opt/airflow/dags/train_predict_to_db_dag.py
[2025-08-03T10:38:54.334+0000] {logging_mixin.py:151} INFO - [2025-08-03T10:38:54.333+0000] {dag.py:2941} INFO - Sync 1 DAGs
[2025-08-03T10:38:54.357+0000] {logging_mixin.py:151} INFO - [2025-08-03T10:38:54.357+0000] {dag.py:3722} INFO - Setting next_dagrun for train_predict_to_db to 2025-08-03T10:38:00+00:00, run_after=2025-08-03T10:39:00+00:00
[2025-08-03T10:38:54.381+0000] {processor.py:179} INFO - Processing /opt/airflow/dags/train_predict_to_db_dag.py took 0.643 seconds
[2025-08-03T10:39:25.055+0000] {processor.py:157} INFO - Started process (PID=594) to work on /opt/airflow/dags/train_predict_to_db_dag.py
[2025-08-03T10:39:25.056+0000] {processor.py:829} INFO - Processing file /opt/airflow/dags/train_predict_to_db_dag.py for tasks to queue
[2025-08-03T10:39:25.058+0000] {logging_mixin.py:151} INFO - [2025-08-03T10:39:25.058+0000] {dagbag.py:536} INFO - Filling up the DagBag from /opt/airflow/dags/train_predict_to_db_dag.py
[2025-08-03T10:39:25.623+0000] {processor.py:839} INFO - DAG(s) dict_keys(['train_predict_to_db']) retrieved from /opt/airflow/dags/train_predict_to_db_dag.py
[2025-08-03T10:39:25.650+0000] {logging_mixin.py:151} INFO - [2025-08-03T10:39:25.649+0000] {dag.py:2941} INFO - Sync 1 DAGs
[2025-08-03T10:39:25.673+0000] {logging_mixin.py:151} INFO - [2025-08-03T10:39:25.673+0000] {dag.py:3722} INFO - Setting next_dagrun for train_predict_to_db to 2025-08-03T10:39:00+00:00, run_after=2025-08-03T10:40:00+00:00
[2025-08-03T10:39:25.698+0000] {processor.py:179} INFO - Processing /opt/airflow/dags/train_predict_to_db_dag.py took 0.648 seconds
[2025-08-03T10:39:56.450+0000] {processor.py:157} INFO - Started process (PID=605) to work on /opt/airflow/dags/train_predict_to_db_dag.py
[2025-08-03T10:39:56.452+0000] {processor.py:829} INFO - Processing file /opt/airflow/dags/train_predict_to_db_dag.py for tasks to queue
[2025-08-03T10:39:56.453+0000] {logging_mixin.py:151} INFO - [2025-08-03T10:39:56.453+0000] {dagbag.py:536} INFO - Filling up the DagBag from /opt/airflow/dags/train_predict_to_db_dag.py
[2025-08-03T10:39:57.181+0000] {processor.py:839} INFO - DAG(s) dict_keys(['train_predict_to_db']) retrieved from /opt/airflow/dags/train_predict_to_db_dag.py
[2025-08-03T10:39:57.208+0000] {logging_mixin.py:151} INFO - [2025-08-03T10:39:57.207+0000] {dag.py:2941} INFO - Sync 1 DAGs
[2025-08-03T10:39:57.232+0000] {logging_mixin.py:151} INFO - [2025-08-03T10:39:57.232+0000] {dag.py:3722} INFO - Setting next_dagrun for train_predict_to_db to 2025-08-03T10:39:00+00:00, run_after=2025-08-03T10:40:00+00:00
[2025-08-03T10:39:57.255+0000] {processor.py:179} INFO - Processing /opt/airflow/dags/train_predict_to_db_dag.py took 0.811 seconds
[2025-08-03T10:40:27.709+0000] {processor.py:157} INFO - Started process (PID=625) to work on /opt/airflow/dags/train_predict_to_db_dag.py
[2025-08-03T10:40:27.710+0000] {processor.py:829} INFO - Processing file /opt/airflow/dags/train_predict_to_db_dag.py for tasks to queue
[2025-08-03T10:40:27.712+0000] {logging_mixin.py:151} INFO - [2025-08-03T10:40:27.711+0000] {dagbag.py:536} INFO - Filling up the DagBag from /opt/airflow/dags/train_predict_to_db_dag.py
[2025-08-03T10:40:28.301+0000] {processor.py:839} INFO - DAG(s) dict_keys(['train_predict_to_db']) retrieved from /opt/airflow/dags/train_predict_to_db_dag.py
[2025-08-03T10:40:28.330+0000] {logging_mixin.py:151} INFO - [2025-08-03T10:40:28.329+0000] {dag.py:2941} INFO - Sync 1 DAGs
[2025-08-03T10:40:28.356+0000] {logging_mixin.py:151} INFO - [2025-08-03T10:40:28.356+0000] {dag.py:3722} INFO - Setting next_dagrun for train_predict_to_db to 2025-08-03T10:40:00+00:00, run_after=2025-08-03T10:41:00+00:00
[2025-08-03T10:40:28.384+0000] {processor.py:179} INFO - Processing /opt/airflow/dags/train_predict_to_db_dag.py took 0.681 seconds
[2025-08-03T10:40:58.981+0000] {processor.py:157} INFO - Started process (PID=636) to work on /opt/airflow/dags/train_predict_to_db_dag.py
[2025-08-03T10:40:58.983+0000] {processor.py:829} INFO - Processing file /opt/airflow/dags/train_predict_to_db_dag.py for tasks to queue
[2025-08-03T10:40:58.985+0000] {logging_mixin.py:151} INFO - [2025-08-03T10:40:58.984+0000] {dagbag.py:536} INFO - Filling up the DagBag from /opt/airflow/dags/train_predict_to_db_dag.py
[2025-08-03T10:40:59.548+0000] {processor.py:839} INFO - DAG(s) dict_keys(['train_predict_to_db']) retrieved from /opt/airflow/dags/train_predict_to_db_dag.py
[2025-08-03T10:40:59.577+0000] {logging_mixin.py:151} INFO - [2025-08-03T10:40:59.576+0000] {dag.py:2941} INFO - Sync 1 DAGs
[2025-08-03T10:40:59.601+0000] {logging_mixin.py:151} INFO - [2025-08-03T10:40:59.601+0000] {dag.py:3722} INFO - Setting next_dagrun for train_predict_to_db to 2025-08-03T10:40:00+00:00, run_after=2025-08-03T10:41:00+00:00
[2025-08-03T10:40:59.636+0000] {processor.py:179} INFO - Processing /opt/airflow/dags/train_predict_to_db_dag.py took 0.660 seconds
[2025-08-03T10:41:30.263+0000] {processor.py:157} INFO - Started process (PID=656) to work on /opt/airflow/dags/train_predict_to_db_dag.py
[2025-08-03T10:41:30.265+0000] {processor.py:829} INFO - Processing file /opt/airflow/dags/train_predict_to_db_dag.py for tasks to queue
[2025-08-03T10:41:30.266+0000] {logging_mixin.py:151} INFO - [2025-08-03T10:41:30.266+0000] {dagbag.py:536} INFO - Filling up the DagBag from /opt/airflow/dags/train_predict_to_db_dag.py
[2025-08-03T10:41:30.862+0000] {processor.py:839} INFO - DAG(s) dict_keys(['train_predict_to_db']) retrieved from /opt/airflow/dags/train_predict_to_db_dag.py
[2025-08-03T10:41:30.893+0000] {logging_mixin.py:151} INFO - [2025-08-03T10:41:30.893+0000] {dag.py:2941} INFO - Sync 1 DAGs
[2025-08-03T10:41:30.918+0000] {logging_mixin.py:151} INFO - [2025-08-03T10:41:30.917+0000] {dag.py:3722} INFO - Setting next_dagrun for train_predict_to_db to 2025-08-03T10:41:00+00:00, run_after=2025-08-03T10:42:00+00:00
[2025-08-03T10:41:30.947+0000] {processor.py:179} INFO - Processing /opt/airflow/dags/train_predict_to_db_dag.py took 0.688 seconds
[2025-08-03T10:42:01.594+0000] {processor.py:157} INFO - Started process (PID=670) to work on /opt/airflow/dags/train_predict_to_db_dag.py
[2025-08-03T10:42:01.595+0000] {processor.py:829} INFO - Processing file /opt/airflow/dags/train_predict_to_db_dag.py for tasks to queue
[2025-08-03T10:42:01.597+0000] {logging_mixin.py:151} INFO - [2025-08-03T10:42:01.597+0000] {dagbag.py:536} INFO - Filling up the DagBag from /opt/airflow/dags/train_predict_to_db_dag.py
[2025-08-03T10:42:02.267+0000] {processor.py:839} INFO - DAG(s) dict_keys(['train_predict_to_db']) retrieved from /opt/airflow/dags/train_predict_to_db_dag.py
[2025-08-03T10:42:02.303+0000] {logging_mixin.py:151} INFO - [2025-08-03T10:42:02.302+0000] {dag.py:2941} INFO - Sync 1 DAGs
[2025-08-03T10:42:02.341+0000] {logging_mixin.py:151} INFO - [2025-08-03T10:42:02.340+0000] {dag.py:3722} INFO - Setting next_dagrun for train_predict_to_db to 2025-08-03T10:42:00+00:00, run_after=2025-08-03T10:43:00+00:00
[2025-08-03T10:42:02.377+0000] {processor.py:179} INFO - Processing /opt/airflow/dags/train_predict_to_db_dag.py took 0.788 seconds
[2025-08-03T10:42:32.880+0000] {processor.py:157} INFO - Started process (PID=687) to work on /opt/airflow/dags/train_predict_to_db_dag.py
[2025-08-03T10:42:32.882+0000] {processor.py:829} INFO - Processing file /opt/airflow/dags/train_predict_to_db_dag.py for tasks to queue
[2025-08-03T10:42:32.884+0000] {logging_mixin.py:151} INFO - [2025-08-03T10:42:32.884+0000] {dagbag.py:536} INFO - Filling up the DagBag from /opt/airflow/dags/train_predict_to_db_dag.py
[2025-08-03T10:42:33.484+0000] {processor.py:839} INFO - DAG(s) dict_keys(['train_predict_to_db']) retrieved from /opt/airflow/dags/train_predict_to_db_dag.py
[2025-08-03T10:42:33.511+0000] {logging_mixin.py:151} INFO - [2025-08-03T10:42:33.511+0000] {dag.py:2941} INFO - Sync 1 DAGs
[2025-08-03T10:42:33.555+0000] {logging_mixin.py:151} INFO - [2025-08-03T10:42:33.555+0000] {dag.py:3722} INFO - Setting next_dagrun for train_predict_to_db to 2025-08-03T10:42:00+00:00, run_after=2025-08-03T10:43:00+00:00
[2025-08-03T10:42:33.580+0000] {processor.py:179} INFO - Processing /opt/airflow/dags/train_predict_to_db_dag.py took 0.706 seconds
[2025-08-03T10:43:04.191+0000] {processor.py:157} INFO - Started process (PID=704) to work on /opt/airflow/dags/train_predict_to_db_dag.py
[2025-08-03T10:43:04.193+0000] {processor.py:829} INFO - Processing file /opt/airflow/dags/train_predict_to_db_dag.py for tasks to queue
[2025-08-03T10:43:04.194+0000] {logging_mixin.py:151} INFO - [2025-08-03T10:43:04.194+0000] {dagbag.py:536} INFO - Filling up the DagBag from /opt/airflow/dags/train_predict_to_db_dag.py
[2025-08-03T10:43:04.898+0000] {processor.py:839} INFO - DAG(s) dict_keys(['train_predict_to_db']) retrieved from /opt/airflow/dags/train_predict_to_db_dag.py
[2025-08-03T10:43:04.931+0000] {logging_mixin.py:151} INFO - [2025-08-03T10:43:04.930+0000] {dag.py:2941} INFO - Sync 1 DAGs
[2025-08-03T10:43:04.972+0000] {logging_mixin.py:151} INFO - [2025-08-03T10:43:04.972+0000] {dag.py:3722} INFO - Setting next_dagrun for train_predict_to_db to 2025-08-03T10:43:00+00:00, run_after=2025-08-03T10:44:00+00:00
[2025-08-03T10:43:05.017+0000] {processor.py:179} INFO - Processing /opt/airflow/dags/train_predict_to_db_dag.py took 0.831 seconds
[2025-08-03T10:43:35.510+0000] {processor.py:157} INFO - Started process (PID=721) to work on /opt/airflow/dags/train_predict_to_db_dag.py
[2025-08-03T10:43:35.511+0000] {processor.py:829} INFO - Processing file /opt/airflow/dags/train_predict_to_db_dag.py for tasks to queue
[2025-08-03T10:43:35.513+0000] {logging_mixin.py:151} INFO - [2025-08-03T10:43:35.513+0000] {dagbag.py:536} INFO - Filling up the DagBag from /opt/airflow/dags/train_predict_to_db_dag.py
[2025-08-03T10:43:36.088+0000] {processor.py:839} INFO - DAG(s) dict_keys(['train_predict_to_db']) retrieved from /opt/airflow/dags/train_predict_to_db_dag.py
[2025-08-03T10:43:36.134+0000] {logging_mixin.py:151} INFO - [2025-08-03T10:43:36.133+0000] {dag.py:2941} INFO - Sync 1 DAGs
[2025-08-03T10:43:36.161+0000] {logging_mixin.py:151} INFO - [2025-08-03T10:43:36.161+0000] {dag.py:3722} INFO - Setting next_dagrun for train_predict_to_db to 2025-08-03T10:43:00+00:00, run_after=2025-08-03T10:44:00+00:00
[2025-08-03T10:43:36.188+0000] {processor.py:179} INFO - Processing /opt/airflow/dags/train_predict_to_db_dag.py took 0.684 seconds
[2025-08-03T10:44:06.786+0000] {processor.py:157} INFO - Started process (PID=738) to work on /opt/airflow/dags/train_predict_to_db_dag.py
[2025-08-03T10:44:06.787+0000] {processor.py:829} INFO - Processing file /opt/airflow/dags/train_predict_to_db_dag.py for tasks to queue
[2025-08-03T10:44:06.789+0000] {logging_mixin.py:151} INFO - [2025-08-03T10:44:06.789+0000] {dagbag.py:536} INFO - Filling up the DagBag from /opt/airflow/dags/train_predict_to_db_dag.py
[2025-08-03T10:44:07.590+0000] {processor.py:839} INFO - DAG(s) dict_keys(['train_predict_to_db']) retrieved from /opt/airflow/dags/train_predict_to_db_dag.py
[2025-08-03T10:44:07.622+0000] {logging_mixin.py:151} INFO - [2025-08-03T10:44:07.621+0000] {dag.py:2941} INFO - Sync 1 DAGs
[2025-08-03T10:44:07.677+0000] {logging_mixin.py:151} INFO - [2025-08-03T10:44:07.677+0000] {dag.py:3722} INFO - Setting next_dagrun for train_predict_to_db to 2025-08-03T10:44:00+00:00, run_after=2025-08-03T10:45:00+00:00
[2025-08-03T10:44:07.706+0000] {processor.py:179} INFO - Processing /opt/airflow/dags/train_predict_to_db_dag.py took 0.928 seconds
[2025-08-03T10:44:38.124+0000] {processor.py:157} INFO - Started process (PID=752) to work on /opt/airflow/dags/train_predict_to_db_dag.py
[2025-08-03T10:44:38.126+0000] {processor.py:829} INFO - Processing file /opt/airflow/dags/train_predict_to_db_dag.py for tasks to queue
[2025-08-03T10:44:38.127+0000] {logging_mixin.py:151} INFO - [2025-08-03T10:44:38.127+0000] {dagbag.py:536} INFO - Filling up the DagBag from /opt/airflow/dags/train_predict_to_db_dag.py
[2025-08-03T10:44:38.753+0000] {processor.py:839} INFO - DAG(s) dict_keys(['train_predict_to_db']) retrieved from /opt/airflow/dags/train_predict_to_db_dag.py
[2025-08-03T10:44:38.785+0000] {logging_mixin.py:151} INFO - [2025-08-03T10:44:38.785+0000] {dag.py:2941} INFO - Sync 1 DAGs
[2025-08-03T10:44:38.815+0000] {logging_mixin.py:151} INFO - [2025-08-03T10:44:38.814+0000] {dag.py:3722} INFO - Setting next_dagrun for train_predict_to_db to 2025-08-03T10:44:00+00:00, run_after=2025-08-03T10:45:00+00:00
[2025-08-03T10:44:38.843+0000] {processor.py:179} INFO - Processing /opt/airflow/dags/train_predict_to_db_dag.py took 0.723 seconds
[2025-08-03T10:45:09.515+0000] {processor.py:157} INFO - Started process (PID=777) to work on /opt/airflow/dags/train_predict_to_db_dag.py
[2025-08-03T10:45:09.516+0000] {processor.py:829} INFO - Processing file /opt/airflow/dags/train_predict_to_db_dag.py for tasks to queue
[2025-08-03T10:45:09.518+0000] {logging_mixin.py:151} INFO - [2025-08-03T10:45:09.518+0000] {dagbag.py:536} INFO - Filling up the DagBag from /opt/airflow/dags/train_predict_to_db_dag.py
[2025-08-03T10:45:10.071+0000] {processor.py:839} INFO - DAG(s) dict_keys(['train_predict_to_db']) retrieved from /opt/airflow/dags/train_predict_to_db_dag.py
[2025-08-03T10:45:10.101+0000] {logging_mixin.py:151} INFO - [2025-08-03T10:45:10.100+0000] {dag.py:2941} INFO - Sync 1 DAGs
[2025-08-03T10:45:10.130+0000] {logging_mixin.py:151} INFO - [2025-08-03T10:45:10.130+0000] {dag.py:3722} INFO - Setting next_dagrun for train_predict_to_db to 2025-08-03T10:45:00+00:00, run_after=2025-08-03T10:46:00+00:00
[2025-08-03T10:45:10.161+0000] {processor.py:179} INFO - Processing /opt/airflow/dags/train_predict_to_db_dag.py took 0.650 seconds
[2025-08-03T10:45:40.744+0000] {processor.py:157} INFO - Started process (PID=788) to work on /opt/airflow/dags/train_predict_to_db_dag.py
[2025-08-03T10:45:40.746+0000] {processor.py:829} INFO - Processing file /opt/airflow/dags/train_predict_to_db_dag.py for tasks to queue
[2025-08-03T10:45:40.748+0000] {logging_mixin.py:151} INFO - [2025-08-03T10:45:40.747+0000] {dagbag.py:536} INFO - Filling up the DagBag from /opt/airflow/dags/train_predict_to_db_dag.py
[2025-08-03T10:45:41.326+0000] {processor.py:839} INFO - DAG(s) dict_keys(['train_predict_to_db']) retrieved from /opt/airflow/dags/train_predict_to_db_dag.py
[2025-08-03T10:45:41.355+0000] {logging_mixin.py:151} INFO - [2025-08-03T10:45:41.355+0000] {dag.py:2941} INFO - Sync 1 DAGs
[2025-08-03T10:45:41.381+0000] {logging_mixin.py:151} INFO - [2025-08-03T10:45:41.381+0000] {dag.py:3722} INFO - Setting next_dagrun for train_predict_to_db to 2025-08-03T10:45:00+00:00, run_after=2025-08-03T10:46:00+00:00
[2025-08-03T10:45:41.407+0000] {processor.py:179} INFO - Processing /opt/airflow/dags/train_predict_to_db_dag.py took 0.668 seconds
[2025-08-03T10:46:12.012+0000] {processor.py:157} INFO - Started process (PID=810) to work on /opt/airflow/dags/train_predict_to_db_dag.py
[2025-08-03T10:46:12.014+0000] {processor.py:829} INFO - Processing file /opt/airflow/dags/train_predict_to_db_dag.py for tasks to queue
[2025-08-03T10:46:12.016+0000] {logging_mixin.py:151} INFO - [2025-08-03T10:46:12.015+0000] {dagbag.py:536} INFO - Filling up the DagBag from /opt/airflow/dags/train_predict_to_db_dag.py
[2025-08-03T10:46:12.680+0000] {processor.py:839} INFO - DAG(s) dict_keys(['train_predict_to_db']) retrieved from /opt/airflow/dags/train_predict_to_db_dag.py
[2025-08-03T10:46:12.710+0000] {logging_mixin.py:151} INFO - [2025-08-03T10:46:12.709+0000] {dag.py:2941} INFO - Sync 1 DAGs
[2025-08-03T10:46:12.734+0000] {logging_mixin.py:151} INFO - [2025-08-03T10:46:12.733+0000] {dag.py:3722} INFO - Setting next_dagrun for train_predict_to_db to 2025-08-03T10:46:00+00:00, run_after=2025-08-03T10:47:00+00:00
[2025-08-03T10:46:12.757+0000] {processor.py:179} INFO - Processing /opt/airflow/dags/train_predict_to_db_dag.py took 0.750 seconds
[2025-08-03T10:46:43.224+0000] {processor.py:157} INFO - Started process (PID=822) to work on /opt/airflow/dags/train_predict_to_db_dag.py
[2025-08-03T10:46:43.226+0000] {processor.py:829} INFO - Processing file /opt/airflow/dags/train_predict_to_db_dag.py for tasks to queue
[2025-08-03T10:46:43.227+0000] {logging_mixin.py:151} INFO - [2025-08-03T10:46:43.227+0000] {dagbag.py:536} INFO - Filling up the DagBag from /opt/airflow/dags/train_predict_to_db_dag.py
[2025-08-03T10:46:43.833+0000] {processor.py:839} INFO - DAG(s) dict_keys(['train_predict_to_db']) retrieved from /opt/airflow/dags/train_predict_to_db_dag.py
[2025-08-03T10:46:43.861+0000] {logging_mixin.py:151} INFO - [2025-08-03T10:46:43.861+0000] {dag.py:2941} INFO - Sync 1 DAGs
[2025-08-03T10:46:43.888+0000] {logging_mixin.py:151} INFO - [2025-08-03T10:46:43.888+0000] {dag.py:3722} INFO - Setting next_dagrun for train_predict_to_db to 2025-08-03T10:46:00+00:00, run_after=2025-08-03T10:47:00+00:00
[2025-08-03T10:46:43.918+0000] {processor.py:179} INFO - Processing /opt/airflow/dags/train_predict_to_db_dag.py took 0.699 seconds
[2025-08-03T10:47:14.482+0000] {processor.py:157} INFO - Started process (PID=845) to work on /opt/airflow/dags/train_predict_to_db_dag.py
[2025-08-03T10:47:14.485+0000] {processor.py:829} INFO - Processing file /opt/airflow/dags/train_predict_to_db_dag.py for tasks to queue
[2025-08-03T10:47:14.487+0000] {logging_mixin.py:151} INFO - [2025-08-03T10:47:14.487+0000] {dagbag.py:536} INFO - Filling up the DagBag from /opt/airflow/dags/train_predict_to_db_dag.py
[2025-08-03T10:47:15.057+0000] {processor.py:839} INFO - DAG(s) dict_keys(['train_predict_to_db']) retrieved from /opt/airflow/dags/train_predict_to_db_dag.py
[2025-08-03T10:47:15.087+0000] {logging_mixin.py:151} INFO - [2025-08-03T10:47:15.086+0000] {dag.py:2941} INFO - Sync 1 DAGs
[2025-08-03T10:47:15.118+0000] {logging_mixin.py:151} INFO - [2025-08-03T10:47:15.118+0000] {dag.py:3722} INFO - Setting next_dagrun for train_predict_to_db to 2025-08-03T10:47:00+00:00, run_after=2025-08-03T10:48:00+00:00
[2025-08-03T10:47:15.145+0000] {processor.py:179} INFO - Processing /opt/airflow/dags/train_predict_to_db_dag.py took 0.668 seconds
[2025-08-03T10:47:45.744+0000] {processor.py:157} INFO - Started process (PID=856) to work on /opt/airflow/dags/train_predict_to_db_dag.py
[2025-08-03T10:47:45.746+0000] {processor.py:829} INFO - Processing file /opt/airflow/dags/train_predict_to_db_dag.py for tasks to queue
[2025-08-03T10:47:45.748+0000] {logging_mixin.py:151} INFO - [2025-08-03T10:47:45.748+0000] {dagbag.py:536} INFO - Filling up the DagBag from /opt/airflow/dags/train_predict_to_db_dag.py
[2025-08-03T10:47:46.356+0000] {processor.py:839} INFO - DAG(s) dict_keys(['train_predict_to_db']) retrieved from /opt/airflow/dags/train_predict_to_db_dag.py
[2025-08-03T10:47:46.384+0000] {logging_mixin.py:151} INFO - [2025-08-03T10:47:46.383+0000] {dag.py:2941} INFO - Sync 1 DAGs
[2025-08-03T10:47:46.411+0000] {logging_mixin.py:151} INFO - [2025-08-03T10:47:46.411+0000] {dag.py:3722} INFO - Setting next_dagrun for train_predict_to_db to 2025-08-03T10:47:00+00:00, run_after=2025-08-03T10:48:00+00:00
[2025-08-03T10:47:46.447+0000] {processor.py:179} INFO - Processing /opt/airflow/dags/train_predict_to_db_dag.py took 0.708 seconds
[2025-08-03T10:48:17.000+0000] {processor.py:157} INFO - Started process (PID=879) to work on /opt/airflow/dags/train_predict_to_db_dag.py
[2025-08-03T10:48:17.002+0000] {processor.py:829} INFO - Processing file /opt/airflow/dags/train_predict_to_db_dag.py for tasks to queue
[2025-08-03T10:48:17.003+0000] {logging_mixin.py:151} INFO - [2025-08-03T10:48:17.003+0000] {dagbag.py:536} INFO - Filling up the DagBag from /opt/airflow/dags/train_predict_to_db_dag.py
[2025-08-03T10:48:17.473+0000] {processor.py:839} INFO - DAG(s) dict_keys(['train_predict_to_db']) retrieved from /opt/airflow/dags/train_predict_to_db_dag.py
[2025-08-03T10:48:17.536+0000] {logging_mixin.py:151} INFO - [2025-08-03T10:48:17.535+0000] {dag.py:2941} INFO - Sync 1 DAGs
[2025-08-03T10:48:17.588+0000] {logging_mixin.py:151} INFO - [2025-08-03T10:48:17.588+0000] {dag.py:3722} INFO - Setting next_dagrun for train_predict_to_db to 2025-08-03T10:48:00+00:00, run_after=2025-08-03T10:49:00+00:00
[2025-08-03T10:48:17.619+0000] {processor.py:179} INFO - Processing /opt/airflow/dags/train_predict_to_db_dag.py took 0.814 seconds
[2025-08-03T10:48:48.048+0000] {processor.py:157} INFO - Started process (PID=890) to work on /opt/airflow/dags/train_predict_to_db_dag.py
[2025-08-03T10:48:48.050+0000] {processor.py:829} INFO - Processing file /opt/airflow/dags/train_predict_to_db_dag.py for tasks to queue
[2025-08-03T10:48:48.052+0000] {logging_mixin.py:151} INFO - [2025-08-03T10:48:48.051+0000] {dagbag.py:536} INFO - Filling up the DagBag from /opt/airflow/dags/train_predict_to_db_dag.py
[2025-08-03T10:48:48.613+0000] {processor.py:839} INFO - DAG(s) dict_keys(['train_predict_to_db']) retrieved from /opt/airflow/dags/train_predict_to_db_dag.py
[2025-08-03T10:48:48.640+0000] {logging_mixin.py:151} INFO - [2025-08-03T10:48:48.640+0000] {dag.py:2941} INFO - Sync 1 DAGs
[2025-08-03T10:48:48.663+0000] {logging_mixin.py:151} INFO - [2025-08-03T10:48:48.663+0000] {dag.py:3722} INFO - Setting next_dagrun for train_predict_to_db to 2025-08-03T10:48:00+00:00, run_after=2025-08-03T10:49:00+00:00
[2025-08-03T10:48:48.687+0000] {processor.py:179} INFO - Processing /opt/airflow/dags/train_predict_to_db_dag.py took 0.644 seconds
[2025-08-03T10:49:19.435+0000] {processor.py:157} INFO - Started process (PID=910) to work on /opt/airflow/dags/train_predict_to_db_dag.py
[2025-08-03T10:49:19.437+0000] {processor.py:829} INFO - Processing file /opt/airflow/dags/train_predict_to_db_dag.py for tasks to queue
[2025-08-03T10:49:19.438+0000] {logging_mixin.py:151} INFO - [2025-08-03T10:49:19.438+0000] {dagbag.py:536} INFO - Filling up the DagBag from /opt/airflow/dags/train_predict_to_db_dag.py
[2025-08-03T10:49:19.973+0000] {processor.py:839} INFO - DAG(s) dict_keys(['train_predict_to_db']) retrieved from /opt/airflow/dags/train_predict_to_db_dag.py
[2025-08-03T10:49:19.998+0000] {logging_mixin.py:151} INFO - [2025-08-03T10:49:19.998+0000] {dag.py:2941} INFO - Sync 1 DAGs
[2025-08-03T10:49:20.024+0000] {logging_mixin.py:151} INFO - [2025-08-03T10:49:20.023+0000] {dag.py:3722} INFO - Setting next_dagrun for train_predict_to_db to 2025-08-03T10:49:00+00:00, run_after=2025-08-03T10:50:00+00:00
[2025-08-03T10:49:20.055+0000] {processor.py:179} INFO - Processing /opt/airflow/dags/train_predict_to_db_dag.py took 0.625 seconds
[2025-08-03T10:49:50.657+0000] {processor.py:157} INFO - Started process (PID=921) to work on /opt/airflow/dags/train_predict_to_db_dag.py
[2025-08-03T10:49:50.658+0000] {processor.py:829} INFO - Processing file /opt/airflow/dags/train_predict_to_db_dag.py for tasks to queue
[2025-08-03T10:49:50.660+0000] {logging_mixin.py:151} INFO - [2025-08-03T10:49:50.659+0000] {dagbag.py:536} INFO - Filling up the DagBag from /opt/airflow/dags/train_predict_to_db_dag.py
[2025-08-03T10:49:51.185+0000] {processor.py:839} INFO - DAG(s) dict_keys(['train_predict_to_db']) retrieved from /opt/airflow/dags/train_predict_to_db_dag.py
[2025-08-03T10:49:51.210+0000] {logging_mixin.py:151} INFO - [2025-08-03T10:49:51.209+0000] {dag.py:2941} INFO - Sync 1 DAGs
[2025-08-03T10:49:51.236+0000] {logging_mixin.py:151} INFO - [2025-08-03T10:49:51.235+0000] {dag.py:3722} INFO - Setting next_dagrun for train_predict_to_db to 2025-08-03T10:49:00+00:00, run_after=2025-08-03T10:50:00+00:00
[2025-08-03T10:49:51.266+0000] {processor.py:179} INFO - Processing /opt/airflow/dags/train_predict_to_db_dag.py took 0.613 seconds
[2025-08-03T10:50:21.865+0000] {processor.py:157} INFO - Started process (PID=941) to work on /opt/airflow/dags/train_predict_to_db_dag.py
[2025-08-03T10:50:21.867+0000] {processor.py:829} INFO - Processing file /opt/airflow/dags/train_predict_to_db_dag.py for tasks to queue
[2025-08-03T10:50:21.869+0000] {logging_mixin.py:151} INFO - [2025-08-03T10:50:21.868+0000] {dagbag.py:536} INFO - Filling up the DagBag from /opt/airflow/dags/train_predict_to_db_dag.py
[2025-08-03T10:50:22.438+0000] {processor.py:839} INFO - DAG(s) dict_keys(['train_predict_to_db']) retrieved from /opt/airflow/dags/train_predict_to_db_dag.py
[2025-08-03T10:50:22.462+0000] {logging_mixin.py:151} INFO - [2025-08-03T10:50:22.462+0000] {dag.py:2941} INFO - Sync 1 DAGs
[2025-08-03T10:50:22.484+0000] {logging_mixin.py:151} INFO - [2025-08-03T10:50:22.484+0000] {dag.py:3722} INFO - Setting next_dagrun for train_predict_to_db to 2025-08-03T10:50:00+00:00, run_after=2025-08-03T10:51:00+00:00
[2025-08-03T10:50:22.506+0000] {processor.py:179} INFO - Processing /opt/airflow/dags/train_predict_to_db_dag.py took 0.646 seconds
[2025-08-03T10:50:53.121+0000] {processor.py:157} INFO - Started process (PID=952) to work on /opt/airflow/dags/train_predict_to_db_dag.py
[2025-08-03T10:50:53.122+0000] {processor.py:829} INFO - Processing file /opt/airflow/dags/train_predict_to_db_dag.py for tasks to queue
[2025-08-03T10:50:53.124+0000] {logging_mixin.py:151} INFO - [2025-08-03T10:50:53.123+0000] {dagbag.py:536} INFO - Filling up the DagBag from /opt/airflow/dags/train_predict_to_db_dag.py
[2025-08-03T10:50:53.721+0000] {processor.py:839} INFO - DAG(s) dict_keys(['train_predict_to_db']) retrieved from /opt/airflow/dags/train_predict_to_db_dag.py
[2025-08-03T10:50:53.750+0000] {logging_mixin.py:151} INFO - [2025-08-03T10:50:53.750+0000] {dag.py:2941} INFO - Sync 1 DAGs
[2025-08-03T10:50:53.773+0000] {logging_mixin.py:151} INFO - [2025-08-03T10:50:53.773+0000] {dag.py:3722} INFO - Setting next_dagrun for train_predict_to_db to 2025-08-03T10:50:00+00:00, run_after=2025-08-03T10:51:00+00:00
[2025-08-03T10:50:53.800+0000] {processor.py:179} INFO - Processing /opt/airflow/dags/train_predict_to_db_dag.py took 0.684 seconds
[2025-08-03T10:51:24.389+0000] {processor.py:157} INFO - Started process (PID=972) to work on /opt/airflow/dags/train_predict_to_db_dag.py
[2025-08-03T10:51:24.391+0000] {processor.py:829} INFO - Processing file /opt/airflow/dags/train_predict_to_db_dag.py for tasks to queue
[2025-08-03T10:51:24.392+0000] {logging_mixin.py:151} INFO - [2025-08-03T10:51:24.391+0000] {dagbag.py:536} INFO - Filling up the DagBag from /opt/airflow/dags/train_predict_to_db_dag.py
[2025-08-03T10:51:24.981+0000] {processor.py:839} INFO - DAG(s) dict_keys(['train_predict_to_db']) retrieved from /opt/airflow/dags/train_predict_to_db_dag.py
[2025-08-03T10:51:25.008+0000] {logging_mixin.py:151} INFO - [2025-08-03T10:51:25.007+0000] {dag.py:2941} INFO - Sync 1 DAGs
[2025-08-03T10:51:25.034+0000] {logging_mixin.py:151} INFO - [2025-08-03T10:51:25.034+0000] {dag.py:3722} INFO - Setting next_dagrun for train_predict_to_db to 2025-08-03T10:51:00+00:00, run_after=2025-08-03T10:52:00+00:00
[2025-08-03T10:51:25.060+0000] {processor.py:179} INFO - Processing /opt/airflow/dags/train_predict_to_db_dag.py took 0.676 seconds
[2025-08-03T10:51:55.664+0000] {processor.py:157} INFO - Started process (PID=983) to work on /opt/airflow/dags/train_predict_to_db_dag.py
[2025-08-03T10:51:55.666+0000] {processor.py:829} INFO - Processing file /opt/airflow/dags/train_predict_to_db_dag.py for tasks to queue
[2025-08-03T10:51:55.668+0000] {logging_mixin.py:151} INFO - [2025-08-03T10:51:55.667+0000] {dagbag.py:536} INFO - Filling up the DagBag from /opt/airflow/dags/train_predict_to_db_dag.py
[2025-08-03T10:51:56.243+0000] {processor.py:839} INFO - DAG(s) dict_keys(['train_predict_to_db']) retrieved from /opt/airflow/dags/train_predict_to_db_dag.py
[2025-08-03T10:51:56.272+0000] {logging_mixin.py:151} INFO - [2025-08-03T10:51:56.271+0000] {dag.py:2941} INFO - Sync 1 DAGs
[2025-08-03T10:51:56.298+0000] {logging_mixin.py:151} INFO - [2025-08-03T10:51:56.298+0000] {dag.py:3722} INFO - Setting next_dagrun for train_predict_to_db to 2025-08-03T10:51:00+00:00, run_after=2025-08-03T10:52:00+00:00
[2025-08-03T10:51:56.327+0000] {processor.py:179} INFO - Processing /opt/airflow/dags/train_predict_to_db_dag.py took 0.667 seconds
[2025-08-03T10:52:26.939+0000] {processor.py:157} INFO - Started process (PID=1003) to work on /opt/airflow/dags/train_predict_to_db_dag.py
[2025-08-03T10:52:26.940+0000] {processor.py:829} INFO - Processing file /opt/airflow/dags/train_predict_to_db_dag.py for tasks to queue
[2025-08-03T10:52:26.942+0000] {logging_mixin.py:151} INFO - [2025-08-03T10:52:26.941+0000] {dagbag.py:536} INFO - Filling up the DagBag from /opt/airflow/dags/train_predict_to_db_dag.py
[2025-08-03T10:52:27.729+0000] {processor.py:839} INFO - DAG(s) dict_keys(['train_predict_to_db']) retrieved from /opt/airflow/dags/train_predict_to_db_dag.py
[2025-08-03T10:52:27.764+0000] {logging_mixin.py:151} INFO - [2025-08-03T10:52:27.764+0000] {dag.py:2941} INFO - Sync 1 DAGs
[2025-08-03T10:52:27.791+0000] {logging_mixin.py:151} INFO - [2025-08-03T10:52:27.791+0000] {dag.py:3722} INFO - Setting next_dagrun for train_predict_to_db to 2025-08-03T10:52:00+00:00, run_after=2025-08-03T10:53:00+00:00
[2025-08-03T10:52:27.816+0000] {processor.py:179} INFO - Processing /opt/airflow/dags/train_predict_to_db_dag.py took 0.882 seconds
[2025-08-03T10:52:58.197+0000] {processor.py:157} INFO - Started process (PID=1014) to work on /opt/airflow/dags/train_predict_to_db_dag.py
[2025-08-03T10:52:58.199+0000] {processor.py:829} INFO - Processing file /opt/airflow/dags/train_predict_to_db_dag.py for tasks to queue
[2025-08-03T10:52:58.202+0000] {logging_mixin.py:151} INFO - [2025-08-03T10:52:58.201+0000] {dagbag.py:536} INFO - Filling up the DagBag from /opt/airflow/dags/train_predict_to_db_dag.py
[2025-08-03T10:52:58.764+0000] {processor.py:839} INFO - DAG(s) dict_keys(['train_predict_to_db']) retrieved from /opt/airflow/dags/train_predict_to_db_dag.py
[2025-08-03T10:52:58.790+0000] {logging_mixin.py:151} INFO - [2025-08-03T10:52:58.789+0000] {dag.py:2941} INFO - Sync 1 DAGs
[2025-08-03T10:52:58.814+0000] {logging_mixin.py:151} INFO - [2025-08-03T10:52:58.813+0000] {dag.py:3722} INFO - Setting next_dagrun for train_predict_to_db to 2025-08-03T10:52:00+00:00, run_after=2025-08-03T10:53:00+00:00
[2025-08-03T10:52:58.838+0000] {processor.py:179} INFO - Processing /opt/airflow/dags/train_predict_to_db_dag.py took 0.646 seconds
[2025-08-03T10:53:29.425+0000] {processor.py:157} INFO - Started process (PID=1034) to work on /opt/airflow/dags/train_predict_to_db_dag.py
[2025-08-03T10:53:29.426+0000] {processor.py:829} INFO - Processing file /opt/airflow/dags/train_predict_to_db_dag.py for tasks to queue
[2025-08-03T10:53:29.428+0000] {logging_mixin.py:151} INFO - [2025-08-03T10:53:29.427+0000] {dagbag.py:536} INFO - Filling up the DagBag from /opt/airflow/dags/train_predict_to_db_dag.py
[2025-08-03T10:53:29.975+0000] {processor.py:839} INFO - DAG(s) dict_keys(['train_predict_to_db']) retrieved from /opt/airflow/dags/train_predict_to_db_dag.py
[2025-08-03T10:53:30.002+0000] {logging_mixin.py:151} INFO - [2025-08-03T10:53:30.001+0000] {dag.py:2941} INFO - Sync 1 DAGs
[2025-08-03T10:53:30.027+0000] {logging_mixin.py:151} INFO - [2025-08-03T10:53:30.027+0000] {dag.py:3722} INFO - Setting next_dagrun for train_predict_to_db to 2025-08-03T10:53:00+00:00, run_after=2025-08-03T10:54:00+00:00
[2025-08-03T10:53:30.056+0000] {processor.py:179} INFO - Processing /opt/airflow/dags/train_predict_to_db_dag.py took 0.636 seconds
[2025-08-03T10:54:00.692+0000] {processor.py:157} INFO - Started process (PID=1047) to work on /opt/airflow/dags/train_predict_to_db_dag.py
[2025-08-03T10:54:00.693+0000] {processor.py:829} INFO - Processing file /opt/airflow/dags/train_predict_to_db_dag.py for tasks to queue
[2025-08-03T10:54:00.695+0000] {logging_mixin.py:151} INFO - [2025-08-03T10:54:00.695+0000] {dagbag.py:536} INFO - Filling up the DagBag from /opt/airflow/dags/train_predict_to_db_dag.py
[2025-08-03T10:54:01.450+0000] {processor.py:839} INFO - DAG(s) dict_keys(['train_predict_to_db']) retrieved from /opt/airflow/dags/train_predict_to_db_dag.py
[2025-08-03T10:54:01.526+0000] {logging_mixin.py:151} INFO - [2025-08-03T10:54:01.525+0000] {dag.py:2941} INFO - Sync 1 DAGs
[2025-08-03T10:54:01.576+0000] {logging_mixin.py:151} INFO - [2025-08-03T10:54:01.575+0000] {dag.py:3722} INFO - Setting next_dagrun for train_predict_to_db to 2025-08-03T10:54:00+00:00, run_after=2025-08-03T10:55:00+00:00
[2025-08-03T10:54:01.625+0000] {processor.py:179} INFO - Processing /opt/airflow/dags/train_predict_to_db_dag.py took 0.940 seconds
[2025-08-03T10:54:32.051+0000] {processor.py:157} INFO - Started process (PID=1065) to work on /opt/airflow/dags/train_predict_to_db_dag.py
[2025-08-03T10:54:32.053+0000] {processor.py:829} INFO - Processing file /opt/airflow/dags/train_predict_to_db_dag.py for tasks to queue
[2025-08-03T10:54:32.054+0000] {logging_mixin.py:151} INFO - [2025-08-03T10:54:32.054+0000] {dagbag.py:536} INFO - Filling up the DagBag from /opt/airflow/dags/train_predict_to_db_dag.py
[2025-08-03T10:54:32.681+0000] {processor.py:839} INFO - DAG(s) dict_keys(['train_predict_to_db']) retrieved from /opt/airflow/dags/train_predict_to_db_dag.py
[2025-08-03T10:54:32.723+0000] {logging_mixin.py:151} INFO - [2025-08-03T10:54:32.723+0000] {dag.py:2941} INFO - Sync 1 DAGs
[2025-08-03T10:54:32.774+0000] {logging_mixin.py:151} INFO - [2025-08-03T10:54:32.774+0000] {dag.py:3722} INFO - Setting next_dagrun for train_predict_to_db to 2025-08-03T10:54:00+00:00, run_after=2025-08-03T10:55:00+00:00
[2025-08-03T10:54:32.798+0000] {processor.py:179} INFO - Processing /opt/airflow/dags/train_predict_to_db_dag.py took 0.752 seconds
[2025-08-03T10:55:03.213+0000] {processor.py:157} INFO - Started process (PID=1080) to work on /opt/airflow/dags/train_predict_to_db_dag.py
[2025-08-03T10:55:03.215+0000] {processor.py:829} INFO - Processing file /opt/airflow/dags/train_predict_to_db_dag.py for tasks to queue
[2025-08-03T10:55:03.216+0000] {logging_mixin.py:151} INFO - [2025-08-03T10:55:03.216+0000] {dagbag.py:536} INFO - Filling up the DagBag from /opt/airflow/dags/train_predict_to_db_dag.py
[2025-08-03T10:55:03.776+0000] {processor.py:839} INFO - DAG(s) dict_keys(['train_predict_to_db']) retrieved from /opt/airflow/dags/train_predict_to_db_dag.py
[2025-08-03T10:55:03.802+0000] {logging_mixin.py:151} INFO - [2025-08-03T10:55:03.802+0000] {dag.py:2941} INFO - Sync 1 DAGs
[2025-08-03T10:55:03.827+0000] {logging_mixin.py:151} INFO - [2025-08-03T10:55:03.826+0000] {dag.py:3722} INFO - Setting next_dagrun for train_predict_to_db to 2025-08-03T10:55:00+00:00, run_after=2025-08-03T10:56:00+00:00
[2025-08-03T10:55:03.851+0000] {processor.py:179} INFO - Processing /opt/airflow/dags/train_predict_to_db_dag.py took 0.647 seconds
[2025-08-03T10:55:34.493+0000] {processor.py:157} INFO - Started process (PID=1099) to work on /opt/airflow/dags/train_predict_to_db_dag.py
[2025-08-03T10:55:34.497+0000] {processor.py:829} INFO - Processing file /opt/airflow/dags/train_predict_to_db_dag.py for tasks to queue
[2025-08-03T10:55:34.501+0000] {logging_mixin.py:151} INFO - [2025-08-03T10:55:34.498+0000] {dagbag.py:536} INFO - Filling up the DagBag from /opt/airflow/dags/train_predict_to_db_dag.py
[2025-08-03T10:55:35.819+0000] {processor.py:839} INFO - DAG(s) dict_keys(['train_predict_to_db']) retrieved from /opt/airflow/dags/train_predict_to_db_dag.py
[2025-08-03T10:55:35.885+0000] {logging_mixin.py:151} INFO - [2025-08-03T10:55:35.882+0000] {dag.py:2941} INFO - Sync 1 DAGs
[2025-08-03T10:55:35.941+0000] {logging_mixin.py:151} INFO - [2025-08-03T10:55:35.940+0000] {dag.py:3722} INFO - Setting next_dagrun for train_predict_to_db to 2025-08-03T10:55:00+00:00, run_after=2025-08-03T10:56:00+00:00
[2025-08-03T10:55:35.981+0000] {processor.py:179} INFO - Processing /opt/airflow/dags/train_predict_to_db_dag.py took 1.506 seconds
[2025-08-03T10:56:06.729+0000] {processor.py:157} INFO - Started process (PID=1116) to work on /opt/airflow/dags/train_predict_to_db_dag.py
[2025-08-03T10:56:06.731+0000] {processor.py:829} INFO - Processing file /opt/airflow/dags/train_predict_to_db_dag.py for tasks to queue
[2025-08-03T10:56:06.733+0000] {logging_mixin.py:151} INFO - [2025-08-03T10:56:06.732+0000] {dagbag.py:536} INFO - Filling up the DagBag from /opt/airflow/dags/train_predict_to_db_dag.py
[2025-08-03T10:56:07.492+0000] {processor.py:839} INFO - DAG(s) dict_keys(['train_predict_to_db']) retrieved from /opt/airflow/dags/train_predict_to_db_dag.py
[2025-08-03T10:56:07.533+0000] {logging_mixin.py:151} INFO - [2025-08-03T10:56:07.533+0000] {dag.py:2941} INFO - Sync 1 DAGs
[2025-08-03T10:56:07.562+0000] {logging_mixin.py:151} INFO - [2025-08-03T10:56:07.562+0000] {dag.py:3722} INFO - Setting next_dagrun for train_predict_to_db to 2025-08-03T10:56:00+00:00, run_after=2025-08-03T10:57:00+00:00
[2025-08-03T10:56:07.602+0000] {processor.py:179} INFO - Processing /opt/airflow/dags/train_predict_to_db_dag.py took 0.879 seconds
[2025-08-03T10:56:38.628+0000] {processor.py:157} INFO - Started process (PID=1130) to work on /opt/airflow/dags/train_predict_to_db_dag.py
[2025-08-03T10:56:38.733+0000] {processor.py:829} INFO - Processing file /opt/airflow/dags/train_predict_to_db_dag.py for tasks to queue
[2025-08-03T10:56:38.737+0000] {logging_mixin.py:151} INFO - [2025-08-03T10:56:38.737+0000] {dagbag.py:536} INFO - Filling up the DagBag from /opt/airflow/dags/train_predict_to_db_dag.py
[2025-08-03T10:56:41.382+0000] {processor.py:839} INFO - DAG(s) dict_keys(['train_predict_to_db']) retrieved from /opt/airflow/dags/train_predict_to_db_dag.py
[2025-08-03T10:56:41.488+0000] {logging_mixin.py:151} INFO - [2025-08-03T10:56:41.487+0000] {dag.py:2941} INFO - Sync 1 DAGs
[2025-08-03T10:56:41.548+0000] {logging_mixin.py:151} INFO - [2025-08-03T10:56:41.547+0000] {dag.py:3722} INFO - Setting next_dagrun for train_predict_to_db to 2025-08-03T10:56:00+00:00, run_after=2025-08-03T10:57:00+00:00
[2025-08-03T10:56:41.599+0000] {processor.py:179} INFO - Processing /opt/airflow/dags/train_predict_to_db_dag.py took 2.979 seconds
[2025-08-03T10:57:11.774+0000] {processor.py:157} INFO - Started process (PID=1147) to work on /opt/airflow/dags/train_predict_to_db_dag.py
[2025-08-03T10:57:11.878+0000] {processor.py:829} INFO - Processing file /opt/airflow/dags/train_predict_to_db_dag.py for tasks to queue
[2025-08-03T10:57:11.884+0000] {logging_mixin.py:151} INFO - [2025-08-03T10:57:11.883+0000] {dagbag.py:536} INFO - Filling up the DagBag from /opt/airflow/dags/train_predict_to_db_dag.py
[2025-08-03T10:57:12.836+0000] {processor.py:839} INFO - DAG(s) dict_keys(['train_predict_to_db']) retrieved from /opt/airflow/dags/train_predict_to_db_dag.py
[2025-08-03T10:57:12.921+0000] {logging_mixin.py:151} INFO - [2025-08-03T10:57:12.920+0000] {dag.py:2941} INFO - Sync 1 DAGs
[2025-08-03T10:57:12.958+0000] {logging_mixin.py:151} INFO - [2025-08-03T10:57:12.957+0000] {dag.py:3722} INFO - Setting next_dagrun for train_predict_to_db to 2025-08-03T10:57:00+00:00, run_after=2025-08-03T10:58:00+00:00
[2025-08-03T10:57:12.989+0000] {processor.py:179} INFO - Processing /opt/airflow/dags/train_predict_to_db_dag.py took 1.221 seconds
[2025-08-03T10:57:43.190+0000] {processor.py:157} INFO - Started process (PID=1161) to work on /opt/airflow/dags/train_predict_to_db_dag.py
[2025-08-03T10:57:43.193+0000] {processor.py:829} INFO - Processing file /opt/airflow/dags/train_predict_to_db_dag.py for tasks to queue
[2025-08-03T10:57:43.195+0000] {logging_mixin.py:151} INFO - [2025-08-03T10:57:43.194+0000] {dagbag.py:536} INFO - Filling up the DagBag from /opt/airflow/dags/train_predict_to_db_dag.py
[2025-08-03T10:57:43.997+0000] {processor.py:839} INFO - DAG(s) dict_keys(['train_predict_to_db']) retrieved from /opt/airflow/dags/train_predict_to_db_dag.py
[2025-08-03T10:57:43.834+0000] {logging_mixin.py:151} INFO - [2025-08-03T10:57:43.833+0000] {dag.py:2941} INFO - Sync 1 DAGs
[2025-08-03T10:57:43.865+0000] {logging_mixin.py:151} INFO - [2025-08-03T10:57:43.865+0000] {dag.py:3722} INFO - Setting next_dagrun for train_predict_to_db to 2025-08-03T10:57:00+00:00, run_after=2025-08-03T10:58:00+00:00
[2025-08-03T10:57:43.904+0000] {processor.py:179} INFO - Processing /opt/airflow/dags/train_predict_to_db_dag.py took 0.936 seconds
[2025-08-03T10:58:14.886+0000] {processor.py:157} INFO - Started process (PID=1184) to work on /opt/airflow/dags/train_predict_to_db_dag.py
[2025-08-03T10:58:14.889+0000] {processor.py:829} INFO - Processing file /opt/airflow/dags/train_predict_to_db_dag.py for tasks to queue
[2025-08-03T10:58:14.891+0000] {logging_mixin.py:151} INFO - [2025-08-03T10:58:14.890+0000] {dagbag.py:536} INFO - Filling up the DagBag from /opt/airflow/dags/train_predict_to_db_dag.py
[2025-08-03T10:58:15.433+0000] {processor.py:839} INFO - DAG(s) dict_keys(['train_predict_to_db']) retrieved from /opt/airflow/dags/train_predict_to_db_dag.py
[2025-08-03T10:58:15.465+0000] {logging_mixin.py:151} INFO - [2025-08-03T10:58:15.465+0000] {dag.py:2941} INFO - Sync 1 DAGs
[2025-08-03T10:58:15.488+0000] {logging_mixin.py:151} INFO - [2025-08-03T10:58:15.488+0000] {dag.py:3722} INFO - Setting next_dagrun for train_predict_to_db to 2025-08-03T10:58:00+00:00, run_after=2025-08-03T10:59:00+00:00
[2025-08-03T10:58:15.511+0000] {processor.py:179} INFO - Processing /opt/airflow/dags/train_predict_to_db_dag.py took 0.628 seconds
[2025-08-03T10:58:45.986+0000] {processor.py:157} INFO - Started process (PID=1195) to work on /opt/airflow/dags/train_predict_to_db_dag.py
[2025-08-03T10:58:45.987+0000] {processor.py:829} INFO - Processing file /opt/airflow/dags/train_predict_to_db_dag.py for tasks to queue
[2025-08-03T10:58:45.990+0000] {logging_mixin.py:151} INFO - [2025-08-03T10:58:45.989+0000] {dagbag.py:536} INFO - Filling up the DagBag from /opt/airflow/dags/train_predict_to_db_dag.py
[2025-08-03T10:58:46.571+0000] {processor.py:839} INFO - DAG(s) dict_keys(['train_predict_to_db']) retrieved from /opt/airflow/dags/train_predict_to_db_dag.py
[2025-08-03T10:58:46.598+0000] {logging_mixin.py:151} INFO - [2025-08-03T10:58:46.597+0000] {dag.py:2941} INFO - Sync 1 DAGs
[2025-08-03T10:58:46.624+0000] {logging_mixin.py:151} INFO - [2025-08-03T10:58:46.623+0000] {dag.py:3722} INFO - Setting next_dagrun for train_predict_to_db to 2025-08-03T10:58:00+00:00, run_after=2025-08-03T10:59:00+00:00
[2025-08-03T10:58:46.647+0000] {processor.py:179} INFO - Processing /opt/airflow/dags/train_predict_to_db_dag.py took 0.667 seconds
[2025-08-03T10:59:17.307+0000] {processor.py:157} INFO - Started process (PID=1218) to work on /opt/airflow/dags/train_predict_to_db_dag.py
[2025-08-03T10:59:17.309+0000] {processor.py:829} INFO - Processing file /opt/airflow/dags/train_predict_to_db_dag.py for tasks to queue
[2025-08-03T10:59:17.311+0000] {logging_mixin.py:151} INFO - [2025-08-03T10:59:17.311+0000] {dagbag.py:536} INFO - Filling up the DagBag from /opt/airflow/dags/train_predict_to_db_dag.py
[2025-08-03T10:59:17.950+0000] {processor.py:839} INFO - DAG(s) dict_keys(['train_predict_to_db']) retrieved from /opt/airflow/dags/train_predict_to_db_dag.py
[2025-08-03T10:59:17.999+0000] {logging_mixin.py:151} INFO - [2025-08-03T10:59:17.998+0000] {dag.py:2941} INFO - Sync 1 DAGs
[2025-08-03T10:59:18.025+0000] {logging_mixin.py:151} INFO - [2025-08-03T10:59:18.025+0000] {dag.py:3722} INFO - Setting next_dagrun for train_predict_to_db to 2025-08-03T10:59:00+00:00, run_after=2025-08-03T11:00:00+00:00
[2025-08-03T10:59:18.051+0000] {processor.py:179} INFO - Processing /opt/airflow/dags/train_predict_to_db_dag.py took 0.748 seconds
[2025-08-03T10:59:48.293+0000] {processor.py:157} INFO - Started process (PID=1234) to work on /opt/airflow/dags/train_predict_to_db_dag.py
[2025-08-03T10:59:48.296+0000] {processor.py:829} INFO - Processing file /opt/airflow/dags/train_predict_to_db_dag.py for tasks to queue
[2025-08-03T10:59:48.299+0000] {logging_mixin.py:151} INFO - [2025-08-03T10:59:48.298+0000] {dagbag.py:536} INFO - Filling up the DagBag from /opt/airflow/dags/train_predict_to_db_dag.py
[2025-08-03T10:59:49.257+0000] {processor.py:839} INFO - DAG(s) dict_keys(['train_predict_to_db']) retrieved from /opt/airflow/dags/train_predict_to_db_dag.py
[2025-08-03T10:59:49.328+0000] {logging_mixin.py:151} INFO - [2025-08-03T10:59:49.328+0000] {dag.py:2941} INFO - Sync 1 DAGs
[2025-08-03T10:59:49.373+0000] {logging_mixin.py:151} INFO - [2025-08-03T10:59:49.373+0000] {dag.py:3722} INFO - Setting next_dagrun for train_predict_to_db to 2025-08-03T10:59:00+00:00, run_after=2025-08-03T11:00:00+00:00
[2025-08-03T10:59:49.406+0000] {processor.py:179} INFO - Processing /opt/airflow/dags/train_predict_to_db_dag.py took 1.121 seconds
[2025-08-03T11:00:19.614+0000] {processor.py:157} INFO - Started process (PID=1254) to work on /opt/airflow/dags/train_predict_to_db_dag.py
[2025-08-03T11:00:19.706+0000] {processor.py:829} INFO - Processing file /opt/airflow/dags/train_predict_to_db_dag.py for tasks to queue
[2025-08-03T11:00:19.708+0000] {logging_mixin.py:151} INFO - [2025-08-03T11:00:19.707+0000] {dagbag.py:536} INFO - Filling up the DagBag from /opt/airflow/dags/train_predict_to_db_dag.py
[2025-08-03T11:00:20.261+0000] {processor.py:839} INFO - DAG(s) dict_keys(['train_predict_to_db']) retrieved from /opt/airflow/dags/train_predict_to_db_dag.py
[2025-08-03T11:00:20.300+0000] {logging_mixin.py:151} INFO - [2025-08-03T11:00:20.299+0000] {dag.py:2941} INFO - Sync 1 DAGs
[2025-08-03T11:00:20.325+0000] {logging_mixin.py:151} INFO - [2025-08-03T11:00:20.325+0000] {dag.py:3722} INFO - Setting next_dagrun for train_predict_to_db to 2025-08-03T11:00:00+00:00, run_after=2025-08-03T11:01:00+00:00
[2025-08-03T11:00:20.352+0000] {processor.py:179} INFO - Processing /opt/airflow/dags/train_predict_to_db_dag.py took 0.743 seconds
[2025-08-03T11:00:50.921+0000] {processor.py:157} INFO - Started process (PID=1265) to work on /opt/airflow/dags/train_predict_to_db_dag.py
[2025-08-03T11:00:51.017+0000] {processor.py:829} INFO - Processing file /opt/airflow/dags/train_predict_to_db_dag.py for tasks to queue
[2025-08-03T11:00:51.019+0000] {logging_mixin.py:151} INFO - [2025-08-03T11:00:51.018+0000] {dagbag.py:536} INFO - Filling up the DagBag from /opt/airflow/dags/train_predict_to_db_dag.py
[2025-08-03T11:00:51.918+0000] {processor.py:839} INFO - DAG(s) dict_keys(['train_predict_to_db']) retrieved from /opt/airflow/dags/train_predict_to_db_dag.py
[2025-08-03T11:00:51.954+0000] {logging_mixin.py:151} INFO - [2025-08-03T11:00:51.953+0000] {dag.py:2941} INFO - Sync 1 DAGs
[2025-08-03T11:00:51.983+0000] {logging_mixin.py:151} INFO - [2025-08-03T11:00:51.983+0000] {dag.py:3722} INFO - Setting next_dagrun for train_predict_to_db to 2025-08-03T11:00:00+00:00, run_after=2025-08-03T11:01:00+00:00
[2025-08-03T11:00:52.010+0000] {processor.py:179} INFO - Processing /opt/airflow/dags/train_predict_to_db_dag.py took 1.095 seconds
