[2025-09-21T12:18:05.615+0000] {logging_mixin.py:151} INFO - Changing /opt/airflow/logs/dag_id=train_predict_to_db/run_id=scheduled__2025-09-21T12:17:00+00:00/task_id=fetch_training_data permission to 509
[2025-09-21T12:18:05.619+0000] {logging_mixin.py:151} INFO - Failed to change /opt/airflow/logs/dag_id=train_predict_to_db/run_id=scheduled__2025-09-21T12:17:00+00:00/task_id=fetch_training_data permission to 509: [Errno 1] Operation not permitted: '/opt/airflow/logs/dag_id=train_predict_to_db/run_id=scheduled__2025-09-21T12:17:00+00:00/task_id=fetch_training_data'
[2025-09-21T12:18:05.738+0000] {logging_mixin.py:151} INFO - Changing /opt/airflow/logs/dag_id=train_predict_to_db/run_id=scheduled__2025-09-21T12:17:00+00:00/task_id=fetch_training_data permission to 509
[2025-09-21T12:18:05.740+0000] {logging_mixin.py:151} INFO - Failed to change /opt/airflow/logs/dag_id=train_predict_to_db/run_id=scheduled__2025-09-21T12:17:00+00:00/task_id=fetch_training_data permission to 509: [Errno 1] Operation not permitted: '/opt/airflow/logs/dag_id=train_predict_to_db/run_id=scheduled__2025-09-21T12:17:00+00:00/task_id=fetch_training_data'
[2025-09-21T12:18:05.865+0000] {taskinstance.py:1159} INFO - Dependencies all met for dep_context=non-requeueable deps ti=<TaskInstance: train_predict_to_db.fetch_training_data scheduled__2025-09-21T12:17:00+00:00 [queued]>
[2025-09-21T12:18:05.882+0000] {taskinstance.py:1159} INFO - Dependencies all met for dep_context=requeueable deps ti=<TaskInstance: train_predict_to_db.fetch_training_data scheduled__2025-09-21T12:17:00+00:00 [queued]>
[2025-09-21T12:18:05.883+0000] {taskinstance.py:1361} INFO - Starting attempt 1 of 2
[2025-09-21T12:18:05.918+0000] {taskinstance.py:1382} INFO - Executing <Task(PythonOperator): fetch_training_data> on 2025-09-21 12:17:00+00:00
[2025-09-21T12:18:05.945+0000] {standard_task_runner.py:57} INFO - Started process 216 to run task
[2025-09-21T12:18:05.961+0000] {standard_task_runner.py:84} INFO - Running: ['airflow', 'tasks', 'run', 'train_predict_to_db', 'fetch_training_data', 'scheduled__2025-09-21T12:17:00+00:00', '--job-id', '199', '--raw', '--subdir', 'DAGS_FOLDER/train_predict_to_db_dag.py', '--cfg-path', '/tmp/tmp_csttb0k']
[2025-09-21T12:18:05.970+0000] {standard_task_runner.py:85} INFO - Job 199: Subtask fetch_training_data
[2025-09-21T12:18:06.138+0000] {logging_mixin.py:151} INFO - Changing /opt/airflow/logs/dag_id=train_predict_to_db/run_id=scheduled__2025-09-21T12:17:00+00:00/task_id=fetch_training_data permission to 509
[2025-09-21T12:18:06.138+0000] {logging_mixin.py:151} INFO - Failed to change /opt/airflow/logs/dag_id=train_predict_to_db/run_id=scheduled__2025-09-21T12:17:00+00:00/task_id=fetch_training_data permission to 509: [Errno 1] Operation not permitted: '/opt/airflow/logs/dag_id=train_predict_to_db/run_id=scheduled__2025-09-21T12:17:00+00:00/task_id=fetch_training_data'
[2025-09-21T12:18:06.146+0000] {task_command.py:416} INFO - Running <TaskInstance: train_predict_to_db.fetch_training_data scheduled__2025-09-21T12:17:00+00:00 [running]> on host 1bfed80107dd
[2025-09-21T12:18:06.501+0000] {taskinstance.py:1662} INFO - Exporting env vars: AIRFLOW_CTX_DAG_OWNER='airflow' AIRFLOW_CTX_DAG_ID='train_predict_to_db' AIRFLOW_CTX_TASK_ID='fetch_training_data' AIRFLOW_CTX_EXECUTION_DATE='2025-09-21T12:17:00+00:00' AIRFLOW_CTX_TRY_NUMBER='1' AIRFLOW_CTX_DAG_RUN_ID='scheduled__2025-09-21T12:17:00+00:00'
[2025-09-21T12:18:06.521+0000] {db_utils.py:17} INFO - Connected to PostgreSQL
[2025-09-21T12:18:07.741+0000] {train_predict_to_db_dag.py:29} INFO - Fetched training data tail:
            id  store  ...  productname                 created_at
100353  155793    376  ...    product_A 2025-09-21 12:17:19.828732
100354  155794    375  ...    product_A 2025-09-21 12:17:30.682559
100355  155795    374  ...    product_A 2025-09-21 12:17:40.695368
100356  155796    373  ...    product_A 2025-09-21 12:17:50.708513
100357  155797    372  ...    product_A 2025-09-21 12:18:01.880926

[5 rows x 12 columns]
[2025-09-21T12:18:07.798+0000] {python.py:194} INFO - Done. Returned value was: {'store': 370, 'start_date': '2025-06-23', 'end_date': '2025-09-21'}
[2025-09-21T12:18:07.858+0000] {taskinstance.py:1400} INFO - Marking task as SUCCESS. dag_id=train_predict_to_db, task_id=fetch_training_data, execution_date=20250921T121700, start_date=20250921T121805, end_date=20250921T121807
[2025-09-21T12:18:08.004+0000] {local_task_job_runner.py:228} INFO - Task exited with return code 0
[2025-09-21T12:18:08.040+0000] {taskinstance.py:2778} INFO - 1 downstream tasks scheduled from follow-on schedule check
