[2025-08-03T10:34:01.911+0000] {logging_mixin.py:151} INFO - Changing /opt/airflow/logs/dag_id=train_predict_to_db/run_id=scheduled__2025-08-03T10:33:00+00:00/task_id=fetch_training_data permission to 509
[2025-08-03T10:34:01.912+0000] {logging_mixin.py:151} INFO - Failed to change /opt/airflow/logs/dag_id=train_predict_to_db/run_id=scheduled__2025-08-03T10:33:00+00:00/task_id=fetch_training_data permission to 509: [Errno 1] Operation not permitted: '/opt/airflow/logs/dag_id=train_predict_to_db/run_id=scheduled__2025-08-03T10:33:00+00:00/task_id=fetch_training_data'
[2025-08-03T10:34:01.961+0000] {logging_mixin.py:151} INFO - Changing /opt/airflow/logs/dag_id=train_predict_to_db/run_id=scheduled__2025-08-03T10:33:00+00:00/task_id=fetch_training_data permission to 509
[2025-08-03T10:34:01.963+0000] {logging_mixin.py:151} INFO - Failed to change /opt/airflow/logs/dag_id=train_predict_to_db/run_id=scheduled__2025-08-03T10:33:00+00:00/task_id=fetch_training_data permission to 509: [Errno 1] Operation not permitted: '/opt/airflow/logs/dag_id=train_predict_to_db/run_id=scheduled__2025-08-03T10:33:00+00:00/task_id=fetch_training_data'
[2025-08-03T10:34:02.015+0000] {taskinstance.py:1159} INFO - Dependencies all met for dep_context=non-requeueable deps ti=<TaskInstance: train_predict_to_db.fetch_training_data scheduled__2025-08-03T10:33:00+00:00 [queued]>
[2025-08-03T10:34:02.029+0000] {taskinstance.py:1159} INFO - Dependencies all met for dep_context=requeueable deps ti=<TaskInstance: train_predict_to_db.fetch_training_data scheduled__2025-08-03T10:33:00+00:00 [queued]>
[2025-08-03T10:34:02.030+0000] {taskinstance.py:1361} INFO - Starting attempt 1 of 2
[2025-08-03T10:34:02.051+0000] {taskinstance.py:1382} INFO - Executing <Task(PythonOperator): fetch_training_data> on 2025-08-03 10:33:00+00:00
[2025-08-03T10:34:02.063+0000] {standard_task_runner.py:57} INFO - Started process 430 to run task
[2025-08-03T10:34:02.069+0000] {standard_task_runner.py:84} INFO - Running: ['airflow', 'tasks', 'run', 'train_predict_to_db', 'fetch_training_data', 'scheduled__2025-08-03T10:33:00+00:00', '--job-id', '29', '--raw', '--subdir', 'DAGS_FOLDER/train_predict_to_db_dag.py', '--cfg-path', '/tmp/tmpl2kkdcx_']
[2025-08-03T10:34:02.073+0000] {standard_task_runner.py:85} INFO - Job 29: Subtask fetch_training_data
[2025-08-03T10:34:02.158+0000] {logging_mixin.py:151} INFO - Changing /opt/airflow/logs/dag_id=train_predict_to_db/run_id=scheduled__2025-08-03T10:33:00+00:00/task_id=fetch_training_data permission to 509
[2025-08-03T10:34:02.159+0000] {logging_mixin.py:151} INFO - Failed to change /opt/airflow/logs/dag_id=train_predict_to_db/run_id=scheduled__2025-08-03T10:33:00+00:00/task_id=fetch_training_data permission to 509: [Errno 1] Operation not permitted: '/opt/airflow/logs/dag_id=train_predict_to_db/run_id=scheduled__2025-08-03T10:33:00+00:00/task_id=fetch_training_data'
[2025-08-03T10:34:02.162+0000] {task_command.py:416} INFO - Running <TaskInstance: train_predict_to_db.fetch_training_data scheduled__2025-08-03T10:33:00+00:00 [running]> on host 407839faddcf
[2025-08-03T10:34:02.283+0000] {taskinstance.py:1662} INFO - Exporting env vars: AIRFLOW_CTX_DAG_OWNER='airflow' AIRFLOW_CTX_DAG_ID='train_predict_to_db' AIRFLOW_CTX_TASK_ID='fetch_training_data' AIRFLOW_CTX_EXECUTION_DATE='2025-08-03T10:33:00+00:00' AIRFLOW_CTX_TRY_NUMBER='1' AIRFLOW_CTX_DAG_RUN_ID='scheduled__2025-08-03T10:33:00+00:00'
[2025-08-03T10:34:02.294+0000] {db_utils.py:17} INFO - Connected to PostgreSQL
[2025-08-03T10:34:03.468+0000] {train_predict_to_db_dag.py:29} INFO - Fetched training data tail:
            id  store  ...  productname                 created_at
100534  155974    471  ...    product_A 2025-08-03 10:33:22.269689
100535  155975    470  ...    product_A 2025-08-03 10:33:32.089963
100536  155976    469  ...    product_A 2025-08-03 10:33:42.099180
100537  155977    468  ...    product_A 2025-08-03 10:33:52.107172
100538  155978    454  ...    product_A 2025-08-03 10:34:01.910988

[5 rows x 12 columns]
[2025-08-03T10:34:03.512+0000] {python.py:194} INFO - Done. Returned value was: {'store': 370, 'start_date': '2025-05-05', 'end_date': '2025-08-03'}
[2025-08-03T10:34:03.547+0000] {taskinstance.py:1400} INFO - Marking task as SUCCESS. dag_id=train_predict_to_db, task_id=fetch_training_data, execution_date=20250803T103300, start_date=20250803T103402, end_date=20250803T103403
[2025-08-03T10:34:03.608+0000] {local_task_job_runner.py:228} INFO - Task exited with return code 0
[2025-08-03T10:34:03.640+0000] {taskinstance.py:2778} INFO - 1 downstream tasks scheduled from follow-on schedule check
