[2025-08-03T10:49:01.410+0000] {logging_mixin.py:151} INFO - Changing /opt/airflow/logs/dag_id=train_predict_to_db/run_id=scheduled__2025-08-03T10:48:00+00:00/task_id=fetch_training_data permission to 509
[2025-08-03T10:49:01.411+0000] {logging_mixin.py:151} INFO - Failed to change /opt/airflow/logs/dag_id=train_predict_to_db/run_id=scheduled__2025-08-03T10:48:00+00:00/task_id=fetch_training_data permission to 509: [Errno 1] Operation not permitted: '/opt/airflow/logs/dag_id=train_predict_to_db/run_id=scheduled__2025-08-03T10:48:00+00:00/task_id=fetch_training_data'
[2025-08-03T10:49:01.458+0000] {logging_mixin.py:151} INFO - Changing /opt/airflow/logs/dag_id=train_predict_to_db/run_id=scheduled__2025-08-03T10:48:00+00:00/task_id=fetch_training_data permission to 509
[2025-08-03T10:49:01.459+0000] {logging_mixin.py:151} INFO - Failed to change /opt/airflow/logs/dag_id=train_predict_to_db/run_id=scheduled__2025-08-03T10:48:00+00:00/task_id=fetch_training_data permission to 509: [Errno 1] Operation not permitted: '/opt/airflow/logs/dag_id=train_predict_to_db/run_id=scheduled__2025-08-03T10:48:00+00:00/task_id=fetch_training_data'
[2025-08-03T10:49:01.501+0000] {taskinstance.py:1159} INFO - Dependencies all met for dep_context=non-requeueable deps ti=<TaskInstance: train_predict_to_db.fetch_training_data scheduled__2025-08-03T10:48:00+00:00 [queued]>
[2025-08-03T10:49:01.514+0000] {taskinstance.py:1159} INFO - Dependencies all met for dep_context=requeueable deps ti=<TaskInstance: train_predict_to_db.fetch_training_data scheduled__2025-08-03T10:48:00+00:00 [queued]>
[2025-08-03T10:49:01.515+0000] {taskinstance.py:1361} INFO - Starting attempt 1 of 2
[2025-08-03T10:49:01.531+0000] {taskinstance.py:1382} INFO - Executing <Task(PythonOperator): fetch_training_data> on 2025-08-03 10:48:00+00:00
[2025-08-03T10:49:01.542+0000] {standard_task_runner.py:57} INFO - Started process 898 to run task
[2025-08-03T10:49:01.546+0000] {standard_task_runner.py:84} INFO - Running: ['airflow', 'tasks', 'run', 'train_predict_to_db', 'fetch_training_data', 'scheduled__2025-08-03T10:48:00+00:00', '--job-id', '78', '--raw', '--subdir', 'DAGS_FOLDER/train_predict_to_db_dag.py', '--cfg-path', '/tmp/tmp1ptvx033']
[2025-08-03T10:49:01.550+0000] {standard_task_runner.py:85} INFO - Job 78: Subtask fetch_training_data
[2025-08-03T10:49:01.614+0000] {logging_mixin.py:151} INFO - Changing /opt/airflow/logs/dag_id=train_predict_to_db/run_id=scheduled__2025-08-03T10:48:00+00:00/task_id=fetch_training_data permission to 509
[2025-08-03T10:49:01.615+0000] {logging_mixin.py:151} INFO - Failed to change /opt/airflow/logs/dag_id=train_predict_to_db/run_id=scheduled__2025-08-03T10:48:00+00:00/task_id=fetch_training_data permission to 509: [Errno 1] Operation not permitted: '/opt/airflow/logs/dag_id=train_predict_to_db/run_id=scheduled__2025-08-03T10:48:00+00:00/task_id=fetch_training_data'
[2025-08-03T10:49:01.617+0000] {task_command.py:416} INFO - Running <TaskInstance: train_predict_to_db.fetch_training_data scheduled__2025-08-03T10:48:00+00:00 [running]> on host 407839faddcf
[2025-08-03T10:49:01.722+0000] {taskinstance.py:1662} INFO - Exporting env vars: AIRFLOW_CTX_DAG_OWNER='airflow' AIRFLOW_CTX_DAG_ID='train_predict_to_db' AIRFLOW_CTX_TASK_ID='fetch_training_data' AIRFLOW_CTX_EXECUTION_DATE='2025-08-03T10:48:00+00:00' AIRFLOW_CTX_TRY_NUMBER='1' AIRFLOW_CTX_DAG_RUN_ID='scheduled__2025-08-03T10:48:00+00:00'
[2025-08-03T10:49:01.733+0000] {db_utils.py:17} INFO - Connected to PostgreSQL
[2025-08-03T10:49:02.678+0000] {train_predict_to_db_dag.py:29} INFO - Fetched training data tail:
            id  store  ...  productname                 created_at
100624  156064     67  ...    product_A 2025-08-03 10:48:17.298382
100625  156065     31  ...    product_A 2025-08-03 10:48:27.319135
100626  156066     30  ...    product_A 2025-08-03 10:48:37.323264
100627  156067     29  ...    product_A 2025-08-03 10:48:47.144905
100628  156068     28  ...    product_A 2025-08-03 10:48:57.158214

[5 rows x 12 columns]
[2025-08-03T10:49:02.707+0000] {python.py:194} INFO - Done. Returned value was: {'store': 370, 'start_date': '2025-05-05', 'end_date': '2025-08-03'}
[2025-08-03T10:49:02.747+0000] {taskinstance.py:1400} INFO - Marking task as SUCCESS. dag_id=train_predict_to_db, task_id=fetch_training_data, execution_date=20250803T104800, start_date=20250803T104901, end_date=20250803T104902
[2025-08-03T10:49:02.810+0000] {local_task_job_runner.py:228} INFO - Task exited with return code 0
[2025-08-03T10:49:02.844+0000] {taskinstance.py:2778} INFO - 1 downstream tasks scheduled from follow-on schedule check
