[2025-09-21T12:13:04.191+0000] {logging_mixin.py:151} INFO - Changing /opt/airflow/logs/dag_id=train_predict_to_db/run_id=scheduled__2025-09-21T12:12:00+00:00/task_id=fetch_training_data permission to 509
[2025-09-21T12:13:04.192+0000] {logging_mixin.py:151} INFO - Failed to change /opt/airflow/logs/dag_id=train_predict_to_db/run_id=scheduled__2025-09-21T12:12:00+00:00/task_id=fetch_training_data permission to 509: [Errno 1] Operation not permitted: '/opt/airflow/logs/dag_id=train_predict_to_db/run_id=scheduled__2025-09-21T12:12:00+00:00/task_id=fetch_training_data'
[2025-09-21T12:13:04.284+0000] {logging_mixin.py:151} INFO - Changing /opt/airflow/logs/dag_id=train_predict_to_db/run_id=scheduled__2025-09-21T12:12:00+00:00/task_id=fetch_training_data permission to 509
[2025-09-21T12:13:04.287+0000] {logging_mixin.py:151} INFO - Failed to change /opt/airflow/logs/dag_id=train_predict_to_db/run_id=scheduled__2025-09-21T12:12:00+00:00/task_id=fetch_training_data permission to 509: [Errno 1] Operation not permitted: '/opt/airflow/logs/dag_id=train_predict_to_db/run_id=scheduled__2025-09-21T12:12:00+00:00/task_id=fetch_training_data'
[2025-09-21T12:13:04.403+0000] {taskinstance.py:1159} INFO - Dependencies all met for dep_context=non-requeueable deps ti=<TaskInstance: train_predict_to_db.fetch_training_data scheduled__2025-09-21T12:12:00+00:00 [queued]>
[2025-09-21T12:13:04.420+0000] {taskinstance.py:1159} INFO - Dependencies all met for dep_context=requeueable deps ti=<TaskInstance: train_predict_to_db.fetch_training_data scheduled__2025-09-21T12:12:00+00:00 [queued]>
[2025-09-21T12:13:04.421+0000] {taskinstance.py:1361} INFO - Starting attempt 1 of 2
[2025-09-21T12:13:04.450+0000] {taskinstance.py:1382} INFO - Executing <Task(PythonOperator): fetch_training_data> on 2025-09-21 12:12:00+00:00
[2025-09-21T12:13:04.466+0000] {standard_task_runner.py:57} INFO - Started process 368 to run task
[2025-09-21T12:13:04.479+0000] {standard_task_runner.py:84} INFO - Running: ['airflow', 'tasks', 'run', 'train_predict_to_db', 'fetch_training_data', 'scheduled__2025-09-21T12:12:00+00:00', '--job-id', '187', '--raw', '--subdir', 'DAGS_FOLDER/train_predict_to_db_dag.py', '--cfg-path', '/tmp/tmpqvvaguad']
[2025-09-21T12:13:04.484+0000] {standard_task_runner.py:85} INFO - Job 187: Subtask fetch_training_data
[2025-09-21T12:13:04.597+0000] {logging_mixin.py:151} INFO - Changing /opt/airflow/logs/dag_id=train_predict_to_db/run_id=scheduled__2025-09-21T12:12:00+00:00/task_id=fetch_training_data permission to 509
[2025-09-21T12:13:04.598+0000] {logging_mixin.py:151} INFO - Failed to change /opt/airflow/logs/dag_id=train_predict_to_db/run_id=scheduled__2025-09-21T12:12:00+00:00/task_id=fetch_training_data permission to 509: [Errno 1] Operation not permitted: '/opt/airflow/logs/dag_id=train_predict_to_db/run_id=scheduled__2025-09-21T12:12:00+00:00/task_id=fetch_training_data'
[2025-09-21T12:13:04.601+0000] {task_command.py:416} INFO - Running <TaskInstance: train_predict_to_db.fetch_training_data scheduled__2025-09-21T12:12:00+00:00 [running]> on host 6d4fbafceae4
[2025-09-21T12:13:04.816+0000] {taskinstance.py:1662} INFO - Exporting env vars: AIRFLOW_CTX_DAG_OWNER='airflow' AIRFLOW_CTX_DAG_ID='train_predict_to_db' AIRFLOW_CTX_TASK_ID='fetch_training_data' AIRFLOW_CTX_EXECUTION_DATE='2025-09-21T12:12:00+00:00' AIRFLOW_CTX_TRY_NUMBER='1' AIRFLOW_CTX_DAG_RUN_ID='scheduled__2025-09-21T12:12:00+00:00'
[2025-09-21T12:13:04.837+0000] {db_utils.py:17} INFO - Connected to PostgreSQL
[2025-09-21T12:13:08.104+0000] {train_predict_to_db_dag.py:29} INFO - Fetched training data tail:
            id  store  ...  productname                 created_at
100427  155867    298  ...    product_A 2025-09-21 12:12:19.941705
100428  155868    297  ...    product_A 2025-09-21 12:12:29.940053
100429  155869    296  ...    product_A 2025-09-21 12:12:40.815210
100430  155870    295  ...    product_A 2025-09-21 12:12:50.825955
100431  155871    294  ...    product_A 2025-09-21 12:13:00.853825

[5 rows x 12 columns]
[2025-09-21T12:13:08.286+0000] {python.py:194} INFO - Done. Returned value was: {'store': 370, 'start_date': '2025-06-23', 'end_date': '2025-09-21'}
[2025-09-21T12:13:08.424+0000] {taskinstance.py:1400} INFO - Marking task as SUCCESS. dag_id=train_predict_to_db, task_id=fetch_training_data, execution_date=20250921T121200, start_date=20250921T121304, end_date=20250921T121308
[2025-09-21T12:13:08.563+0000] {local_task_job_runner.py:228} INFO - Task exited with return code 0
[2025-09-21T12:13:08.636+0000] {taskinstance.py:2778} INFO - 1 downstream tasks scheduled from follow-on schedule check
