[2025-09-21T11:39:01.536+0000] {logging_mixin.py:151} INFO - Changing /opt/airflow/logs/dag_id=train_predict_to_db/run_id=scheduled__2025-09-21T11:38:00+00:00/task_id=fetch_training_data permission to 509
[2025-09-21T11:39:01.537+0000] {logging_mixin.py:151} INFO - Failed to change /opt/airflow/logs/dag_id=train_predict_to_db/run_id=scheduled__2025-09-21T11:38:00+00:00/task_id=fetch_training_data permission to 509: [Errno 1] Operation not permitted: '/opt/airflow/logs/dag_id=train_predict_to_db/run_id=scheduled__2025-09-21T11:38:00+00:00/task_id=fetch_training_data'
[2025-09-21T11:39:01.578+0000] {logging_mixin.py:151} INFO - Changing /opt/airflow/logs/dag_id=train_predict_to_db/run_id=scheduled__2025-09-21T11:38:00+00:00/task_id=fetch_training_data permission to 509
[2025-09-21T11:39:01.580+0000] {logging_mixin.py:151} INFO - Failed to change /opt/airflow/logs/dag_id=train_predict_to_db/run_id=scheduled__2025-09-21T11:38:00+00:00/task_id=fetch_training_data permission to 509: [Errno 1] Operation not permitted: '/opt/airflow/logs/dag_id=train_predict_to_db/run_id=scheduled__2025-09-21T11:38:00+00:00/task_id=fetch_training_data'
[2025-09-21T11:39:01.634+0000] {taskinstance.py:1159} INFO - Dependencies all met for dep_context=non-requeueable deps ti=<TaskInstance: train_predict_to_db.fetch_training_data scheduled__2025-09-21T11:38:00+00:00 [queued]>
[2025-09-21T11:39:01.647+0000] {taskinstance.py:1159} INFO - Dependencies all met for dep_context=requeueable deps ti=<TaskInstance: train_predict_to_db.fetch_training_data scheduled__2025-09-21T11:38:00+00:00 [queued]>
[2025-09-21T11:39:01.648+0000] {taskinstance.py:1361} INFO - Starting attempt 1 of 2
[2025-09-21T11:39:01.679+0000] {taskinstance.py:1382} INFO - Executing <Task(PythonOperator): fetch_training_data> on 2025-09-21 11:38:00+00:00
[2025-09-21T11:39:01.689+0000] {standard_task_runner.py:57} INFO - Started process 1240 to run task
[2025-09-21T11:39:01.698+0000] {standard_task_runner.py:84} INFO - Running: ['airflow', 'tasks', 'run', 'train_predict_to_db', 'fetch_training_data', 'scheduled__2025-09-21T11:38:00+00:00', '--job-id', '107', '--raw', '--subdir', 'DAGS_FOLDER/train_predict_to_db_dag.py', '--cfg-path', '/tmp/tmprl6pvdfn']
[2025-09-21T11:39:01.702+0000] {standard_task_runner.py:85} INFO - Job 107: Subtask fetch_training_data
[2025-09-21T11:39:01.776+0000] {logging_mixin.py:151} INFO - Changing /opt/airflow/logs/dag_id=train_predict_to_db/run_id=scheduled__2025-09-21T11:38:00+00:00/task_id=fetch_training_data permission to 509
[2025-09-21T11:39:01.776+0000] {logging_mixin.py:151} INFO - Failed to change /opt/airflow/logs/dag_id=train_predict_to_db/run_id=scheduled__2025-09-21T11:38:00+00:00/task_id=fetch_training_data permission to 509: [Errno 1] Operation not permitted: '/opt/airflow/logs/dag_id=train_predict_to_db/run_id=scheduled__2025-09-21T11:38:00+00:00/task_id=fetch_training_data'
[2025-09-21T11:39:01.778+0000] {task_command.py:416} INFO - Running <TaskInstance: train_predict_to_db.fetch_training_data scheduled__2025-09-21T11:38:00+00:00 [running]> on host 36da5371e73d
[2025-09-21T11:39:01.893+0000] {taskinstance.py:1662} INFO - Exporting env vars: AIRFLOW_CTX_DAG_OWNER='airflow' AIRFLOW_CTX_DAG_ID='train_predict_to_db' AIRFLOW_CTX_TASK_ID='fetch_training_data' AIRFLOW_CTX_EXECUTION_DATE='2025-09-21T11:38:00+00:00' AIRFLOW_CTX_TRY_NUMBER='1' AIRFLOW_CTX_DAG_RUN_ID='scheduled__2025-09-21T11:38:00+00:00'
[2025-09-21T11:39:01.909+0000] {db_utils.py:17} INFO - Connected to PostgreSQL
[2025-09-21T11:39:03.490+0000] {train_predict_to_db_dag.py:29} INFO - Fetched training data tail:
            id  store  ...  productname                 created_at
100554  155994     77  ...    product_A 2025-09-21 11:18:16.078203
100555  155995     76  ...    product_A 2025-09-21 11:18:26.123748
100556  155996     75  ...    product_A 2025-09-21 11:18:36.094021
100557  155997     74  ...    product_A 2025-09-21 11:18:46.999195
100558  155998     73  ...    product_A 2025-09-21 11:18:57.095432

[5 rows x 12 columns]
[2025-09-21T11:39:03.644+0000] {python.py:194} INFO - Done. Returned value was: {'store': 370, 'start_date': '2025-06-23', 'end_date': '2025-09-21'}
[2025-09-21T11:39:03.743+0000] {taskinstance.py:1400} INFO - Marking task as SUCCESS. dag_id=train_predict_to_db, task_id=fetch_training_data, execution_date=20250921T113800, start_date=20250921T113901, end_date=20250921T113903
[2025-09-21T11:39:03.837+0000] {local_task_job_runner.py:228} INFO - Task exited with return code 0
[2025-09-21T11:39:03.869+0000] {taskinstance.py:2778} INFO - 0 downstream tasks scheduled from follow-on schedule check
