[2025-09-21T12:09:01.339+0000] {logging_mixin.py:151} INFO - Changing /opt/airflow/logs/dag_id=train_predict_to_db/run_id=scheduled__2025-09-21T12:08:00+00:00/task_id=fetch_training_data permission to 509
[2025-09-21T12:09:01.340+0000] {logging_mixin.py:151} INFO - Failed to change /opt/airflow/logs/dag_id=train_predict_to_db/run_id=scheduled__2025-09-21T12:08:00+00:00/task_id=fetch_training_data permission to 509: [Errno 1] Operation not permitted: '/opt/airflow/logs/dag_id=train_predict_to_db/run_id=scheduled__2025-09-21T12:08:00+00:00/task_id=fetch_training_data'
[2025-09-21T12:09:01.377+0000] {logging_mixin.py:151} INFO - Changing /opt/airflow/logs/dag_id=train_predict_to_db/run_id=scheduled__2025-09-21T12:08:00+00:00/task_id=fetch_training_data permission to 509
[2025-09-21T12:09:01.378+0000] {logging_mixin.py:151} INFO - Failed to change /opt/airflow/logs/dag_id=train_predict_to_db/run_id=scheduled__2025-09-21T12:08:00+00:00/task_id=fetch_training_data permission to 509: [Errno 1] Operation not permitted: '/opt/airflow/logs/dag_id=train_predict_to_db/run_id=scheduled__2025-09-21T12:08:00+00:00/task_id=fetch_training_data'
[2025-09-21T12:09:01.420+0000] {taskinstance.py:1159} INFO - Dependencies all met for dep_context=non-requeueable deps ti=<TaskInstance: train_predict_to_db.fetch_training_data scheduled__2025-09-21T12:08:00+00:00 [queued]>
[2025-09-21T12:09:01.438+0000] {taskinstance.py:1159} INFO - Dependencies all met for dep_context=requeueable deps ti=<TaskInstance: train_predict_to_db.fetch_training_data scheduled__2025-09-21T12:08:00+00:00 [queued]>
[2025-09-21T12:09:01.439+0000] {taskinstance.py:1361} INFO - Starting attempt 1 of 2
[2025-09-21T12:09:01.459+0000] {taskinstance.py:1382} INFO - Executing <Task(PythonOperator): fetch_training_data> on 2025-09-21 12:08:00+00:00
[2025-09-21T12:09:01.473+0000] {standard_task_runner.py:57} INFO - Started process 244 to run task
[2025-09-21T12:09:01.478+0000] {standard_task_runner.py:84} INFO - Running: ['airflow', 'tasks', 'run', 'train_predict_to_db', 'fetch_training_data', 'scheduled__2025-09-21T12:08:00+00:00', '--job-id', '175', '--raw', '--subdir', 'DAGS_FOLDER/train_predict_to_db_dag.py', '--cfg-path', '/tmp/tmp5on_1lwy']
[2025-09-21T12:09:01.484+0000] {standard_task_runner.py:85} INFO - Job 175: Subtask fetch_training_data
[2025-09-21T12:09:01.602+0000] {logging_mixin.py:151} INFO - Changing /opt/airflow/logs/dag_id=train_predict_to_db/run_id=scheduled__2025-09-21T12:08:00+00:00/task_id=fetch_training_data permission to 509
[2025-09-21T12:09:01.603+0000] {logging_mixin.py:151} INFO - Failed to change /opt/airflow/logs/dag_id=train_predict_to_db/run_id=scheduled__2025-09-21T12:08:00+00:00/task_id=fetch_training_data permission to 509: [Errno 1] Operation not permitted: '/opt/airflow/logs/dag_id=train_predict_to_db/run_id=scheduled__2025-09-21T12:08:00+00:00/task_id=fetch_training_data'
[2025-09-21T12:09:01.610+0000] {task_command.py:416} INFO - Running <TaskInstance: train_predict_to_db.fetch_training_data scheduled__2025-09-21T12:08:00+00:00 [running]> on host 6d4fbafceae4
[2025-09-21T12:09:01.788+0000] {taskinstance.py:1662} INFO - Exporting env vars: AIRFLOW_CTX_DAG_OWNER='airflow' AIRFLOW_CTX_DAG_ID='train_predict_to_db' AIRFLOW_CTX_TASK_ID='fetch_training_data' AIRFLOW_CTX_EXECUTION_DATE='2025-09-21T12:08:00+00:00' AIRFLOW_CTX_TRY_NUMBER='1' AIRFLOW_CTX_DAG_RUN_ID='scheduled__2025-09-21T12:08:00+00:00'
[2025-09-21T12:09:01.801+0000] {db_utils.py:17} INFO - Connected to PostgreSQL
[2025-09-21T12:09:04.275+0000] {train_predict_to_db_dag.py:29} INFO - Fetched training data tail:
            id  store  ...  productname                 created_at
100403  155843    349  ...    product_A 2025-09-21 12:08:13.053671
100404  155844    390  ...    product_A 2025-09-21 12:08:23.069485
100405  155845    392  ...    product_A 2025-09-21 12:08:33.845407
100406  155846    393  ...    product_A 2025-09-21 12:08:43.895991
100407  155847    394  ...    product_A 2025-09-21 12:08:53.893913

[5 rows x 12 columns]
[2025-09-21T12:09:04.322+0000] {python.py:194} INFO - Done. Returned value was: {'store': 370, 'start_date': '2025-06-23', 'end_date': '2025-09-21'}
[2025-09-21T12:09:04.511+0000] {taskinstance.py:1400} INFO - Marking task as SUCCESS. dag_id=train_predict_to_db, task_id=fetch_training_data, execution_date=20250921T120800, start_date=20250921T120901, end_date=20250921T120904
[2025-09-21T12:09:04.581+0000] {local_task_job_runner.py:228} INFO - Task exited with return code 0
[2025-09-21T12:09:04.613+0000] {taskinstance.py:2778} INFO - 1 downstream tasks scheduled from follow-on schedule check
