[2025-09-21T12:21:01.835+0000] {logging_mixin.py:151} INFO - Changing /opt/airflow/logs/dag_id=train_predict_to_db/run_id=scheduled__2025-09-21T12:20:00+00:00/task_id=fetch_training_data permission to 509
[2025-09-21T12:21:01.835+0000] {logging_mixin.py:151} INFO - Failed to change /opt/airflow/logs/dag_id=train_predict_to_db/run_id=scheduled__2025-09-21T12:20:00+00:00/task_id=fetch_training_data permission to 509: [Errno 1] Operation not permitted: '/opt/airflow/logs/dag_id=train_predict_to_db/run_id=scheduled__2025-09-21T12:20:00+00:00/task_id=fetch_training_data'
[2025-09-21T12:21:01.873+0000] {logging_mixin.py:151} INFO - Changing /opt/airflow/logs/dag_id=train_predict_to_db/run_id=scheduled__2025-09-21T12:20:00+00:00/task_id=fetch_training_data permission to 509
[2025-09-21T12:21:01.874+0000] {logging_mixin.py:151} INFO - Failed to change /opt/airflow/logs/dag_id=train_predict_to_db/run_id=scheduled__2025-09-21T12:20:00+00:00/task_id=fetch_training_data permission to 509: [Errno 1] Operation not permitted: '/opt/airflow/logs/dag_id=train_predict_to_db/run_id=scheduled__2025-09-21T12:20:00+00:00/task_id=fetch_training_data'
[2025-09-21T12:21:01.912+0000] {taskinstance.py:1159} INFO - Dependencies all met for dep_context=non-requeueable deps ti=<TaskInstance: train_predict_to_db.fetch_training_data scheduled__2025-09-21T12:20:00+00:00 [queued]>
[2025-09-21T12:21:01.923+0000] {taskinstance.py:1159} INFO - Dependencies all met for dep_context=requeueable deps ti=<TaskInstance: train_predict_to_db.fetch_training_data scheduled__2025-09-21T12:20:00+00:00 [queued]>
[2025-09-21T12:21:01.924+0000] {taskinstance.py:1361} INFO - Starting attempt 1 of 2
[2025-09-21T12:21:01.940+0000] {taskinstance.py:1382} INFO - Executing <Task(PythonOperator): fetch_training_data> on 2025-09-21 12:20:00+00:00
[2025-09-21T12:21:01.950+0000] {standard_task_runner.py:57} INFO - Started process 312 to run task
[2025-09-21T12:21:01.955+0000] {standard_task_runner.py:84} INFO - Running: ['airflow', 'tasks', 'run', 'train_predict_to_db', 'fetch_training_data', 'scheduled__2025-09-21T12:20:00+00:00', '--job-id', '211', '--raw', '--subdir', 'DAGS_FOLDER/train_predict_to_db_dag.py', '--cfg-path', '/tmp/tmp26nohu16']
[2025-09-21T12:21:01.958+0000] {standard_task_runner.py:85} INFO - Job 211: Subtask fetch_training_data
[2025-09-21T12:21:02.070+0000] {logging_mixin.py:151} INFO - Changing /opt/airflow/logs/dag_id=train_predict_to_db/run_id=scheduled__2025-09-21T12:20:00+00:00/task_id=fetch_training_data permission to 509
[2025-09-21T12:21:02.071+0000] {logging_mixin.py:151} INFO - Failed to change /opt/airflow/logs/dag_id=train_predict_to_db/run_id=scheduled__2025-09-21T12:20:00+00:00/task_id=fetch_training_data permission to 509: [Errno 1] Operation not permitted: '/opt/airflow/logs/dag_id=train_predict_to_db/run_id=scheduled__2025-09-21T12:20:00+00:00/task_id=fetch_training_data'
[2025-09-21T12:21:02.075+0000] {task_command.py:416} INFO - Running <TaskInstance: train_predict_to_db.fetch_training_data scheduled__2025-09-21T12:20:00+00:00 [running]> on host 1bfed80107dd
[2025-09-21T12:21:02.206+0000] {taskinstance.py:1662} INFO - Exporting env vars: AIRFLOW_CTX_DAG_OWNER='airflow' AIRFLOW_CTX_DAG_ID='train_predict_to_db' AIRFLOW_CTX_TASK_ID='fetch_training_data' AIRFLOW_CTX_EXECUTION_DATE='2025-09-21T12:20:00+00:00' AIRFLOW_CTX_TRY_NUMBER='1' AIRFLOW_CTX_DAG_RUN_ID='scheduled__2025-09-21T12:20:00+00:00'
[2025-09-21T12:21:02.219+0000] {db_utils.py:17} INFO - Connected to PostgreSQL
[2025-09-21T12:21:06.044+0000] {train_predict_to_db_dag.py:29} INFO - Fetched training data tail:
            id  store  ...  productname                 created_at
100370  155810    359  ...    product_A 2025-09-21 12:20:15.412126
100371  155811    358  ...    product_A 2025-09-21 12:20:25.430525
100372  155812    357  ...    product_A 2025-09-21 12:20:36.246053
100373  155813    356  ...    product_A 2025-09-21 12:20:46.262895
100374  155814    355  ...    product_A 2025-09-21 12:20:56.275281

[5 rows x 12 columns]
[2025-09-21T12:21:06.097+0000] {python.py:194} INFO - Done. Returned value was: {'store': 370, 'start_date': '2025-06-23', 'end_date': '2025-09-21'}
[2025-09-21T12:21:06.148+0000] {taskinstance.py:1400} INFO - Marking task as SUCCESS. dag_id=train_predict_to_db, task_id=fetch_training_data, execution_date=20250921T122000, start_date=20250921T122101, end_date=20250921T122106
[2025-09-21T12:21:06.227+0000] {local_task_job_runner.py:228} INFO - Task exited with return code 0
[2025-09-21T12:21:06.265+0000] {taskinstance.py:2778} INFO - 1 downstream tasks scheduled from follow-on schedule check
