[2025-09-21T12:08:02.148+0000] {logging_mixin.py:151} INFO - Changing /opt/airflow/logs/dag_id=train_predict_to_db/run_id=scheduled__2025-09-21T12:07:00+00:00/task_id=fetch_training_data permission to 509
[2025-09-21T12:08:02.149+0000] {logging_mixin.py:151} INFO - Failed to change /opt/airflow/logs/dag_id=train_predict_to_db/run_id=scheduled__2025-09-21T12:07:00+00:00/task_id=fetch_training_data permission to 509: [Errno 1] Operation not permitted: '/opt/airflow/logs/dag_id=train_predict_to_db/run_id=scheduled__2025-09-21T12:07:00+00:00/task_id=fetch_training_data'
[2025-09-21T12:08:02.205+0000] {logging_mixin.py:151} INFO - Changing /opt/airflow/logs/dag_id=train_predict_to_db/run_id=scheduled__2025-09-21T12:07:00+00:00/task_id=fetch_training_data permission to 509
[2025-09-21T12:08:02.242+0000] {logging_mixin.py:151} INFO - Failed to change /opt/airflow/logs/dag_id=train_predict_to_db/run_id=scheduled__2025-09-21T12:07:00+00:00/task_id=fetch_training_data permission to 509: [Errno 1] Operation not permitted: '/opt/airflow/logs/dag_id=train_predict_to_db/run_id=scheduled__2025-09-21T12:07:00+00:00/task_id=fetch_training_data'
[2025-09-21T12:08:02.283+0000] {taskinstance.py:1159} INFO - Dependencies all met for dep_context=non-requeueable deps ti=<TaskInstance: train_predict_to_db.fetch_training_data scheduled__2025-09-21T12:07:00+00:00 [queued]>
[2025-09-21T12:08:02.296+0000] {taskinstance.py:1159} INFO - Dependencies all met for dep_context=requeueable deps ti=<TaskInstance: train_predict_to_db.fetch_training_data scheduled__2025-09-21T12:07:00+00:00 [queued]>
[2025-09-21T12:08:02.297+0000] {taskinstance.py:1361} INFO - Starting attempt 1 of 2
[2025-09-21T12:08:02.315+0000] {taskinstance.py:1382} INFO - Executing <Task(PythonOperator): fetch_training_data> on 2025-09-21 12:07:00+00:00
[2025-09-21T12:08:02.327+0000] {standard_task_runner.py:57} INFO - Started process 213 to run task
[2025-09-21T12:08:02.332+0000] {standard_task_runner.py:84} INFO - Running: ['airflow', 'tasks', 'run', 'train_predict_to_db', 'fetch_training_data', 'scheduled__2025-09-21T12:07:00+00:00', '--job-id', '172', '--raw', '--subdir', 'DAGS_FOLDER/train_predict_to_db_dag.py', '--cfg-path', '/tmp/tmpxnxo6c_z']
[2025-09-21T12:08:02.336+0000] {standard_task_runner.py:85} INFO - Job 172: Subtask fetch_training_data
[2025-09-21T12:08:02.402+0000] {logging_mixin.py:151} INFO - Changing /opt/airflow/logs/dag_id=train_predict_to_db/run_id=scheduled__2025-09-21T12:07:00+00:00/task_id=fetch_training_data permission to 509
[2025-09-21T12:08:02.403+0000] {logging_mixin.py:151} INFO - Failed to change /opt/airflow/logs/dag_id=train_predict_to_db/run_id=scheduled__2025-09-21T12:07:00+00:00/task_id=fetch_training_data permission to 509: [Errno 1] Operation not permitted: '/opt/airflow/logs/dag_id=train_predict_to_db/run_id=scheduled__2025-09-21T12:07:00+00:00/task_id=fetch_training_data'
[2025-09-21T12:08:02.405+0000] {task_command.py:416} INFO - Running <TaskInstance: train_predict_to_db.fetch_training_data scheduled__2025-09-21T12:07:00+00:00 [running]> on host 6d4fbafceae4
[2025-09-21T12:08:02.515+0000] {taskinstance.py:1662} INFO - Exporting env vars: AIRFLOW_CTX_DAG_OWNER='airflow' AIRFLOW_CTX_DAG_ID='train_predict_to_db' AIRFLOW_CTX_TASK_ID='fetch_training_data' AIRFLOW_CTX_EXECUTION_DATE='2025-09-21T12:07:00+00:00' AIRFLOW_CTX_TRY_NUMBER='1' AIRFLOW_CTX_DAG_RUN_ID='scheduled__2025-09-21T12:07:00+00:00'
[2025-09-21T12:08:02.526+0000] {db_utils.py:17} INFO - Connected to PostgreSQL
[2025-09-21T12:08:04.107+0000] {train_predict_to_db_dag.py:29} INFO - Fetched training data tail:
            id  store  ...  productname                 created_at
100397  155837    384  ...    product_A 2025-09-21 12:07:11.526232
100398  155838    385  ...    product_A 2025-09-21 12:07:21.383838
100399  155839    386  ...    product_A 2025-09-21 12:07:32.185539
100400  155840    387  ...    product_A 2025-09-21 12:07:42.197368
100401  155841    388  ...    product_A 2025-09-21 12:07:52.212335

[5 rows x 12 columns]
[2025-09-21T12:08:04.303+0000] {python.py:194} INFO - Done. Returned value was: {'store': 370, 'start_date': '2025-06-23', 'end_date': '2025-09-21'}
[2025-09-21T12:08:04.347+0000] {taskinstance.py:1400} INFO - Marking task as SUCCESS. dag_id=train_predict_to_db, task_id=fetch_training_data, execution_date=20250921T120700, start_date=20250921T120802, end_date=20250921T120804
[2025-09-21T12:08:04.472+0000] {local_task_job_runner.py:228} INFO - Task exited with return code 0
[2025-09-21T12:08:04.509+0000] {taskinstance.py:2778} INFO - 1 downstream tasks scheduled from follow-on schedule check
