[2025-08-03T10:57:02.177+0000] {logging_mixin.py:151} INFO - Changing /opt/airflow/logs/dag_id=train_predict_to_db/run_id=scheduled__2025-08-03T10:56:00+00:00/task_id=fetch_training_data permission to 509
[2025-08-03T10:57:02.179+0000] {logging_mixin.py:151} INFO - Failed to change /opt/airflow/logs/dag_id=train_predict_to_db/run_id=scheduled__2025-08-03T10:56:00+00:00/task_id=fetch_training_data permission to 509: [Errno 1] Operation not permitted: '/opt/airflow/logs/dag_id=train_predict_to_db/run_id=scheduled__2025-08-03T10:56:00+00:00/task_id=fetch_training_data'
[2025-08-03T10:57:02.233+0000] {logging_mixin.py:151} INFO - Changing /opt/airflow/logs/dag_id=train_predict_to_db/run_id=scheduled__2025-08-03T10:56:00+00:00/task_id=fetch_training_data permission to 509
[2025-08-03T10:57:02.236+0000] {logging_mixin.py:151} INFO - Failed to change /opt/airflow/logs/dag_id=train_predict_to_db/run_id=scheduled__2025-08-03T10:56:00+00:00/task_id=fetch_training_data permission to 509: [Errno 1] Operation not permitted: '/opt/airflow/logs/dag_id=train_predict_to_db/run_id=scheduled__2025-08-03T10:56:00+00:00/task_id=fetch_training_data'
[2025-08-03T10:57:02.330+0000] {taskinstance.py:1159} INFO - Dependencies all met for dep_context=non-requeueable deps ti=<TaskInstance: train_predict_to_db.fetch_training_data scheduled__2025-08-03T10:56:00+00:00 [queued]>
[2025-08-03T10:57:02.346+0000] {taskinstance.py:1159} INFO - Dependencies all met for dep_context=requeueable deps ti=<TaskInstance: train_predict_to_db.fetch_training_data scheduled__2025-08-03T10:56:00+00:00 [queued]>
[2025-08-03T10:57:02.347+0000] {taskinstance.py:1361} INFO - Starting attempt 1 of 2
[2025-08-03T10:57:02.367+0000] {taskinstance.py:1382} INFO - Executing <Task(PythonOperator): fetch_training_data> on 2025-08-03 10:56:00+00:00
[2025-08-03T10:57:02.383+0000] {standard_task_runner.py:57} INFO - Started process 1143 to run task
[2025-08-03T10:57:02.390+0000] {standard_task_runner.py:84} INFO - Running: ['airflow', 'tasks', 'run', 'train_predict_to_db', 'fetch_training_data', 'scheduled__2025-08-03T10:56:00+00:00', '--job-id', '103', '--raw', '--subdir', 'DAGS_FOLDER/train_predict_to_db_dag.py', '--cfg-path', '/tmp/tmpbytwpm_h']
[2025-08-03T10:57:02.395+0000] {standard_task_runner.py:85} INFO - Job 103: Subtask fetch_training_data
[2025-08-03T10:57:02.486+0000] {logging_mixin.py:151} INFO - Changing /opt/airflow/logs/dag_id=train_predict_to_db/run_id=scheduled__2025-08-03T10:56:00+00:00/task_id=fetch_training_data permission to 509
[2025-08-03T10:57:02.487+0000] {logging_mixin.py:151} INFO - Failed to change /opt/airflow/logs/dag_id=train_predict_to_db/run_id=scheduled__2025-08-03T10:56:00+00:00/task_id=fetch_training_data permission to 509: [Errno 1] Operation not permitted: '/opt/airflow/logs/dag_id=train_predict_to_db/run_id=scheduled__2025-08-03T10:56:00+00:00/task_id=fetch_training_data'
[2025-08-03T10:57:02.491+0000] {task_command.py:416} INFO - Running <TaskInstance: train_predict_to_db.fetch_training_data scheduled__2025-08-03T10:56:00+00:00 [running]> on host 407839faddcf
[2025-08-03T10:57:02.636+0000] {taskinstance.py:1662} INFO - Exporting env vars: AIRFLOW_CTX_DAG_OWNER='airflow' AIRFLOW_CTX_DAG_ID='train_predict_to_db' AIRFLOW_CTX_TASK_ID='fetch_training_data' AIRFLOW_CTX_EXECUTION_DATE='2025-08-03T10:56:00+00:00' AIRFLOW_CTX_TRY_NUMBER='1' AIRFLOW_CTX_DAG_RUN_ID='scheduled__2025-08-03T10:56:00+00:00'
[2025-08-03T10:57:02.654+0000] {db_utils.py:17} INFO - Connected to PostgreSQL
[2025-08-03T10:57:04.121+0000] {train_predict_to_db_dag.py:29} INFO - Fetched training data tail:
            id  store  ...  productname                 created_at
100672  156112     54  ...    product_A 2025-08-03 10:56:14.910623
100673  156113     53  ...    product_A 2025-08-03 10:56:24.923914
100674  156114     52  ...    product_A 2025-08-03 10:56:34.953301
100675  156115     51  ...    product_A 2025-08-03 10:56:44.734506
100676  156116     50  ...    product_A 2025-08-03 10:56:54.743317

[5 rows x 12 columns]
[2025-08-03T10:57:04.179+0000] {python.py:194} INFO - Done. Returned value was: {'store': 370, 'start_date': '2025-05-05', 'end_date': '2025-08-03'}
[2025-08-03T10:57:04.224+0000] {taskinstance.py:1400} INFO - Marking task as SUCCESS. dag_id=train_predict_to_db, task_id=fetch_training_data, execution_date=20250803T105600, start_date=20250803T105702, end_date=20250803T105704
[2025-08-03T10:57:04.298+0000] {local_task_job_runner.py:228} INFO - Task exited with return code 0
[2025-08-03T10:57:04.344+0000] {taskinstance.py:2778} INFO - 1 downstream tasks scheduled from follow-on schedule check
