[2025-09-21T11:20:02.481+0000] {logging_mixin.py:151} INFO - Changing /opt/airflow/logs/dag_id=train_predict_to_db/run_id=scheduled__2025-09-21T11:19:00+00:00/task_id=fetch_training_data permission to 509
[2025-09-21T11:20:02.482+0000] {logging_mixin.py:151} INFO - Failed to change /opt/airflow/logs/dag_id=train_predict_to_db/run_id=scheduled__2025-09-21T11:19:00+00:00/task_id=fetch_training_data permission to 509: [Errno 1] Operation not permitted: '/opt/airflow/logs/dag_id=train_predict_to_db/run_id=scheduled__2025-09-21T11:19:00+00:00/task_id=fetch_training_data'
[2025-09-21T11:20:02.594+0000] {logging_mixin.py:151} INFO - Changing /opt/airflow/logs/dag_id=train_predict_to_db/run_id=scheduled__2025-09-21T11:19:00+00:00/task_id=fetch_training_data permission to 509
[2025-09-21T11:20:02.641+0000] {logging_mixin.py:151} INFO - Failed to change /opt/airflow/logs/dag_id=train_predict_to_db/run_id=scheduled__2025-09-21T11:19:00+00:00/task_id=fetch_training_data permission to 509: [Errno 1] Operation not permitted: '/opt/airflow/logs/dag_id=train_predict_to_db/run_id=scheduled__2025-09-21T11:19:00+00:00/task_id=fetch_training_data'
[2025-09-21T11:20:02.737+0000] {taskinstance.py:1159} INFO - Dependencies all met for dep_context=non-requeueable deps ti=<TaskInstance: train_predict_to_db.fetch_training_data scheduled__2025-09-21T11:19:00+00:00 [queued]>
[2025-09-21T11:20:02.753+0000] {taskinstance.py:1159} INFO - Dependencies all met for dep_context=requeueable deps ti=<TaskInstance: train_predict_to_db.fetch_training_data scheduled__2025-09-21T11:19:00+00:00 [queued]>
[2025-09-21T11:20:02.754+0000] {taskinstance.py:1361} INFO - Starting attempt 1 of 2
[2025-09-21T11:20:02.780+0000] {taskinstance.py:1382} INFO - Executing <Task(PythonOperator): fetch_training_data> on 2025-09-21 11:19:00+00:00
[2025-09-21T11:20:02.797+0000] {standard_task_runner.py:57} INFO - Started process 659 to run task
[2025-09-21T11:20:02.807+0000] {standard_task_runner.py:84} INFO - Running: ['airflow', 'tasks', 'run', 'train_predict_to_db', 'fetch_training_data', 'scheduled__2025-09-21T11:19:00+00:00', '--job-id', '47', '--raw', '--subdir', 'DAGS_FOLDER/train_predict_to_db_dag.py', '--cfg-path', '/tmp/tmprbpc84i8']
[2025-09-21T11:20:02.814+0000] {standard_task_runner.py:85} INFO - Job 47: Subtask fetch_training_data
[2025-09-21T11:20:02.933+0000] {logging_mixin.py:151} INFO - Changing /opt/airflow/logs/dag_id=train_predict_to_db/run_id=scheduled__2025-09-21T11:19:00+00:00/task_id=fetch_training_data permission to 509
[2025-09-21T11:20:02.934+0000] {logging_mixin.py:151} INFO - Failed to change /opt/airflow/logs/dag_id=train_predict_to_db/run_id=scheduled__2025-09-21T11:19:00+00:00/task_id=fetch_training_data permission to 509: [Errno 1] Operation not permitted: '/opt/airflow/logs/dag_id=train_predict_to_db/run_id=scheduled__2025-09-21T11:19:00+00:00/task_id=fetch_training_data'
[2025-09-21T11:20:02.938+0000] {task_command.py:416} INFO - Running <TaskInstance: train_predict_to_db.fetch_training_data scheduled__2025-09-21T11:19:00+00:00 [running]> on host 36da5371e73d
[2025-09-21T11:20:03.123+0000] {taskinstance.py:1662} INFO - Exporting env vars: AIRFLOW_CTX_DAG_OWNER='airflow' AIRFLOW_CTX_DAG_ID='train_predict_to_db' AIRFLOW_CTX_TASK_ID='fetch_training_data' AIRFLOW_CTX_EXECUTION_DATE='2025-09-21T11:19:00+00:00' AIRFLOW_CTX_TRY_NUMBER='1' AIRFLOW_CTX_DAG_RUN_ID='scheduled__2025-09-21T11:19:00+00:00'
[2025-09-21T11:20:03.141+0000] {db_utils.py:17} INFO - Connected to PostgreSQL
[2025-09-21T11:20:04.943+0000] {train_predict_to_db_dag.py:29} INFO - Fetched training data tail:
            id  store  ...  productname                 created_at
100554  155994     77  ...    product_A 2025-09-21 11:18:16.078203
100555  155995     76  ...    product_A 2025-09-21 11:18:26.123748
100556  155996     75  ...    product_A 2025-09-21 11:18:36.094021
100557  155997     74  ...    product_A 2025-09-21 11:18:46.999195
100558  155998     73  ...    product_A 2025-09-21 11:18:57.095432

[5 rows x 12 columns]
[2025-09-21T11:20:05.014+0000] {python.py:194} INFO - Done. Returned value was: {'store': 370, 'start_date': '2025-06-23', 'end_date': '2025-09-21'}
[2025-09-21T11:20:05.083+0000] {taskinstance.py:1400} INFO - Marking task as SUCCESS. dag_id=train_predict_to_db, task_id=fetch_training_data, execution_date=20250921T111900, start_date=20250921T112002, end_date=20250921T112005
[2025-09-21T11:20:05.189+0000] {local_task_job_runner.py:228} INFO - Task exited with return code 0
[2025-09-21T11:20:05.228+0000] {taskinstance.py:2778} INFO - 1 downstream tasks scheduled from follow-on schedule check
