[2025-08-03T10:38:01.699+0000] {logging_mixin.py:151} INFO - Changing /opt/airflow/logs/dag_id=train_predict_to_db/run_id=scheduled__2025-08-03T10:37:00+00:00/task_id=fetch_training_data permission to 509
[2025-08-03T10:38:01.700+0000] {logging_mixin.py:151} INFO - Failed to change /opt/airflow/logs/dag_id=train_predict_to_db/run_id=scheduled__2025-08-03T10:37:00+00:00/task_id=fetch_training_data permission to 509: [Errno 1] Operation not permitted: '/opt/airflow/logs/dag_id=train_predict_to_db/run_id=scheduled__2025-08-03T10:37:00+00:00/task_id=fetch_training_data'
[2025-08-03T10:38:01.743+0000] {logging_mixin.py:151} INFO - Changing /opt/airflow/logs/dag_id=train_predict_to_db/run_id=scheduled__2025-08-03T10:37:00+00:00/task_id=fetch_training_data permission to 509
[2025-08-03T10:38:01.745+0000] {logging_mixin.py:151} INFO - Failed to change /opt/airflow/logs/dag_id=train_predict_to_db/run_id=scheduled__2025-08-03T10:37:00+00:00/task_id=fetch_training_data permission to 509: [Errno 1] Operation not permitted: '/opt/airflow/logs/dag_id=train_predict_to_db/run_id=scheduled__2025-08-03T10:37:00+00:00/task_id=fetch_training_data'
[2025-08-03T10:38:01.787+0000] {taskinstance.py:1159} INFO - Dependencies all met for dep_context=non-requeueable deps ti=<TaskInstance: train_predict_to_db.fetch_training_data scheduled__2025-08-03T10:37:00+00:00 [queued]>
[2025-08-03T10:38:01.799+0000] {taskinstance.py:1159} INFO - Dependencies all met for dep_context=requeueable deps ti=<TaskInstance: train_predict_to_db.fetch_training_data scheduled__2025-08-03T10:37:00+00:00 [queued]>
[2025-08-03T10:38:01.799+0000] {taskinstance.py:1361} INFO - Starting attempt 1 of 2
[2025-08-03T10:38:01.819+0000] {taskinstance.py:1382} INFO - Executing <Task(PythonOperator): fetch_training_data> on 2025-08-03 10:37:00+00:00
[2025-08-03T10:38:01.829+0000] {standard_task_runner.py:57} INFO - Started process 551 to run task
[2025-08-03T10:38:01.833+0000] {standard_task_runner.py:84} INFO - Running: ['airflow', 'tasks', 'run', 'train_predict_to_db', 'fetch_training_data', 'scheduled__2025-08-03T10:37:00+00:00', '--job-id', '41', '--raw', '--subdir', 'DAGS_FOLDER/train_predict_to_db_dag.py', '--cfg-path', '/tmp/tmp_zqi80jm']
[2025-08-03T10:38:01.838+0000] {standard_task_runner.py:85} INFO - Job 41: Subtask fetch_training_data
[2025-08-03T10:38:01.908+0000] {logging_mixin.py:151} INFO - Changing /opt/airflow/logs/dag_id=train_predict_to_db/run_id=scheduled__2025-08-03T10:37:00+00:00/task_id=fetch_training_data permission to 509
[2025-08-03T10:38:01.909+0000] {logging_mixin.py:151} INFO - Failed to change /opt/airflow/logs/dag_id=train_predict_to_db/run_id=scheduled__2025-08-03T10:37:00+00:00/task_id=fetch_training_data permission to 509: [Errno 1] Operation not permitted: '/opt/airflow/logs/dag_id=train_predict_to_db/run_id=scheduled__2025-08-03T10:37:00+00:00/task_id=fetch_training_data'
[2025-08-03T10:38:01.912+0000] {task_command.py:416} INFO - Running <TaskInstance: train_predict_to_db.fetch_training_data scheduled__2025-08-03T10:37:00+00:00 [running]> on host 407839faddcf
[2025-08-03T10:38:02.034+0000] {taskinstance.py:1662} INFO - Exporting env vars: AIRFLOW_CTX_DAG_OWNER='airflow' AIRFLOW_CTX_DAG_ID='train_predict_to_db' AIRFLOW_CTX_TASK_ID='fetch_training_data' AIRFLOW_CTX_EXECUTION_DATE='2025-08-03T10:37:00+00:00' AIRFLOW_CTX_TRY_NUMBER='1' AIRFLOW_CTX_DAG_RUN_ID='scheduled__2025-08-03T10:37:00+00:00'
[2025-08-03T10:38:02.047+0000] {db_utils.py:17} INFO - Connected to PostgreSQL
[2025-08-03T10:38:03.101+0000] {train_predict_to_db_dag.py:29} INFO - Fetched training data tail:
            id  store  ...  productname                 created_at
100558  155998     98  ...    product_A 2025-08-03 10:37:20.971682
100559  155999     97  ...    product_A 2025-08-03 10:37:30.762418
100560  156000     96  ...    product_A 2025-08-03 10:37:40.776441
100561  156001     95  ...    product_A 2025-08-03 10:37:50.792972
100562  156002     94  ...    product_A 2025-08-03 10:38:00.616473

[5 rows x 12 columns]
[2025-08-03T10:38:03.138+0000] {python.py:194} INFO - Done. Returned value was: {'store': 370, 'start_date': '2025-05-05', 'end_date': '2025-08-03'}
[2025-08-03T10:38:03.175+0000] {taskinstance.py:1400} INFO - Marking task as SUCCESS. dag_id=train_predict_to_db, task_id=fetch_training_data, execution_date=20250803T103700, start_date=20250803T103801, end_date=20250803T103803
[2025-08-03T10:38:03.256+0000] {local_task_job_runner.py:228} INFO - Task exited with return code 0
[2025-08-03T10:38:03.291+0000] {taskinstance.py:2778} INFO - 1 downstream tasks scheduled from follow-on schedule check
