[2025-08-03T10:30:02.315+0000] {logging_mixin.py:151} INFO - Changing /opt/airflow/logs/dag_id=train_predict_to_db/run_id=scheduled__2025-08-03T10:29:00+00:00/task_id=fetch_training_data permission to 509
[2025-08-03T10:30:02.316+0000] {logging_mixin.py:151} INFO - Failed to change /opt/airflow/logs/dag_id=train_predict_to_db/run_id=scheduled__2025-08-03T10:29:00+00:00/task_id=fetch_training_data permission to 509: [Errno 1] Operation not permitted: '/opt/airflow/logs/dag_id=train_predict_to_db/run_id=scheduled__2025-08-03T10:29:00+00:00/task_id=fetch_training_data'
[2025-08-03T10:30:02.361+0000] {logging_mixin.py:151} INFO - Changing /opt/airflow/logs/dag_id=train_predict_to_db/run_id=scheduled__2025-08-03T10:29:00+00:00/task_id=fetch_training_data permission to 509
[2025-08-03T10:30:02.362+0000] {logging_mixin.py:151} INFO - Failed to change /opt/airflow/logs/dag_id=train_predict_to_db/run_id=scheduled__2025-08-03T10:29:00+00:00/task_id=fetch_training_data permission to 509: [Errno 1] Operation not permitted: '/opt/airflow/logs/dag_id=train_predict_to_db/run_id=scheduled__2025-08-03T10:29:00+00:00/task_id=fetch_training_data'
[2025-08-03T10:30:02.428+0000] {taskinstance.py:1159} INFO - Dependencies all met for dep_context=non-requeueable deps ti=<TaskInstance: train_predict_to_db.fetch_training_data scheduled__2025-08-03T10:29:00+00:00 [queued]>
[2025-08-03T10:30:02.440+0000] {taskinstance.py:1159} INFO - Dependencies all met for dep_context=requeueable deps ti=<TaskInstance: train_predict_to_db.fetch_training_data scheduled__2025-08-03T10:29:00+00:00 [queued]>
[2025-08-03T10:30:02.441+0000] {taskinstance.py:1361} INFO - Starting attempt 1 of 2
[2025-08-03T10:30:02.463+0000] {taskinstance.py:1382} INFO - Executing <Task(PythonOperator): fetch_training_data> on 2025-08-03 10:29:00+00:00
[2025-08-03T10:30:02.475+0000] {standard_task_runner.py:57} INFO - Started process 308 to run task
[2025-08-03T10:30:02.482+0000] {standard_task_runner.py:84} INFO - Running: ['airflow', 'tasks', 'run', 'train_predict_to_db', 'fetch_training_data', 'scheduled__2025-08-03T10:29:00+00:00', '--job-id', '17', '--raw', '--subdir', 'DAGS_FOLDER/train_predict_to_db_dag.py', '--cfg-path', '/tmp/tmp0eu5yelt']
[2025-08-03T10:30:02.486+0000] {standard_task_runner.py:85} INFO - Job 17: Subtask fetch_training_data
[2025-08-03T10:30:02.582+0000] {logging_mixin.py:151} INFO - Changing /opt/airflow/logs/dag_id=train_predict_to_db/run_id=scheduled__2025-08-03T10:29:00+00:00/task_id=fetch_training_data permission to 509
[2025-08-03T10:30:02.583+0000] {logging_mixin.py:151} INFO - Failed to change /opt/airflow/logs/dag_id=train_predict_to_db/run_id=scheduled__2025-08-03T10:29:00+00:00/task_id=fetch_training_data permission to 509: [Errno 1] Operation not permitted: '/opt/airflow/logs/dag_id=train_predict_to_db/run_id=scheduled__2025-08-03T10:29:00+00:00/task_id=fetch_training_data'
[2025-08-03T10:30:02.586+0000] {task_command.py:416} INFO - Running <TaskInstance: train_predict_to_db.fetch_training_data scheduled__2025-08-03T10:29:00+00:00 [running]> on host 407839faddcf
[2025-08-03T10:30:02.732+0000] {taskinstance.py:1662} INFO - Exporting env vars: AIRFLOW_CTX_DAG_OWNER='airflow' AIRFLOW_CTX_DAG_ID='train_predict_to_db' AIRFLOW_CTX_TASK_ID='fetch_training_data' AIRFLOW_CTX_EXECUTION_DATE='2025-08-03T10:29:00+00:00' AIRFLOW_CTX_TRY_NUMBER='1' AIRFLOW_CTX_DAG_RUN_ID='scheduled__2025-08-03T10:29:00+00:00'
[2025-08-03T10:30:02.749+0000] {db_utils.py:17} INFO - Connected to PostgreSQL
[2025-08-03T10:30:03.977+0000] {train_predict_to_db_dag.py:29} INFO - Fetched training data tail:
            id  store  ...  productname                 created_at
100509  155949    450  ...    product_A 2025-08-03 10:29:13.980444
100510  155950    425  ...    product_A 2025-08-03 10:29:23.986184
100511  155951    427  ...    product_A 2025-08-03 10:29:33.843650
100512  155952    428  ...    product_A 2025-08-03 10:29:43.859568
100513  155953    429  ...    product_A 2025-08-03 10:29:53.880568

[5 rows x 12 columns]
[2025-08-03T10:30:04.043+0000] {python.py:194} INFO - Done. Returned value was: {'store': 370, 'start_date': '2025-05-05', 'end_date': '2025-08-03'}
[2025-08-03T10:30:04.078+0000] {taskinstance.py:1400} INFO - Marking task as SUCCESS. dag_id=train_predict_to_db, task_id=fetch_training_data, execution_date=20250803T102900, start_date=20250803T103002, end_date=20250803T103004
[2025-08-03T10:30:04.167+0000] {local_task_job_runner.py:228} INFO - Task exited with return code 0
[2025-08-03T10:30:04.218+0000] {taskinstance.py:2778} INFO - 0 downstream tasks scheduled from follow-on schedule check
