[2025-08-03T10:33:02.035+0000] {logging_mixin.py:151} INFO - Changing /opt/airflow/logs/dag_id=train_predict_to_db/run_id=scheduled__2025-08-03T10:32:00+00:00/task_id=fetch_training_data permission to 509
[2025-08-03T10:33:02.036+0000] {logging_mixin.py:151} INFO - Failed to change /opt/airflow/logs/dag_id=train_predict_to_db/run_id=scheduled__2025-08-03T10:32:00+00:00/task_id=fetch_training_data permission to 509: [Errno 1] Operation not permitted: '/opt/airflow/logs/dag_id=train_predict_to_db/run_id=scheduled__2025-08-03T10:32:00+00:00/task_id=fetch_training_data'
[2025-08-03T10:33:02.092+0000] {logging_mixin.py:151} INFO - Changing /opt/airflow/logs/dag_id=train_predict_to_db/run_id=scheduled__2025-08-03T10:32:00+00:00/task_id=fetch_training_data permission to 509
[2025-08-03T10:33:02.200+0000] {logging_mixin.py:151} INFO - Failed to change /opt/airflow/logs/dag_id=train_predict_to_db/run_id=scheduled__2025-08-03T10:32:00+00:00/task_id=fetch_training_data permission to 509: [Errno 1] Operation not permitted: '/opt/airflow/logs/dag_id=train_predict_to_db/run_id=scheduled__2025-08-03T10:32:00+00:00/task_id=fetch_training_data'
[2025-08-03T10:33:02.263+0000] {taskinstance.py:1159} INFO - Dependencies all met for dep_context=non-requeueable deps ti=<TaskInstance: train_predict_to_db.fetch_training_data scheduled__2025-08-03T10:32:00+00:00 [queued]>
[2025-08-03T10:33:02.275+0000] {taskinstance.py:1159} INFO - Dependencies all met for dep_context=requeueable deps ti=<TaskInstance: train_predict_to_db.fetch_training_data scheduled__2025-08-03T10:32:00+00:00 [queued]>
[2025-08-03T10:33:02.276+0000] {taskinstance.py:1361} INFO - Starting attempt 1 of 2
[2025-08-03T10:33:02.297+0000] {taskinstance.py:1382} INFO - Executing <Task(PythonOperator): fetch_training_data> on 2025-08-03 10:32:00+00:00
[2025-08-03T10:33:02.308+0000] {standard_task_runner.py:57} INFO - Started process 401 to run task
[2025-08-03T10:33:02.312+0000] {standard_task_runner.py:84} INFO - Running: ['airflow', 'tasks', 'run', 'train_predict_to_db', 'fetch_training_data', 'scheduled__2025-08-03T10:32:00+00:00', '--job-id', '26', '--raw', '--subdir', 'DAGS_FOLDER/train_predict_to_db_dag.py', '--cfg-path', '/tmp/tmp9xwmxvz2']
[2025-08-03T10:33:02.316+0000] {standard_task_runner.py:85} INFO - Job 26: Subtask fetch_training_data
[2025-08-03T10:33:02.389+0000] {logging_mixin.py:151} INFO - Changing /opt/airflow/logs/dag_id=train_predict_to_db/run_id=scheduled__2025-08-03T10:32:00+00:00/task_id=fetch_training_data permission to 509
[2025-08-03T10:33:02.390+0000] {logging_mixin.py:151} INFO - Failed to change /opt/airflow/logs/dag_id=train_predict_to_db/run_id=scheduled__2025-08-03T10:32:00+00:00/task_id=fetch_training_data permission to 509: [Errno 1] Operation not permitted: '/opt/airflow/logs/dag_id=train_predict_to_db/run_id=scheduled__2025-08-03T10:32:00+00:00/task_id=fetch_training_data'
[2025-08-03T10:33:02.393+0000] {task_command.py:416} INFO - Running <TaskInstance: train_predict_to_db.fetch_training_data scheduled__2025-08-03T10:32:00+00:00 [running]> on host 407839faddcf
[2025-08-03T10:33:02.517+0000] {taskinstance.py:1662} INFO - Exporting env vars: AIRFLOW_CTX_DAG_OWNER='airflow' AIRFLOW_CTX_DAG_ID='train_predict_to_db' AIRFLOW_CTX_TASK_ID='fetch_training_data' AIRFLOW_CTX_EXECUTION_DATE='2025-08-03T10:32:00+00:00' AIRFLOW_CTX_TRY_NUMBER='1' AIRFLOW_CTX_DAG_RUN_ID='scheduled__2025-08-03T10:32:00+00:00'
[2025-08-03T10:33:02.533+0000] {db_utils.py:17} INFO - Connected to PostgreSQL
[2025-08-03T10:33:03.468+0000] {train_predict_to_db_dag.py:29} INFO - Fetched training data tail:
            id  store  ...  productname                 created_at
100528  155968    477  ...    product_A 2025-08-03 10:32:22.621948
100529  155969    476  ...    product_A 2025-08-03 10:32:32.423237
100530  155970    475  ...    product_A 2025-08-03 10:32:42.434366
100531  155971    474  ...    product_A 2025-08-03 10:32:52.449979
100532  155972    473  ...    product_A 2025-08-03 10:33:02.246447

[5 rows x 12 columns]
[2025-08-03T10:33:03.519+0000] {python.py:194} INFO - Done. Returned value was: {'store': 370, 'start_date': '2025-05-05', 'end_date': '2025-08-03'}
[2025-08-03T10:33:03.550+0000] {taskinstance.py:1400} INFO - Marking task as SUCCESS. dag_id=train_predict_to_db, task_id=fetch_training_data, execution_date=20250803T103200, start_date=20250803T103302, end_date=20250803T103303
[2025-08-03T10:33:03.612+0000] {local_task_job_runner.py:228} INFO - Task exited with return code 0
[2025-08-03T10:33:03.658+0000] {taskinstance.py:2778} INFO - 1 downstream tasks scheduled from follow-on schedule check
