[2025-08-03T10:50:01.632+0000] {logging_mixin.py:151} INFO - Changing /opt/airflow/logs/dag_id=train_predict_to_db/run_id=scheduled__2025-08-03T10:49:00+00:00/task_id=fetch_training_data permission to 509
[2025-08-03T10:50:01.632+0000] {logging_mixin.py:151} INFO - Failed to change /opt/airflow/logs/dag_id=train_predict_to_db/run_id=scheduled__2025-08-03T10:49:00+00:00/task_id=fetch_training_data permission to 509: [Errno 1] Operation not permitted: '/opt/airflow/logs/dag_id=train_predict_to_db/run_id=scheduled__2025-08-03T10:49:00+00:00/task_id=fetch_training_data'
[2025-08-03T10:50:01.668+0000] {logging_mixin.py:151} INFO - Changing /opt/airflow/logs/dag_id=train_predict_to_db/run_id=scheduled__2025-08-03T10:49:00+00:00/task_id=fetch_training_data permission to 509
[2025-08-03T10:50:01.670+0000] {logging_mixin.py:151} INFO - Failed to change /opt/airflow/logs/dag_id=train_predict_to_db/run_id=scheduled__2025-08-03T10:49:00+00:00/task_id=fetch_training_data permission to 509: [Errno 1] Operation not permitted: '/opt/airflow/logs/dag_id=train_predict_to_db/run_id=scheduled__2025-08-03T10:49:00+00:00/task_id=fetch_training_data'
[2025-08-03T10:50:01.708+0000] {taskinstance.py:1159} INFO - Dependencies all met for dep_context=non-requeueable deps ti=<TaskInstance: train_predict_to_db.fetch_training_data scheduled__2025-08-03T10:49:00+00:00 [queued]>
[2025-08-03T10:50:01.718+0000] {taskinstance.py:1159} INFO - Dependencies all met for dep_context=requeueable deps ti=<TaskInstance: train_predict_to_db.fetch_training_data scheduled__2025-08-03T10:49:00+00:00 [queued]>
[2025-08-03T10:50:01.719+0000] {taskinstance.py:1361} INFO - Starting attempt 1 of 2
[2025-08-03T10:50:01.734+0000] {taskinstance.py:1382} INFO - Executing <Task(PythonOperator): fetch_training_data> on 2025-08-03 10:49:00+00:00
[2025-08-03T10:50:01.744+0000] {standard_task_runner.py:57} INFO - Started process 929 to run task
[2025-08-03T10:50:01.749+0000] {standard_task_runner.py:84} INFO - Running: ['airflow', 'tasks', 'run', 'train_predict_to_db', 'fetch_training_data', 'scheduled__2025-08-03T10:49:00+00:00', '--job-id', '81', '--raw', '--subdir', 'DAGS_FOLDER/train_predict_to_db_dag.py', '--cfg-path', '/tmp/tmph6wvewjh']
[2025-08-03T10:50:01.752+0000] {standard_task_runner.py:85} INFO - Job 81: Subtask fetch_training_data
[2025-08-03T10:50:01.818+0000] {logging_mixin.py:151} INFO - Changing /opt/airflow/logs/dag_id=train_predict_to_db/run_id=scheduled__2025-08-03T10:49:00+00:00/task_id=fetch_training_data permission to 509
[2025-08-03T10:50:01.819+0000] {logging_mixin.py:151} INFO - Failed to change /opt/airflow/logs/dag_id=train_predict_to_db/run_id=scheduled__2025-08-03T10:49:00+00:00/task_id=fetch_training_data permission to 509: [Errno 1] Operation not permitted: '/opt/airflow/logs/dag_id=train_predict_to_db/run_id=scheduled__2025-08-03T10:49:00+00:00/task_id=fetch_training_data'
[2025-08-03T10:50:01.821+0000] {task_command.py:416} INFO - Running <TaskInstance: train_predict_to_db.fetch_training_data scheduled__2025-08-03T10:49:00+00:00 [running]> on host 407839faddcf
[2025-08-03T10:50:01.925+0000] {taskinstance.py:1662} INFO - Exporting env vars: AIRFLOW_CTX_DAG_OWNER='airflow' AIRFLOW_CTX_DAG_ID='train_predict_to_db' AIRFLOW_CTX_TASK_ID='fetch_training_data' AIRFLOW_CTX_EXECUTION_DATE='2025-08-03T10:49:00+00:00' AIRFLOW_CTX_TRY_NUMBER='1' AIRFLOW_CTX_DAG_RUN_ID='scheduled__2025-08-03T10:49:00+00:00'
[2025-08-03T10:50:01.937+0000] {db_utils.py:17} INFO - Connected to PostgreSQL
[2025-08-03T10:50:02.874+0000] {train_predict_to_db_dag.py:29} INFO - Fetched training data tail:
            id  store  ...  productname                 created_at
100630  156070     26  ...    product_A 2025-08-03 10:49:17.027550
100631  156071     25  ...    product_A 2025-08-03 10:49:27.041850
100632  156072     24  ...    product_A 2025-08-03 10:49:37.056211
100633  156073     23  ...    product_A 2025-08-03 10:49:46.890179
100634  156074     22  ...    product_A 2025-08-03 10:49:56.904869

[5 rows x 12 columns]
[2025-08-03T10:50:02.904+0000] {python.py:194} INFO - Done. Returned value was: {'store': 370, 'start_date': '2025-05-05', 'end_date': '2025-08-03'}
[2025-08-03T10:50:02.937+0000] {taskinstance.py:1400} INFO - Marking task as SUCCESS. dag_id=train_predict_to_db, task_id=fetch_training_data, execution_date=20250803T104900, start_date=20250803T105001, end_date=20250803T105002
[2025-08-03T10:50:03.012+0000] {local_task_job_runner.py:228} INFO - Task exited with return code 0
[2025-08-03T10:50:03.044+0000] {taskinstance.py:2778} INFO - 1 downstream tasks scheduled from follow-on schedule check
