[2025-08-03T10:32:01.508+0000] {logging_mixin.py:151} INFO - Changing /opt/airflow/logs/dag_id=train_predict_to_db/run_id=scheduled__2025-08-03T10:31:00+00:00/task_id=fetch_training_data permission to 509
[2025-08-03T10:32:01.509+0000] {logging_mixin.py:151} INFO - Failed to change /opt/airflow/logs/dag_id=train_predict_to_db/run_id=scheduled__2025-08-03T10:31:00+00:00/task_id=fetch_training_data permission to 509: [Errno 1] Operation not permitted: '/opt/airflow/logs/dag_id=train_predict_to_db/run_id=scheduled__2025-08-03T10:31:00+00:00/task_id=fetch_training_data'
[2025-08-03T10:32:01.551+0000] {logging_mixin.py:151} INFO - Changing /opt/airflow/logs/dag_id=train_predict_to_db/run_id=scheduled__2025-08-03T10:31:00+00:00/task_id=fetch_training_data permission to 509
[2025-08-03T10:32:01.553+0000] {logging_mixin.py:151} INFO - Failed to change /opt/airflow/logs/dag_id=train_predict_to_db/run_id=scheduled__2025-08-03T10:31:00+00:00/task_id=fetch_training_data permission to 509: [Errno 1] Operation not permitted: '/opt/airflow/logs/dag_id=train_predict_to_db/run_id=scheduled__2025-08-03T10:31:00+00:00/task_id=fetch_training_data'
[2025-08-03T10:32:01.616+0000] {taskinstance.py:1159} INFO - Dependencies all met for dep_context=non-requeueable deps ti=<TaskInstance: train_predict_to_db.fetch_training_data scheduled__2025-08-03T10:31:00+00:00 [queued]>
[2025-08-03T10:32:01.628+0000] {taskinstance.py:1159} INFO - Dependencies all met for dep_context=requeueable deps ti=<TaskInstance: train_predict_to_db.fetch_training_data scheduled__2025-08-03T10:31:00+00:00 [queued]>
[2025-08-03T10:32:01.629+0000] {taskinstance.py:1361} INFO - Starting attempt 1 of 2
[2025-08-03T10:32:01.647+0000] {taskinstance.py:1382} INFO - Executing <Task(PythonOperator): fetch_training_data> on 2025-08-03 10:31:00+00:00
[2025-08-03T10:32:01.658+0000] {standard_task_runner.py:57} INFO - Started process 370 to run task
[2025-08-03T10:32:01.662+0000] {standard_task_runner.py:84} INFO - Running: ['airflow', 'tasks', 'run', 'train_predict_to_db', 'fetch_training_data', 'scheduled__2025-08-03T10:31:00+00:00', '--job-id', '23', '--raw', '--subdir', 'DAGS_FOLDER/train_predict_to_db_dag.py', '--cfg-path', '/tmp/tmpfry6hbfa']
[2025-08-03T10:32:01.666+0000] {standard_task_runner.py:85} INFO - Job 23: Subtask fetch_training_data
[2025-08-03T10:32:01.743+0000] {logging_mixin.py:151} INFO - Changing /opt/airflow/logs/dag_id=train_predict_to_db/run_id=scheduled__2025-08-03T10:31:00+00:00/task_id=fetch_training_data permission to 509
[2025-08-03T10:32:01.744+0000] {logging_mixin.py:151} INFO - Failed to change /opt/airflow/logs/dag_id=train_predict_to_db/run_id=scheduled__2025-08-03T10:31:00+00:00/task_id=fetch_training_data permission to 509: [Errno 1] Operation not permitted: '/opt/airflow/logs/dag_id=train_predict_to_db/run_id=scheduled__2025-08-03T10:31:00+00:00/task_id=fetch_training_data'
[2025-08-03T10:32:01.746+0000] {task_command.py:416} INFO - Running <TaskInstance: train_predict_to_db.fetch_training_data scheduled__2025-08-03T10:31:00+00:00 [running]> on host 407839faddcf
[2025-08-03T10:32:01.854+0000] {taskinstance.py:1662} INFO - Exporting env vars: AIRFLOW_CTX_DAG_OWNER='airflow' AIRFLOW_CTX_DAG_ID='train_predict_to_db' AIRFLOW_CTX_TASK_ID='fetch_training_data' AIRFLOW_CTX_EXECUTION_DATE='2025-08-03T10:31:00+00:00' AIRFLOW_CTX_TRY_NUMBER='1' AIRFLOW_CTX_DAG_RUN_ID='scheduled__2025-08-03T10:31:00+00:00'
[2025-08-03T10:32:01.867+0000] {db_utils.py:17} INFO - Connected to PostgreSQL
[2025-08-03T10:32:02.871+0000] {train_predict_to_db_dag.py:29} INFO - Fetched training data tail:
            id  store  ...  productname                 created_at
100521  155961    484  ...    product_A 2025-08-03 10:31:12.955279
100522  155962    483  ...    product_A 2025-08-03 10:31:22.961396
100523  155963    482  ...    product_A 2025-08-03 10:31:32.761396
100524  155964    481  ...    product_A 2025-08-03 10:31:42.775539
100525  155965    480  ...    product_A 2025-08-03 10:31:52.783794

[5 rows x 12 columns]
[2025-08-03T10:32:02.922+0000] {python.py:194} INFO - Done. Returned value was: {'store': 370, 'start_date': '2025-05-05', 'end_date': '2025-08-03'}
[2025-08-03T10:32:02.956+0000] {taskinstance.py:1400} INFO - Marking task as SUCCESS. dag_id=train_predict_to_db, task_id=fetch_training_data, execution_date=20250803T103100, start_date=20250803T103201, end_date=20250803T103202
[2025-08-03T10:32:03.043+0000] {local_task_job_runner.py:228} INFO - Task exited with return code 0
[2025-08-03T10:32:03.079+0000] {taskinstance.py:2778} INFO - 1 downstream tasks scheduled from follow-on schedule check
