[2025-08-03T10:53:01.494+0000] {logging_mixin.py:151} INFO - Changing /opt/airflow/logs/dag_id=train_predict_to_db/run_id=scheduled__2025-08-03T10:52:00+00:00/task_id=fetch_training_data permission to 509
[2025-08-03T10:53:01.495+0000] {logging_mixin.py:151} INFO - Failed to change /opt/airflow/logs/dag_id=train_predict_to_db/run_id=scheduled__2025-08-03T10:52:00+00:00/task_id=fetch_training_data permission to 509: [Errno 1] Operation not permitted: '/opt/airflow/logs/dag_id=train_predict_to_db/run_id=scheduled__2025-08-03T10:52:00+00:00/task_id=fetch_training_data'
[2025-08-03T10:53:01.533+0000] {logging_mixin.py:151} INFO - Changing /opt/airflow/logs/dag_id=train_predict_to_db/run_id=scheduled__2025-08-03T10:52:00+00:00/task_id=fetch_training_data permission to 509
[2025-08-03T10:53:01.534+0000] {logging_mixin.py:151} INFO - Failed to change /opt/airflow/logs/dag_id=train_predict_to_db/run_id=scheduled__2025-08-03T10:52:00+00:00/task_id=fetch_training_data permission to 509: [Errno 1] Operation not permitted: '/opt/airflow/logs/dag_id=train_predict_to_db/run_id=scheduled__2025-08-03T10:52:00+00:00/task_id=fetch_training_data'
[2025-08-03T10:53:01.573+0000] {taskinstance.py:1159} INFO - Dependencies all met for dep_context=non-requeueable deps ti=<TaskInstance: train_predict_to_db.fetch_training_data scheduled__2025-08-03T10:52:00+00:00 [queued]>
[2025-08-03T10:53:01.584+0000] {taskinstance.py:1159} INFO - Dependencies all met for dep_context=requeueable deps ti=<TaskInstance: train_predict_to_db.fetch_training_data scheduled__2025-08-03T10:52:00+00:00 [queued]>
[2025-08-03T10:53:01.585+0000] {taskinstance.py:1361} INFO - Starting attempt 1 of 2
[2025-08-03T10:53:01.601+0000] {taskinstance.py:1382} INFO - Executing <Task(PythonOperator): fetch_training_data> on 2025-08-03 10:52:00+00:00
[2025-08-03T10:53:01.611+0000] {standard_task_runner.py:57} INFO - Started process 1022 to run task
[2025-08-03T10:53:01.616+0000] {standard_task_runner.py:84} INFO - Running: ['airflow', 'tasks', 'run', 'train_predict_to_db', 'fetch_training_data', 'scheduled__2025-08-03T10:52:00+00:00', '--job-id', '90', '--raw', '--subdir', 'DAGS_FOLDER/train_predict_to_db_dag.py', '--cfg-path', '/tmp/tmp_b7r0cw9']
[2025-08-03T10:53:01.619+0000] {standard_task_runner.py:85} INFO - Job 90: Subtask fetch_training_data
[2025-08-03T10:53:01.689+0000] {logging_mixin.py:151} INFO - Changing /opt/airflow/logs/dag_id=train_predict_to_db/run_id=scheduled__2025-08-03T10:52:00+00:00/task_id=fetch_training_data permission to 509
[2025-08-03T10:53:01.690+0000] {logging_mixin.py:151} INFO - Failed to change /opt/airflow/logs/dag_id=train_predict_to_db/run_id=scheduled__2025-08-03T10:52:00+00:00/task_id=fetch_training_data permission to 509: [Errno 1] Operation not permitted: '/opt/airflow/logs/dag_id=train_predict_to_db/run_id=scheduled__2025-08-03T10:52:00+00:00/task_id=fetch_training_data'
[2025-08-03T10:53:01.692+0000] {task_command.py:416} INFO - Running <TaskInstance: train_predict_to_db.fetch_training_data scheduled__2025-08-03T10:52:00+00:00 [running]> on host 407839faddcf
[2025-08-03T10:53:01.795+0000] {taskinstance.py:1662} INFO - Exporting env vars: AIRFLOW_CTX_DAG_OWNER='airflow' AIRFLOW_CTX_DAG_ID='train_predict_to_db' AIRFLOW_CTX_TASK_ID='fetch_training_data' AIRFLOW_CTX_EXECUTION_DATE='2025-08-03T10:52:00+00:00' AIRFLOW_CTX_TRY_NUMBER='1' AIRFLOW_CTX_DAG_RUN_ID='scheduled__2025-08-03T10:52:00+00:00'
[2025-08-03T10:53:01.807+0000] {db_utils.py:17} INFO - Connected to PostgreSQL
[2025-08-03T10:53:02.923+0000] {train_predict_to_db_dag.py:29} INFO - Fetched training data tail:
            id  store  ...  productname                 created_at
100648  156088     32  ...    product_A 2025-08-03 10:52:16.098786
100649  156089      7  ...    product_A 2025-08-03 10:52:26.112191
100650  156090      9  ...    product_A 2025-08-03 10:52:36.126251
100651  156091     10  ...    product_A 2025-08-03 10:52:45.940705
100652  156092     11  ...    product_A 2025-08-03 10:52:55.954653

[5 rows x 12 columns]
[2025-08-03T10:53:02.955+0000] {python.py:194} INFO - Done. Returned value was: {'store': 370, 'start_date': '2025-05-05', 'end_date': '2025-08-03'}
[2025-08-03T10:53:03.114+0000] {taskinstance.py:1400} INFO - Marking task as SUCCESS. dag_id=train_predict_to_db, task_id=fetch_training_data, execution_date=20250803T105200, start_date=20250803T105301, end_date=20250803T105303
[2025-08-03T10:53:03.202+0000] {local_task_job_runner.py:228} INFO - Task exited with return code 0
[2025-08-03T10:53:03.234+0000] {taskinstance.py:2778} INFO - 1 downstream tasks scheduled from follow-on schedule check
