[2025-09-21T11:17:02.943+0000] {logging_mixin.py:151} INFO - Changing /opt/airflow/logs/dag_id=train_predict_to_db/run_id=scheduled__2025-09-21T11:16:00+00:00/task_id=fetch_training_data permission to 509
[2025-09-21T11:17:02.944+0000] {logging_mixin.py:151} INFO - Failed to change /opt/airflow/logs/dag_id=train_predict_to_db/run_id=scheduled__2025-09-21T11:16:00+00:00/task_id=fetch_training_data permission to 509: [Errno 1] Operation not permitted: '/opt/airflow/logs/dag_id=train_predict_to_db/run_id=scheduled__2025-09-21T11:16:00+00:00/task_id=fetch_training_data'
[2025-09-21T11:17:03.019+0000] {logging_mixin.py:151} INFO - Changing /opt/airflow/logs/dag_id=train_predict_to_db/run_id=scheduled__2025-09-21T11:16:00+00:00/task_id=fetch_training_data permission to 509
[2025-09-21T11:17:03.021+0000] {logging_mixin.py:151} INFO - Failed to change /opt/airflow/logs/dag_id=train_predict_to_db/run_id=scheduled__2025-09-21T11:16:00+00:00/task_id=fetch_training_data permission to 509: [Errno 1] Operation not permitted: '/opt/airflow/logs/dag_id=train_predict_to_db/run_id=scheduled__2025-09-21T11:16:00+00:00/task_id=fetch_training_data'
[2025-09-21T11:17:03.098+0000] {taskinstance.py:1159} INFO - Dependencies all met for dep_context=non-requeueable deps ti=<TaskInstance: train_predict_to_db.fetch_training_data scheduled__2025-09-21T11:16:00+00:00 [queued]>
[2025-09-21T11:17:03.113+0000] {taskinstance.py:1159} INFO - Dependencies all met for dep_context=requeueable deps ti=<TaskInstance: train_predict_to_db.fetch_training_data scheduled__2025-09-21T11:16:00+00:00 [queued]>
[2025-09-21T11:17:03.114+0000] {taskinstance.py:1361} INFO - Starting attempt 1 of 2
[2025-09-21T11:17:03.135+0000] {taskinstance.py:1382} INFO - Executing <Task(PythonOperator): fetch_training_data> on 2025-09-21 11:16:00+00:00
[2025-09-21T11:17:03.148+0000] {standard_task_runner.py:57} INFO - Started process 565 to run task
[2025-09-21T11:17:03.157+0000] {standard_task_runner.py:84} INFO - Running: ['airflow', 'tasks', 'run', 'train_predict_to_db', 'fetch_training_data', 'scheduled__2025-09-21T11:16:00+00:00', '--job-id', '36', '--raw', '--subdir', 'DAGS_FOLDER/train_predict_to_db_dag.py', '--cfg-path', '/tmp/tmpmlfb527m']
[2025-09-21T11:17:03.165+0000] {standard_task_runner.py:85} INFO - Job 36: Subtask fetch_training_data
[2025-09-21T11:17:03.295+0000] {logging_mixin.py:151} INFO - Changing /opt/airflow/logs/dag_id=train_predict_to_db/run_id=scheduled__2025-09-21T11:16:00+00:00/task_id=fetch_training_data permission to 509
[2025-09-21T11:17:03.296+0000] {logging_mixin.py:151} INFO - Failed to change /opt/airflow/logs/dag_id=train_predict_to_db/run_id=scheduled__2025-09-21T11:16:00+00:00/task_id=fetch_training_data permission to 509: [Errno 1] Operation not permitted: '/opt/airflow/logs/dag_id=train_predict_to_db/run_id=scheduled__2025-09-21T11:16:00+00:00/task_id=fetch_training_data'
[2025-09-21T11:17:03.300+0000] {task_command.py:416} INFO - Running <TaskInstance: train_predict_to_db.fetch_training_data scheduled__2025-09-21T11:16:00+00:00 [running]> on host 36da5371e73d
[2025-09-21T11:17:03.591+0000] {taskinstance.py:1662} INFO - Exporting env vars: AIRFLOW_CTX_DAG_OWNER='airflow' AIRFLOW_CTX_DAG_ID='train_predict_to_db' AIRFLOW_CTX_TASK_ID='fetch_training_data' AIRFLOW_CTX_EXECUTION_DATE='2025-09-21T11:16:00+00:00' AIRFLOW_CTX_TRY_NUMBER='1' AIRFLOW_CTX_DAG_RUN_ID='scheduled__2025-09-21T11:16:00+00:00'
[2025-09-21T11:17:03.618+0000] {db_utils.py:17} INFO - Connected to PostgreSQL
[2025-09-21T11:17:06.513+0000] {train_predict_to_db_dag.py:29} INFO - Fetched training data tail:
            id  store  ...  productname                 created_at
100543  155983     88  ...    product_A 2025-09-21 11:16:22.441888
100544  155984     87  ...    product_A 2025-09-21 11:16:32.445433
100545  155985    101  ...    product_A 2025-09-21 11:16:43.283805
100546  155986     86  ...    product_A 2025-09-21 11:16:53.307686
100547  155987     84  ...    product_A 2025-09-21 11:17:03.322032

[5 rows x 12 columns]
[2025-09-21T11:17:06.674+0000] {python.py:194} INFO - Done. Returned value was: {'store': 370, 'start_date': '2025-06-23', 'end_date': '2025-09-21'}
[2025-09-21T11:17:06.837+0000] {taskinstance.py:1400} INFO - Marking task as SUCCESS. dag_id=train_predict_to_db, task_id=fetch_training_data, execution_date=20250921T111600, start_date=20250921T111703, end_date=20250921T111706
[2025-09-21T11:17:07.048+0000] {local_task_job_runner.py:228} INFO - Task exited with return code 0
[2025-09-21T11:17:07.164+0000] {taskinstance.py:2778} INFO - 1 downstream tasks scheduled from follow-on schedule check
