[2025-09-21T12:20:02.590+0000] {logging_mixin.py:151} INFO - Changing /opt/airflow/logs/dag_id=train_predict_to_db/run_id=scheduled__2025-09-21T12:19:00+00:00/task_id=fetch_training_data permission to 509
[2025-09-21T12:20:02.590+0000] {logging_mixin.py:151} INFO - Failed to change /opt/airflow/logs/dag_id=train_predict_to_db/run_id=scheduled__2025-09-21T12:19:00+00:00/task_id=fetch_training_data permission to 509: [Errno 1] Operation not permitted: '/opt/airflow/logs/dag_id=train_predict_to_db/run_id=scheduled__2025-09-21T12:19:00+00:00/task_id=fetch_training_data'
[2025-09-21T12:20:02.635+0000] {logging_mixin.py:151} INFO - Changing /opt/airflow/logs/dag_id=train_predict_to_db/run_id=scheduled__2025-09-21T12:19:00+00:00/task_id=fetch_training_data permission to 509
[2025-09-21T12:20:02.637+0000] {logging_mixin.py:151} INFO - Failed to change /opt/airflow/logs/dag_id=train_predict_to_db/run_id=scheduled__2025-09-21T12:19:00+00:00/task_id=fetch_training_data permission to 509: [Errno 1] Operation not permitted: '/opt/airflow/logs/dag_id=train_predict_to_db/run_id=scheduled__2025-09-21T12:19:00+00:00/task_id=fetch_training_data'
[2025-09-21T12:20:02.691+0000] {taskinstance.py:1159} INFO - Dependencies all met for dep_context=non-requeueable deps ti=<TaskInstance: train_predict_to_db.fetch_training_data scheduled__2025-09-21T12:19:00+00:00 [queued]>
[2025-09-21T12:20:02.703+0000] {taskinstance.py:1159} INFO - Dependencies all met for dep_context=requeueable deps ti=<TaskInstance: train_predict_to_db.fetch_training_data scheduled__2025-09-21T12:19:00+00:00 [queued]>
[2025-09-21T12:20:02.703+0000] {taskinstance.py:1361} INFO - Starting attempt 1 of 2
[2025-09-21T12:20:02.724+0000] {taskinstance.py:1382} INFO - Executing <Task(PythonOperator): fetch_training_data> on 2025-09-21 12:19:00+00:00
[2025-09-21T12:20:02.735+0000] {standard_task_runner.py:57} INFO - Started process 281 to run task
[2025-09-21T12:20:02.743+0000] {standard_task_runner.py:84} INFO - Running: ['airflow', 'tasks', 'run', 'train_predict_to_db', 'fetch_training_data', 'scheduled__2025-09-21T12:19:00+00:00', '--job-id', '208', '--raw', '--subdir', 'DAGS_FOLDER/train_predict_to_db_dag.py', '--cfg-path', '/tmp/tmpkxc6rg5h']
[2025-09-21T12:20:02.752+0000] {standard_task_runner.py:85} INFO - Job 208: Subtask fetch_training_data
[2025-09-21T12:20:02.917+0000] {logging_mixin.py:151} INFO - Changing /opt/airflow/logs/dag_id=train_predict_to_db/run_id=scheduled__2025-09-21T12:19:00+00:00/task_id=fetch_training_data permission to 509
[2025-09-21T12:20:02.918+0000] {logging_mixin.py:151} INFO - Failed to change /opt/airflow/logs/dag_id=train_predict_to_db/run_id=scheduled__2025-09-21T12:19:00+00:00/task_id=fetch_training_data permission to 509: [Errno 1] Operation not permitted: '/opt/airflow/logs/dag_id=train_predict_to_db/run_id=scheduled__2025-09-21T12:19:00+00:00/task_id=fetch_training_data'
[2025-09-21T12:20:02.921+0000] {task_command.py:416} INFO - Running <TaskInstance: train_predict_to_db.fetch_training_data scheduled__2025-09-21T12:19:00+00:00 [running]> on host 1bfed80107dd
[2025-09-21T12:20:03.094+0000] {taskinstance.py:1662} INFO - Exporting env vars: AIRFLOW_CTX_DAG_OWNER='airflow' AIRFLOW_CTX_DAG_ID='train_predict_to_db' AIRFLOW_CTX_TASK_ID='fetch_training_data' AIRFLOW_CTX_EXECUTION_DATE='2025-09-21T12:19:00+00:00' AIRFLOW_CTX_TRY_NUMBER='1' AIRFLOW_CTX_DAG_RUN_ID='scheduled__2025-09-21T12:19:00+00:00'
[2025-09-21T12:20:03.110+0000] {db_utils.py:17} INFO - Connected to PostgreSQL
[2025-09-21T12:20:05.678+0000] {train_predict_to_db_dag.py:29} INFO - Fetched training data tail:
            id  store  ...  productname                 created_at
100364  155804    380  ...    product_A 2025-09-21 12:19:13.675545
100365  155805    365  ...    product_A 2025-09-21 12:19:23.688410
100366  155806    363  ...    product_A 2025-09-21 12:19:34.521589
100367  155807    362  ...    product_A 2025-09-21 12:19:44.527916
100368  155808    361  ...    product_A 2025-09-21 12:19:54.541629

[5 rows x 12 columns]
[2025-09-21T12:20:05.740+0000] {python.py:194} INFO - Done. Returned value was: {'store': 370, 'start_date': '2025-06-23', 'end_date': '2025-09-21'}
[2025-09-21T12:20:05.782+0000] {taskinstance.py:1400} INFO - Marking task as SUCCESS. dag_id=train_predict_to_db, task_id=fetch_training_data, execution_date=20250921T121900, start_date=20250921T122002, end_date=20250921T122005
[2025-09-21T12:20:05.850+0000] {local_task_job_runner.py:228} INFO - Task exited with return code 0
[2025-09-21T12:20:05.879+0000] {taskinstance.py:2778} INFO - 0 downstream tasks scheduled from follow-on schedule check
